#
# There is insufficient memory for the Java Runtime Environment to continue.
# Native memory allocation (mmap) failed to map 402653184 bytes for G1 virtual space
# Possible reasons:
#   The system is out of physical RAM or swap space
#   The process is running with CompressedOops enabled, and the Java Heap may be blocking the growth of the native heap
# Possible solutions:
#   Reduce memory load on the system
#   Increase physical memory or swap space
#   Check if swap backing store is full
#   Decrease Java heap size (-Xmx/-Xms)
#   Decrease number of Java threads
#   Decrease Java thread stack sizes (-Xss)
#   Set larger code cache with -XX:ReservedCodeCacheSize=
#   JVM is running with Zero Based Compressed Oops mode in which the Java heap is
#     placed in the first 32GB address space. The Java Heap base address is the
#     maximum limit for the native heap growth. Please use -XX:HeapBaseMinAddress
#     to set the Java Heap base and to place the Java Heap above 32GB virtual address.
# This output file may be truncated or incomplete.
#
#  Out of Memory Error (os_windows.cpp:3530), pid=1264, tid=15748
#
# JRE version: Java(TM) SE Runtime Environment (18.0.2+9) (build 18.0.2+9-61)
# Java VM: Java HotSpot(TM) 64-Bit Server VM (18.0.2+9-61, mixed mode, sharing, tiered, compressed oops, compressed class ptrs, g1 gc, windows-amd64)
# No core dump will be written. Minidumps are not enabled by default on client versions of Windows
#

---------------  S U M M A R Y ------------

Command Line: org.jetbrains.kotlin.cli.jvm.K2JVMCompiler @D:\xampp\htdocs\CoffeeShop\Client\app\build\20250423_17791023358287630627.compiler.options

Host: 11th Gen Intel(R) Core(TM) i7-1165G7 @ 2.80GHz, 8 cores, 19G,  Windows 11 , 64 bit Build 26100 (10.0.26100.3775)
Time: Wed Apr 23 16:43:10 2025 SE Asia Standard Time elapsed time: 26.244377 seconds (0d 0h 0m 26s)

---------------  T H R E A D  ---------------

Current thread (0x000001ff8f189950):  VMThread "VM Thread" [stack: 0x0000008e58200000,0x0000008e58300000] [id=15748]

Stack: [0x0000008e58200000,0x0000008e58300000]
Native frames: (J=compiled Java code, j=interpreted, Vv=VM code, C=native code)
V  [jvm.dll+0x6993ca]
V  [jvm.dll+0x7f481d]
V  [jvm.dll+0x7f612e]
V  [jvm.dll+0x7f67e3]
V  [jvm.dll+0x25cdaf]
V  [jvm.dll+0x696319]
V  [jvm.dll+0x68ae4a]
V  [jvm.dll+0x3223eb]
V  [jvm.dll+0x329dc6]
V  [jvm.dll+0x37eade]
V  [jvm.dll+0x37ed0f]
V  [jvm.dll+0x2fa16a]
V  [jvm.dll+0x2fa217]
V  [jvm.dll+0x33e752]
V  [jvm.dll+0x33ccf4]
V  [jvm.dll+0x2f9940]
V  [jvm.dll+0x33c2cb]
V  [jvm.dll+0x7fb5cb]
V  [jvm.dll+0x7fc364]
V  [jvm.dll+0x7fc89c]
V  [jvm.dll+0x7fccf4]
V  [jvm.dll+0x7fcdb7]
V  [jvm.dll+0x7a125a]
V  [jvm.dll+0x698275]
C  [ucrtbase.dll+0x37b0]
C  [KERNEL32.DLL+0x2e8d7]
C  [ntdll.dll+0xb14fc]

VM_Operation (0x0000008e57cfbba0): G1CollectForAllocation, mode: safepoint, requested by thread 0x000001ffea555490


---------------  P R O C E S S  ---------------

Threads class SMR info:
_java_thread_list=0x000001ff9859b230, length=14, elements={
0x000001ffea555490, 0x000001ff8f18b1a0, 0x000001ff8f18cb50, 0x000001ff8f19fb40,
0x000001ff8f1a04e0, 0x000001ff8f1a1490, 0x000001ff8f1a1e30, 0x000001ff8f1a6f30,
0x000001ff8f1b3120, 0x000001ff8f1b4d30, 0x000001ff93a0c130, 0x000001ff93a0ca10,
0x000001ff966ee820, 0x000001ff966f24e0
}

Java Threads: ( => current thread )
  0x000001ffea555490 JavaThread "main" [_thread_blocked, id=5052, stack(0x0000008e57c00000,0x0000008e57d00000)]
  0x000001ff8f18b1a0 JavaThread "Reference Handler" daemon [_thread_blocked, id=20872, stack(0x0000008e58300000,0x0000008e58400000)]
  0x000001ff8f18cb50 JavaThread "Finalizer" daemon [_thread_blocked, id=7192, stack(0x0000008e58400000,0x0000008e58500000)]
  0x000001ff8f19fb40 JavaThread "Signal Dispatcher" daemon [_thread_blocked, id=17528, stack(0x0000008e58500000,0x0000008e58600000)]
  0x000001ff8f1a04e0 JavaThread "Attach Listener" daemon [_thread_blocked, id=16444, stack(0x0000008e58600000,0x0000008e58700000)]
  0x000001ff8f1a1490 JavaThread "Service Thread" daemon [_thread_blocked, id=16560, stack(0x0000008e58700000,0x0000008e58800000)]
  0x000001ff8f1a1e30 JavaThread "Monitor Deflation Thread" daemon [_thread_blocked, id=17348, stack(0x0000008e58800000,0x0000008e58900000)]
  0x000001ff8f1a6f30 JavaThread "C2 CompilerThread0" daemon [_thread_blocked, id=8392, stack(0x0000008e58900000,0x0000008e58a00000)]
  0x000001ff8f1b3120 JavaThread "C1 CompilerThread0" daemon [_thread_blocked, id=22084, stack(0x0000008e58a00000,0x0000008e58b00000)]
  0x000001ff8f1b4d30 JavaThread "Sweeper thread" daemon [_thread_blocked, id=19792, stack(0x0000008e58b00000,0x0000008e58c00000)]
  0x000001ff93a0c130 JavaThread "Notification Thread" daemon [_thread_blocked, id=6448, stack(0x0000008e58c00000,0x0000008e58d00000)]
  0x000001ff93a0ca10 JavaThread "Common-Cleaner" daemon [_thread_blocked, id=18180, stack(0x0000008e58e00000,0x0000008e58f00000)]
  0x000001ff966ee820 JavaThread "C2 CompilerThread1" daemon [_thread_blocked, id=19212, stack(0x0000008e58f00000,0x0000008e59000000)]
  0x000001ff966f24e0 JavaThread "C2 CompilerThread2" daemon [_thread_blocked, id=20008, stack(0x0000008e59700000,0x0000008e59800000)]

Other Threads:
=>0x000001ff8f189950 VMThread "VM Thread" [stack: 0x0000008e58200000,0x0000008e58300000] [id=15748]
  0x000001ff93a0c5f0 WatcherThread "VM Periodic Task Thread" [stack: 0x0000008e58d00000,0x0000008e58e00000] [id=3364]
  0x000001ffea5d0f00 WorkerThread "GC Thread#0" [stack: 0x0000008e57d00000,0x0000008e57e00000] [id=6848]
  0x000001ff93dd8e20 WorkerThread "GC Thread#1" [stack: 0x0000008e59000000,0x0000008e59100000] [id=21544]
  0x000001ff93dd2120 WorkerThread "GC Thread#2" [stack: 0x0000008e59100000,0x0000008e59200000] [id=13844]
  0x000001ff93e33e80 WorkerThread "GC Thread#3" [stack: 0x0000008e59200000,0x0000008e59300000] [id=5748]
  0x000001ff93e16890 WorkerThread "GC Thread#4" [stack: 0x0000008e59300000,0x0000008e59400000] [id=22824]
  0x000001ff93e16b30 WorkerThread "GC Thread#5" [stack: 0x0000008e59400000,0x0000008e59500000] [id=22812]
  0x000001ff93e16dd0 WorkerThread "GC Thread#6" [stack: 0x0000008e59500000,0x0000008e59600000] [id=8292]
  0x000001ff941b7150 WorkerThread "GC Thread#7" [stack: 0x0000008e59600000,0x0000008e59700000] [id=14108]
  0x000001ffea5dba10 ConcurrentGCThread "G1 Main Marker" [stack: 0x0000008e57e00000,0x0000008e57f00000] [id=3896]
  0x000001ffea5dce10 WorkerThread "G1 Conc#0" [stack: 0x0000008e57f00000,0x0000008e58000000] [id=9868]
  0x000001ff9478f7d0 WorkerThread "G1 Conc#1" [stack: 0x0000008e59800000,0x0000008e59900000] [id=16288]
  0x000001ffea605480 ConcurrentGCThread "G1 Refine#0" [stack: 0x0000008e58000000,0x0000008e58100000] [id=18136]
  0x000001ff94792aa0 ConcurrentGCThread "G1 Refine#1" [stack: 0x0000008e59900000,0x0000008e59a00000] [id=16708]
  0x000001ff94792230 ConcurrentGCThread "G1 Refine#2" [stack: 0x0000008e59a00000,0x0000008e59b00000] [id=13916]
  0x000001ff94791150 ConcurrentGCThread "G1 Refine#3" [stack: 0x0000008e59b00000,0x0000008e59c00000] [id=6416]
  0x000001ff94791420 ConcurrentGCThread "G1 Refine#4" [stack: 0x0000008e59c00000,0x0000008e59d00000] [id=19632]
  0x000001ff947916f0 ConcurrentGCThread "G1 Refine#5" [stack: 0x0000008e59d00000,0x0000008e59e00000] [id=16572]
  0x000001ff97769f20 ConcurrentGCThread "G1 Refine#6" [stack: 0x0000008e59e00000,0x0000008e59f00000] [id=15404]
  0x000001ffea608b60 ConcurrentGCThread "G1 Service" [stack: 0x0000008e58100000,0x0000008e58200000] [id=22924]

Threads with active compile tasks:
C2 CompilerThread0    26260 26627   !   4       org.jetbrains.kotlin.codegen.optimization.fixStack.FastStackAnalyzer::analyze (647 bytes)
C2 CompilerThread1    26260 26597       4       org.jetbrains.kotlin.backend.jvm.mapping.MethodSignatureMapper::mapSignature (573 bytes)
C2 CompilerThread2    26260 26587   !   4       org.jetbrains.kotlin.codegen.optimization.temporaryVals.FastStoreLoadAnalyzer::analyze (564 bytes)

VM state: at safepoint (normal execution)

VM Mutex/Monitor currently owned by a thread:  ([mutex/lock_event])
[0x000001ffea551c00] Threads_lock - owner thread: 0x000001ff8f189950
[0x000001ffea551930] Heap_lock - owner thread: 0x000001ffea555490

Heap address: 0x00000006c5800000, size: 5032 MB, Compressed Oops mode: Zero based, Oop shift amount: 3

CDS archive(s) mapped at: [0x0000000800000000-0x0000000800ba0000-0x0000000800ba0000), size 12189696, SharedBaseAddress: 0x0000000800000000, ArchiveRelocationMode: 0.
Compressed class space mapped at: 0x0000000800c00000-0x0000000840c00000, reserved size: 1073741824
Narrow klass base: 0x0000000800000000, Narrow klass shift: 0, Narrow klass range: 0x100000000

GC Precious Log:
 CardTable entry size: 512
 Card Set container configuration: InlinePtr #cards 4 size 8 Array Of Cards #cards 32 size 80 Howl #buckets 8 coarsen threshold 7372 Howl Bitmap #cards 1024 size 144 coarsen threshold 921 Card regions per heap region 1 cards per card region 8192
 CPUs: 8 total, 8 available
 Memory: 20122M
 Large Page Support: Disabled
 NUMA Support: Disabled
 Compressed Oops: Enabled (Zero based)
 Heap Region Size: 4M
 Heap Min Capacity: 8M
 Heap Initial Capacity: 316M
 Heap Max Capacity: 5032M
 Pre-touch: Disabled
 Parallel Workers: 8
 Concurrent Workers: 2
 Concurrent Refinement Workers: 8
 Periodic GC: Disabled

Heap:
 garbage-first heap   total 393216K, used 211303K [0x00000006c5800000, 0x0000000800000000)
  region size 4096K, 4 young (16384K), 4 survivors (16384K)
 Metaspace       used 88880K, committed 89792K, reserved 1179648K
  class space    used 9008K, committed 9472K, reserved 1048576K

Heap Regions: E=young(eden), S=young(survivor), O=old, HS=humongous(starts), HC=humongous(continues), CS=collection set, F=free, OA=open archive, CA=closed archive, TAMS=top-at-mark-start (previous, next)
|   0|0x00000006c5800000, 0x00000006c5c00000, 0x00000006c5c00000|100%|HS|  |TAMS 0x00000006c5c00000, 0x00000006c5800000| Complete 
|   1|0x00000006c5c00000, 0x00000006c6000000, 0x00000006c6000000|100%| O|  |TAMS 0x00000006c6000000, 0x00000006c5c00000| Untracked 
|   2|0x00000006c6000000, 0x00000006c6400000, 0x00000006c6400000|100%|HS|  |TAMS 0x00000006c6400000, 0x00000006c6000000| Complete 
|   3|0x00000006c6400000, 0x00000006c6800000, 0x00000006c6800000|100%| O|  |TAMS 0x00000006c6800000, 0x00000006c6400000| Untracked 
|   4|0x00000006c6800000, 0x00000006c6c00000, 0x00000006c6c00000|100%| O|  |TAMS 0x00000006c6c00000, 0x00000006c6800000| Untracked 
|   5|0x00000006c6c00000, 0x00000006c7000000, 0x00000006c7000000|100%| O|  |TAMS 0x00000006c7000000, 0x00000006c6c00000| Untracked 
|   6|0x00000006c7000000, 0x00000006c7400000, 0x00000006c7400000|100%| O|  |TAMS 0x00000006c7400000, 0x00000006c7000000| Untracked 
|   7|0x00000006c7400000, 0x00000006c7800000, 0x00000006c7800000|100%| O|  |TAMS 0x00000006c7800000, 0x00000006c7400000| Untracked 
|   8|0x00000006c7800000, 0x00000006c7c00000, 0x00000006c7c00000|100%| O|  |TAMS 0x00000006c7c00000, 0x00000006c7800000| Untracked 
|   9|0x00000006c7c00000, 0x00000006c8000000, 0x00000006c8000000|100%| O|  |TAMS 0x00000006c8000000, 0x00000006c7c00000| Untracked 
|  10|0x00000006c8000000, 0x00000006c8400000, 0x00000006c8400000|100%| O|  |TAMS 0x00000006c8400000, 0x00000006c8000000| Untracked 
|  11|0x00000006c8400000, 0x00000006c8800000, 0x00000006c8800000|100%| O|  |TAMS 0x00000006c8800000, 0x00000006c8400000| Untracked 
|  12|0x00000006c8800000, 0x00000006c8c00000, 0x00000006c8c00000|100%| O|  |TAMS 0x00000006c8c00000, 0x00000006c8800000| Untracked 
|  13|0x00000006c8c00000, 0x00000006c9000000, 0x00000006c9000000|100%| O|  |TAMS 0x00000006c9000000, 0x00000006c8c00000| Untracked 
|  14|0x00000006c9000000, 0x00000006c9400000, 0x00000006c9400000|100%| O|  |TAMS 0x00000006c9400000, 0x00000006c9000000| Untracked 
|  15|0x00000006c9400000, 0x00000006c9800000, 0x00000006c9800000|100%| O|  |TAMS 0x00000006c9800000, 0x00000006c9400000| Untracked 
|  16|0x00000006c9800000, 0x00000006c9c00000, 0x00000006c9c00000|100%| O|  |TAMS 0x00000006c9c00000, 0x00000006c9800000| Untracked 
|  17|0x00000006c9c00000, 0x00000006ca000000, 0x00000006ca000000|100%| O|  |TAMS 0x00000006c9c00000, 0x00000006c9c00000| Untracked 
|  18|0x00000006ca000000, 0x00000006ca400000, 0x00000006ca400000|100%| O|  |TAMS 0x00000006ca400000, 0x00000006ca000000| Untracked 
|  19|0x00000006ca400000, 0x00000006ca800000, 0x00000006ca800000|100%| O|  |TAMS 0x00000006ca800000, 0x00000006ca400000| Untracked 
|  20|0x00000006ca800000, 0x00000006cac00000, 0x00000006cac00000|100%| O|  |TAMS 0x00000006cac00000, 0x00000006ca800000| Untracked 
|  21|0x00000006cac00000, 0x00000006cb000000, 0x00000006cb000000|100%| O|  |TAMS 0x00000006cac00000, 0x00000006cac00000| Untracked 
|  22|0x00000006cb000000, 0x00000006cb400000, 0x00000006cb400000|100%| O|  |TAMS 0x00000006cb400000, 0x00000006cb000000| Untracked 
|  23|0x00000006cb400000, 0x00000006cb800000, 0x00000006cb800000|100%| O|  |TAMS 0x00000006cb400000, 0x00000006cb400000| Untracked 
|  24|0x00000006cb800000, 0x00000006cbc00000, 0x00000006cbc00000|100%| O|  |TAMS 0x00000006cbc00000, 0x00000006cb800000| Untracked 
|  25|0x00000006cbc00000, 0x00000006cc000000, 0x00000006cc000000|100%| O|  |TAMS 0x00000006cc000000, 0x00000006cbc00000| Untracked 
|  26|0x00000006cc000000, 0x00000006cc400000, 0x00000006cc400000|100%| O|  |TAMS 0x00000006cc400000, 0x00000006cc000000| Untracked 
|  27|0x00000006cc400000, 0x00000006cc800000, 0x00000006cc800000|100%| O|  |TAMS 0x00000006cc400000, 0x00000006cc400000| Untracked 
|  28|0x00000006cc800000, 0x00000006ccc00000, 0x00000006ccc00000|100%| O|  |TAMS 0x00000006ccc00000, 0x00000006cc800000| Untracked 
|  29|0x00000006ccc00000, 0x00000006cd000000, 0x00000006cd000000|100%| O|  |TAMS 0x00000006cd000000, 0x00000006ccc00000| Untracked 
|  30|0x00000006cd000000, 0x00000006cd400000, 0x00000006cd400000|100%| O|  |TAMS 0x00000006cd400000, 0x00000006cd000000| Untracked 
|  31|0x00000006cd400000, 0x00000006cd800000, 0x00000006cd800000|100%| O|  |TAMS 0x00000006cd800000, 0x00000006cd400000| Untracked 
|  32|0x00000006cd800000, 0x00000006cdc00000, 0x00000006cdc00000|100%| O|  |TAMS 0x00000006cdc00000, 0x00000006cd800000| Untracked 
|  33|0x00000006cdc00000, 0x00000006ce000000, 0x00000006ce000000|100%| O|  |TAMS 0x00000006ce000000, 0x00000006cdc00000| Untracked 
|  34|0x00000006ce000000, 0x00000006ce400000, 0x00000006ce400000|100%| O|  |TAMS 0x00000006ce400000, 0x00000006ce000000| Untracked 
|  35|0x00000006ce400000, 0x00000006ce800000, 0x00000006ce800000|100%| O|  |TAMS 0x00000006ce800000, 0x00000006ce400000| Untracked 
|  36|0x00000006ce800000, 0x00000006cec00000, 0x00000006cec00000|100%| O|  |TAMS 0x00000006cec00000, 0x00000006ce800000| Untracked 
|  37|0x00000006cec00000, 0x00000006cf000000, 0x00000006cf000000|100%| O|  |TAMS 0x00000006cf000000, 0x00000006cec00000| Untracked 
|  38|0x00000006cf000000, 0x00000006cf400000, 0x00000006cf400000|100%| O|  |TAMS 0x00000006cf400000, 0x00000006cf000000| Untracked 
|  39|0x00000006cf400000, 0x00000006cf800000, 0x00000006cf800000|100%| O|  |TAMS 0x00000006cf800000, 0x00000006cf400000| Untracked 
|  40|0x00000006cf800000, 0x00000006cfc00000, 0x00000006cfc00000|100%| O|  |TAMS 0x00000006cfc00000, 0x00000006cf800000| Untracked 
|  41|0x00000006cfc00000, 0x00000006d0000000, 0x00000006d0000000|100%| O|  |TAMS 0x00000006d0000000, 0x00000006cfc00000| Untracked 
|  42|0x00000006d0000000, 0x00000006d0400000, 0x00000006d0400000|100%| O|  |TAMS 0x00000006d03e4000, 0x00000006d0000000| Untracked 
|  43|0x00000006d0400000, 0x00000006d0800000, 0x00000006d0800000|100%| O|  |TAMS 0x00000006d0400000, 0x00000006d0400000| Untracked 
|  44|0x00000006d0800000, 0x00000006d0c00000, 0x00000006d0c00000|100%| O|  |TAMS 0x00000006d0800000, 0x00000006d0800000| Untracked 
|  45|0x00000006d0c00000, 0x00000006d1000000, 0x00000006d1000000|100%| O|  |TAMS 0x00000006d0c00000, 0x00000006d0c00000| Untracked 
|  46|0x00000006d1000000, 0x00000006d1400000, 0x00000006d1400000|100%| O|  |TAMS 0x00000006d1000000, 0x00000006d1000000| Untracked 
|  47|0x00000006d1400000, 0x00000006d179ac00, 0x00000006d1800000| 90%| O|  |TAMS 0x00000006d1400000, 0x00000006d1400000| Untracked 
|  48|0x00000006d1800000, 0x00000006d1800000, 0x00000006d1c00000|  0%| F|  |TAMS 0x00000006d1800000, 0x00000006d1800000| Untracked 
|  49|0x00000006d1c00000, 0x00000006d1c00000, 0x00000006d2000000|  0%| F|  |TAMS 0x00000006d1c00000, 0x00000006d1c00000| Untracked 
|  50|0x00000006d2000000, 0x00000006d2000000, 0x00000006d2400000|  0%| F|  |TAMS 0x00000006d2000000, 0x00000006d2000000| Untracked 
|  51|0x00000006d2400000, 0x00000006d2400000, 0x00000006d2800000|  0%| F|  |TAMS 0x00000006d2400000, 0x00000006d2400000| Untracked 
|  52|0x00000006d2800000, 0x00000006d2800000, 0x00000006d2c00000|  0%| F|  |TAMS 0x00000006d2800000, 0x00000006d2800000| Untracked 
|  53|0x00000006d2c00000, 0x00000006d2c00000, 0x00000006d3000000|  0%| F|  |TAMS 0x00000006d2c00000, 0x00000006d2c00000| Untracked 
|  54|0x00000006d3000000, 0x00000006d3000000, 0x00000006d3400000|  0%| F|  |TAMS 0x00000006d3000000, 0x00000006d3000000| Untracked 
|  55|0x00000006d3400000, 0x00000006d3400000, 0x00000006d3800000|  0%| F|  |TAMS 0x00000006d3400000, 0x00000006d3400000| Untracked 
|  56|0x00000006d3800000, 0x00000006d3800000, 0x00000006d3c00000|  0%| F|  |TAMS 0x00000006d3800000, 0x00000006d3800000| Untracked 
|  57|0x00000006d3c00000, 0x00000006d3c00000, 0x00000006d4000000|  0%| F|  |TAMS 0x00000006d3c00000, 0x00000006d3c00000| Untracked 
|  58|0x00000006d4000000, 0x00000006d4000000, 0x00000006d4400000|  0%| F|  |TAMS 0x00000006d4000000, 0x00000006d4000000| Untracked 
|  59|0x00000006d4400000, 0x00000006d4400000, 0x00000006d4800000|  0%| F|  |TAMS 0x00000006d4400000, 0x00000006d4400000| Untracked 
|  60|0x00000006d4800000, 0x00000006d4abf368, 0x00000006d4c00000| 68%| S|CS|TAMS 0x00000006d4800000, 0x00000006d4800000| Complete 
|  61|0x00000006d4c00000, 0x00000006d5000000, 0x00000006d5000000|100%| S|CS|TAMS 0x00000006d4c00000, 0x00000006d4c00000| Complete 
|  62|0x00000006d5000000, 0x00000006d5400000, 0x00000006d5400000|100%| S|CS|TAMS 0x00000006d5000000, 0x00000006d5000000| Complete 
|  63|0x00000006d5400000, 0x00000006d5800000, 0x00000006d5800000|100%| S|CS|TAMS 0x00000006d5400000, 0x00000006d5400000| Complete 
|  64|0x00000006d5800000, 0x00000006d5800000, 0x00000006d5c00000|  0%| F|  |TAMS 0x00000006d5800000, 0x00000006d5800000| Untracked 
|  65|0x00000006d5c00000, 0x00000006d5c00000, 0x00000006d6000000|  0%| F|  |TAMS 0x00000006d5c00000, 0x00000006d5c00000| Untracked 
|  66|0x00000006d6000000, 0x00000006d6000000, 0x00000006d6400000|  0%| F|  |TAMS 0x00000006d6000000, 0x00000006d6000000| Untracked 
|  67|0x00000006d6400000, 0x00000006d6400000, 0x00000006d6800000|  0%| F|  |TAMS 0x00000006d6400000, 0x00000006d6400000| Untracked 
|  68|0x00000006d6800000, 0x00000006d6800000, 0x00000006d6c00000|  0%| F|  |TAMS 0x00000006d6800000, 0x00000006d6800000| Untracked 
|  69|0x00000006d6c00000, 0x00000006d6c00000, 0x00000006d7000000|  0%| F|  |TAMS 0x00000006d6c00000, 0x00000006d6c00000| Untracked 
|  70|0x00000006d7000000, 0x00000006d7000000, 0x00000006d7400000|  0%| F|  |TAMS 0x00000006d7000000, 0x00000006d7000000| Untracked 
|  71|0x00000006d7400000, 0x00000006d7400000, 0x00000006d7800000|  0%| F|  |TAMS 0x00000006d7400000, 0x00000006d7400000| Untracked 
|  72|0x00000006d7800000, 0x00000006d7800000, 0x00000006d7c00000|  0%| F|  |TAMS 0x00000006d7800000, 0x00000006d7800000| Untracked 
|  73|0x00000006d7c00000, 0x00000006d7c00000, 0x00000006d8000000|  0%| F|  |TAMS 0x00000006d7c00000, 0x00000006d7c00000| Untracked 
|  74|0x00000006d8000000, 0x00000006d8000000, 0x00000006d8400000|  0%| F|  |TAMS 0x00000006d8000000, 0x00000006d8000000| Untracked 
|  75|0x00000006d8400000, 0x00000006d8400000, 0x00000006d8800000|  0%| F|  |TAMS 0x00000006d8400000, 0x00000006d8400000| Untracked 
|  76|0x00000006d8800000, 0x00000006d8800000, 0x00000006d8c00000|  0%| F|  |TAMS 0x00000006d8800000, 0x00000006d8800000| Untracked 
|  77|0x00000006d8c00000, 0x00000006d8c00000, 0x00000006d9000000|  0%| F|  |TAMS 0x00000006d8c00000, 0x00000006d8c00000| Untracked 
|  78|0x00000006d9000000, 0x00000006d9000000, 0x00000006d9400000|  0%| F|  |TAMS 0x00000006d9000000, 0x00000006d9000000| Untracked 
|  79|0x00000006d9400000, 0x00000006d9400000, 0x00000006d9800000|  0%| F|  |TAMS 0x00000006d9400000, 0x00000006d9400000| Untracked 
|  80|0x00000006d9800000, 0x00000006d9800000, 0x00000006d9c00000|  0%| F|  |TAMS 0x00000006d9800000, 0x00000006d9800000| Untracked 
|  81|0x00000006d9c00000, 0x00000006d9c00000, 0x00000006da000000|  0%| F|  |TAMS 0x00000006d9c00000, 0x00000006d9c00000| Untracked 
|  82|0x00000006da000000, 0x00000006da000000, 0x00000006da400000|  0%| F|  |TAMS 0x00000006da000000, 0x00000006da000000| Untracked 
|  83|0x00000006da400000, 0x00000006da400000, 0x00000006da800000|  0%| F|  |TAMS 0x00000006da400000, 0x00000006da400000| Untracked 
|  84|0x00000006da800000, 0x00000006da800000, 0x00000006dac00000|  0%| F|  |TAMS 0x00000006da800000, 0x00000006da800000| Untracked 
|  85|0x00000006dac00000, 0x00000006dac00000, 0x00000006db000000|  0%| F|  |TAMS 0x00000006dac00000, 0x00000006dac00000| Untracked 
|  86|0x00000006db000000, 0x00000006db000000, 0x00000006db400000|  0%| F|  |TAMS 0x00000006db000000, 0x00000006db000000| Untracked 
|  87|0x00000006db400000, 0x00000006db400000, 0x00000006db800000|  0%| F|  |TAMS 0x00000006db400000, 0x00000006db400000| Untracked 
|  88|0x00000006db800000, 0x00000006db800000, 0x00000006dbc00000|  0%| F|  |TAMS 0x00000006db800000, 0x00000006db800000| Untracked 
|  89|0x00000006dbc00000, 0x00000006dbc00000, 0x00000006dc000000|  0%| F|  |TAMS 0x00000006dbc00000, 0x00000006dbc00000| Untracked 
|  90|0x00000006dc000000, 0x00000006dc000000, 0x00000006dc400000|  0%| F|  |TAMS 0x00000006dc000000, 0x00000006dc000000| Untracked 
|  91|0x00000006dc400000, 0x00000006dc400000, 0x00000006dc800000|  0%| F|  |TAMS 0x00000006dc400000, 0x00000006dc400000| Untracked 
|  92|0x00000006dc800000, 0x00000006dc800000, 0x00000006dcc00000|  0%| F|  |TAMS 0x00000006dc800000, 0x00000006dc800000| Untracked 
|  93|0x00000006dcc00000, 0x00000006dcc00000, 0x00000006dd000000|  0%| F|  |TAMS 0x00000006dcc00000, 0x00000006dcc00000| Untracked 
|  94|0x00000006dd000000, 0x00000006dd000000, 0x00000006dd400000|  0%| F|  |TAMS 0x00000006dd000000, 0x00000006dd000000| Untracked 
|  95|0x00000006dd400000, 0x00000006dd400000, 0x00000006dd800000|  0%| F|  |TAMS 0x00000006dd400000, 0x00000006dd400000| Untracked 

Card table byte_map: [0x000001fff2ba0000,0x000001fff3580000] _byte_map_base: 0x000001ffef574000

Marking Bits (Prev, Next): (CMBitMap*) 0x000001ffea5d13e0, (CMBitMap*) 0x000001ffea5d13a0
 Prev Bits: [0x000001fff8e00000, 0x000001fffdca0000)
 Next Bits: [0x000001fff3f60000, 0x000001fff8e00000)

Polling page: 0x000001ffe8200000

Metaspace:

Usage:
  Non-class:     78.00 MB used.
      Class:      8.80 MB used.
       Both:     86.80 MB used.

Virtual space:
  Non-class space:      128.00 MB reserved,      78.44 MB ( 61%) committed,  2 nodes.
      Class space:        1.00 GB reserved,       9.25 MB ( <1%) committed,  1 nodes.
             Both:        1.12 GB reserved,      87.69 MB (  8%) committed. 

Chunk freelists:
   Non-Class:  1.14 MB
       Class:  2.77 MB
        Both:  3.91 MB

MaxMetaspaceSize: unlimited
CompressedClassSpaceSize: 1.00 GB
Initial GC threshold: 21.00 MB
Current GC threshold: 131.88 MB
CDS: on
MetaspaceReclaimPolicy: balanced
 - commit_granule_bytes: 65536.
 - commit_granule_words: 8192.
 - virtual_space_node_default_size: 8388608.
 - enlarge_chunks_in_place: 1.
 - new_chunks_are_fully_committed: 0.
 - uncommit_free_chunks: 1.
 - use_allocation_guard: 0.


Internal statistics:

num_allocs_failed_limit: 9.
num_arena_births: 1506.
num_arena_deaths: 0.
num_vsnodes_births: 3.
num_vsnodes_deaths: 0.
num_space_committed: 1401.
num_space_uncommitted: 0.
num_chunks_returned_to_freelist: 9.
num_chunks_taken_from_freelist: 4957.
num_chunk_merges: 9.
num_chunk_splits: 3749.
num_chunks_enlarged: 2904.
num_inconsistent_stats: 0.

CodeHeap 'non-profiled nmethods': size=120000Kb used=15460Kb max_used=15647Kb free=104539Kb
 bounds [0x000001ff87ad0000, 0x000001ff88a20000, 0x000001ff8f000000]
CodeHeap 'profiled nmethods': size=120000Kb used=63171Kb max_used=63181Kb free=56828Kb
 bounds [0x000001ff805a0000, 0x000001ff84360000, 0x000001ff87ad0000]
CodeHeap 'non-nmethods': size=5760Kb used=1459Kb max_used=1526Kb free=4300Kb
 bounds [0x000001ff80000000, 0x000001ff80270000, 0x000001ff805a0000]
 total_blobs=21372 nmethods=20601 adapters=677
 compilation: enabled
              stopped_count=0, restarted_count=0
 full_count=0

Compilation events (20 events):
Event: 25.105 Thread 0x000001ff8f1b3120 26625       2       org.jetbrains.kotlin.backend.jvm.codegen.IrSourceCompilerForInline::compileInlineFunction (221 bytes)
Event: 25.105 Thread 0x000001ff8f1a6f30 nmethod 26613 0x000001ff88a15390 code [0x000001ff88a15660, 0x000001ff88a176d8]
Event: 25.105 Thread 0x000001ff8f1a6f30 26620       4       org.jetbrains.kotlin.backend.jvm.codegen.ExpressionCodegen::gen (48 bytes)
Event: 25.107 Thread 0x000001ff8f1a6f30 nmethod 26620 0x000001ff87e50310 code [0x000001ff87e504a0, 0x000001ff87e50658]
Event: 25.107 Thread 0x000001ff8f1a6f30 26627   !   4       org.jetbrains.kotlin.codegen.optimization.fixStack.FastStackAnalyzer::analyze (647 bytes)
Event: 25.107 Thread 0x000001ff8f1b3120 nmethod 26625 0x000001ff84340790 code [0x000001ff84340be0, 0x000001ff84341c38]
Event: 25.107 Thread 0x000001ff8f1b3120 26629       2       org.jetbrains.kotlin.codegen.optimization.fixStack.FixStackInterpreter::<init> (5 bytes)
Event: 25.108 Thread 0x000001ff8f1b3120 nmethod 26629 0x000001ff84342710 code [0x000001ff843428a0, 0x000001ff843429b8]
Event: 25.108 Thread 0x000001ff8f1b3120 26630       2       org.jetbrains.kotlin.codegen.optimization.fixStack.BasicTypeInterpreter::<init> (7 bytes)
Event: 25.108 Thread 0x000001ff8f1b3120 nmethod 26630 0x000001ff84342a90 code [0x000001ff84342c20, 0x000001ff84342d38]
Event: 25.108 Thread 0x000001ff8f1b3120 26626       2       org.jetbrains.kotlin.codegen.inline.InlineIntrinsicsKt::generateInlineIntrinsicForIr (67 bytes)
Event: 25.109 Thread 0x000001ff8f1b3120 nmethod 26626 0x000001ff84342e10 code [0x000001ff84343080, 0x000001ff843437a8]
Event: 25.109 Thread 0x000001ff8f1b3120 26632       3       org.jetbrains.kotlin.codegen.inline.MethodInliner::markPlacesForInlineAndRemoveInlinable (1343 bytes)
Event: 25.125 Thread 0x000001ff8f1b3120 nmethod 26632 0x000001ff84343b90 code [0x000001ff84345340, 0x000001ff84354e88]
Event: 25.125 Thread 0x000001ff8f1b3120 26634       2       org.jetbrains.kotlin.codegen.inline.InliningContext::subInline (68 bytes)
Event: 25.126 Thread 0x000001ff8f1b3120 nmethod 26634 0x000001ff81207c10 code [0x000001ff81207e40, 0x000001ff81208438]
Event: 25.126 Thread 0x000001ff8f1b3120 26628       1       org.jetbrains.kotlin.codegen.optimization.fixStack.FixStackAnalyzer$InternalAnalyzer::getMaxExtraStackSize (5 bytes)
Event: 25.126 Thread 0x000001ff8f1b3120 nmethod 26628 0x000001ff87e50010 code [0x000001ff87e501a0, 0x000001ff87e50278]
Event: 25.128 Thread 0x000001ff8f1b3120 26635 %     3       org.jetbrains.kotlin.codegen.optimization.ApiVersionCallsPreprocessingMethodTransformer::transform @ 37 (324 bytes)
Event: 25.130 Thread 0x000001ff8f1b3120 nmethod 26635% 0x000001ff8435a890 code [0x000001ff8435ad60, 0x000001ff8435d018]

GC Heap History (20 events):
Event: 17.764 GC heap after
{Heap after GC invocations=23 (full 0):
 garbage-first heap   total 278528K, used 172622K [0x00000006c5800000, 0x0000000800000000)
  region size 4096K, 3 young (12288K), 3 survivors (12288K)
 Metaspace       used 70900K, committed 71808K, reserved 1114112K
  class space    used 7607K, committed 8064K, reserved 1048576K
}
Event: 18.377 GC heap before
{Heap before GC invocations=24 (full 0):
 garbage-first heap   total 315392K, used 213582K [0x00000006c5800000, 0x0000000800000000)
  region size 4096K, 13 young (53248K), 3 survivors (12288K)
 Metaspace       used 73699K, committed 74560K, reserved 1179648K
  class space    used 7900K, committed 8320K, reserved 1048576K
}
Event: 18.387 GC heap after
{Heap after GC invocations=25 (full 0):
 garbage-first heap   total 315392K, used 179029K [0x00000006c5800000, 0x0000000800000000)
  region size 4096K, 1 young (4096K), 1 survivors (4096K)
 Metaspace       used 73699K, committed 74560K, reserved 1179648K
  class space    used 7900K, committed 8320K, reserved 1048576K
}
Event: 19.351 GC heap before
{Heap before GC invocations=25 (full 0):
 garbage-first heap   total 315392K, used 244565K [0x00000006c5800000, 0x0000000800000000)
  region size 4096K, 17 young (69632K), 1 survivors (4096K)
 Metaspace       used 79865K, committed 80768K, reserved 1179648K
  class space    used 8502K, committed 8960K, reserved 1048576K
}
Event: 19.356 GC heap after
{Heap after GC invocations=26 (full 0):
 garbage-first heap   total 393216K, used 180382K [0x00000006c5800000, 0x0000000800000000)
  region size 4096K, 2 young (8192K), 2 survivors (8192K)
 Metaspace       used 79865K, committed 80768K, reserved 1179648K
  class space    used 8502K, committed 8960K, reserved 1048576K
}
Event: 20.730 GC heap before
{Heap before GC invocations=27 (full 0):
 garbage-first heap   total 393216K, used 290974K [0x00000006c5800000, 0x0000000800000000)
  region size 4096K, 29 young (118784K), 2 survivors (8192K)
 Metaspace       used 82063K, committed 82944K, reserved 1179648K
  class space    used 8618K, committed 9088K, reserved 1048576K
}
Event: 20.739 GC heap after
{Heap after GC invocations=28 (full 0):
 garbage-first heap   total 393216K, used 186981K [0x00000006c5800000, 0x0000000800000000)
  region size 4096K, 3 young (12288K), 3 survivors (12288K)
 Metaspace       used 82063K, committed 82944K, reserved 1179648K
  class space    used 8618K, committed 9088K, reserved 1048576K
}
Event: 20.776 GC heap before
{Heap before GC invocations=28 (full 0):
 garbage-first heap   total 393216K, used 191077K [0x00000006c5800000, 0x0000000800000000)
  region size 4096K, 4 young (16384K), 3 survivors (12288K)
 Metaspace       used 82074K, committed 82944K, reserved 1179648K
  class space    used 8618K, committed 9088K, reserved 1048576K
}
Event: 20.791 GC heap after
{Heap after GC invocations=29 (full 0):
 garbage-first heap   total 393216K, used 177129K [0x00000006c5800000, 0x0000000800000000)
  region size 4096K, 1 young (4096K), 1 survivors (4096K)
 Metaspace       used 82074K, committed 82944K, reserved 1179648K
  class space    used 8618K, committed 9088K, reserved 1048576K
}
Event: 21.821 GC heap before
{Heap before GC invocations=29 (full 0):
 garbage-first heap   total 393216K, used 291817K [0x00000006c5800000, 0x0000000800000000)
  region size 4096K, 30 young (122880K), 1 survivors (4096K)
 Metaspace       used 86489K, committed 87424K, reserved 1179648K
  class space    used 8923K, committed 9408K, reserved 1048576K
}
Event: 21.825 GC heap after
{Heap after GC invocations=30 (full 0):
 garbage-first heap   total 393216K, used 179430K [0x00000006c5800000, 0x0000000800000000)
  region size 4096K, 1 young (4096K), 1 survivors (4096K)
 Metaspace       used 86489K, committed 87424K, reserved 1179648K
  class space    used 8923K, committed 9408K, reserved 1048576K
}
Event: 23.120 GC heap before
{Heap before GC invocations=30 (full 0):
 garbage-first heap   total 393216K, used 306406K [0x00000006c5800000, 0x0000000800000000)
  region size 4096K, 32 young (131072K), 1 survivors (4096K)
 Metaspace       used 88149K, committed 89088K, reserved 1179648K
  class space    used 8988K, committed 9472K, reserved 1048576K
}
Event: 23.128 GC heap after
{Heap after GC invocations=31 (full 0):
 garbage-first heap   total 393216K, used 186184K [0x00000006c5800000, 0x0000000800000000)
  region size 4096K, 3 young (12288K), 3 survivors (12288K)
 Metaspace       used 88149K, committed 89088K, reserved 1179648K
  class space    used 8988K, committed 9472K, reserved 1048576K
}
Event: 23.816 GC heap before
{Heap before GC invocations=31 (full 0):
 garbage-first heap   total 393216K, used 309064K [0x00000006c5800000, 0x0000000800000000)
  region size 4096K, 33 young (135168K), 3 survivors (12288K)
 Metaspace       used 88462K, committed 89408K, reserved 1179648K
  class space    used 8992K, committed 9472K, reserved 1048576K
}
Event: 23.828 GC heap after
{Heap after GC invocations=32 (full 0):
 garbage-first heap   total 393216K, used 196233K [0x00000006c5800000, 0x0000000800000000)
  region size 4096K, 5 young (20480K), 5 survivors (20480K)
 Metaspace       used 88462K, committed 89408K, reserved 1179648K
  class space    used 8992K, committed 9472K, reserved 1048576K
}
Event: 24.320 GC heap before
{Heap before GC invocations=32 (full 0):
 garbage-first heap   total 393216K, used 315017K [0x00000006c5800000, 0x0000000800000000)
  region size 4096K, 34 young (139264K), 5 survivors (20480K)
 Metaspace       used 88725K, committed 89664K, reserved 1179648K
  class space    used 9004K, committed 9472K, reserved 1048576K
}
Event: 24.336 GC heap after
{Heap after GC invocations=33 (full 0):
 garbage-first heap   total 393216K, used 202759K [0x00000006c5800000, 0x0000000800000000)
  region size 4096K, 5 young (20480K), 5 survivors (20480K)
 Metaspace       used 88725K, committed 89664K, reserved 1179648K
  class space    used 9004K, committed 9472K, reserved 1048576K
}
Event: 24.729 GC heap before
{Heap before GC invocations=33 (full 0):
 garbage-first heap   total 393216K, used 313351K [0x00000006c5800000, 0x0000000800000000)
  region size 4096K, 32 young (131072K), 5 survivors (20480K)
 Metaspace       used 88805K, committed 89728K, reserved 1179648K
  class space    used 9005K, committed 9472K, reserved 1048576K
}
Event: 24.738 GC heap after
{Heap after GC invocations=34 (full 0):
 garbage-first heap   total 393216K, used 203874K [0x00000006c5800000, 0x0000000800000000)
  region size 4096K, 4 young (16384K), 4 survivors (16384K)
 Metaspace       used 88805K, committed 89728K, reserved 1179648K
  class space    used 9005K, committed 9472K, reserved 1048576K
}
Event: 25.135 GC heap before
{Heap before GC invocations=34 (full 0):
 garbage-first heap   total 393216K, used 318562K [0x00000006c5800000, 0x0000000800000000)
  region size 4096K, 32 young (131072K), 4 survivors (16384K)
 Metaspace       used 88880K, committed 89792K, reserved 1179648K
  class space    used 9008K, committed 9472K, reserved 1048576K
}

Deoptimization events (20 events):
Event: 25.035 Thread 0x000001ffea555490 DEOPT PACKING pc=0x000001ff88a0a50c sp=0x0000008e57cfda10
Event: 25.035 Thread 0x000001ffea555490 DEOPT UNPACKING pc=0x000001ff80055c23 sp=0x0000008e57cfda00 mode 2
Event: 25.040 Thread 0x000001ffea555490 DEOPT PACKING pc=0x000001ff83309467 sp=0x0000008e57cfc210
Event: 25.040 Thread 0x000001ffea555490 DEOPT UNPACKING pc=0x000001ff80056763 sp=0x0000008e57cfb780 mode 0
Event: 25.043 Thread 0x000001ffea555490 Uncommon trap: trap_request=0xffffffbe fr.pc=0x000001ff88a0a50c relative=0x00000000000048cc
Event: 25.043 Thread 0x000001ffea555490 Uncommon trap: reason=profile_predicate action=maybe_recompile pc=0x000001ff88a0a50c method=org.jetbrains.kotlin.codegen.optimization.fixStack.FastStackAnalyzer.analyze()[Lorg/jetbrains/org/objectweb/asm/tree/analysis/Frame; @ 75 c2
Event: 25.043 Thread 0x000001ffea555490 DEOPT PACKING pc=0x000001ff88a0a50c sp=0x0000008e57cfda10
Event: 25.043 Thread 0x000001ffea555490 DEOPT UNPACKING pc=0x000001ff80055c23 sp=0x0000008e57cfda00 mode 2
Event: 25.044 Thread 0x000001ffea555490 Uncommon trap: trap_request=0xffffffbe fr.pc=0x000001ff88a0a50c relative=0x00000000000048cc
Event: 25.044 Thread 0x000001ffea555490 Uncommon trap: reason=profile_predicate action=maybe_recompile pc=0x000001ff88a0a50c method=org.jetbrains.kotlin.codegen.optimization.fixStack.FastStackAnalyzer.analyze()[Lorg/jetbrains/org/objectweb/asm/tree/analysis/Frame; @ 75 c2
Event: 25.044 Thread 0x000001ffea555490 DEOPT PACKING pc=0x000001ff88a0a50c sp=0x0000008e57cfda10
Event: 25.044 Thread 0x000001ffea555490 DEOPT UNPACKING pc=0x000001ff80055c23 sp=0x0000008e57cfda00 mode 2
Event: 25.061 Thread 0x000001ffea555490 DEOPT PACKING pc=0x000001ff83f0abc8 sp=0x0000008e57cfdc80
Event: 25.061 Thread 0x000001ffea555490 DEOPT UNPACKING pc=0x000001ff80056763 sp=0x0000008e57cfd210 mode 0
Event: 25.064 Thread 0x000001ffea555490 DEOPT PACKING pc=0x000001ff83d9c301 sp=0x0000008e57cfdb50
Event: 25.064 Thread 0x000001ffea555490 DEOPT UNPACKING pc=0x000001ff80056763 sp=0x0000008e57cfd0a0 mode 0
Event: 25.107 Thread 0x000001ffea555490 DEOPT PACKING pc=0x000001ff83300360 sp=0x0000008e57cf8b30
Event: 25.107 Thread 0x000001ffea555490 DEOPT UNPACKING pc=0x000001ff80056763 sp=0x0000008e57cf8038 mode 0
Event: 25.108 Thread 0x000001ffea555490 DEOPT PACKING pc=0x000001ff842dd908 sp=0x0000008e57cf8d90
Event: 25.108 Thread 0x000001ffea555490 DEOPT UNPACKING pc=0x000001ff80056763 sp=0x0000008e57cf8440 mode 0

Classes loaded (20 events):
Event: 19.817 Loading class java/lang/constant/DirectMethodHandleDescImpl
Event: 19.817 Loading class java/lang/constant/DirectMethodHandleDesc
Event: 19.817 Loading class java/lang/constant/DirectMethodHandleDesc done
Event: 19.817 Loading class java/lang/constant/DirectMethodHandleDescImpl done
Event: 19.817 Loading class java/lang/constant/DirectMethodHandleDescImpl$1
Event: 19.817 Loading class java/lang/constant/DirectMethodHandleDescImpl$1 done
Event: 19.817 Loading class java/lang/constant/DirectMethodHandleDesc$1
Event: 19.817 Loading class java/lang/constant/DirectMethodHandleDesc$1 done
Event: 19.817 Loading class java/lang/constant/PrimitiveClassDescImpl
Event: 19.817 Loading class java/lang/constant/DynamicConstantDesc
Event: 19.818 Loading class java/lang/constant/DynamicConstantDesc done
Event: 19.818 Loading class java/lang/constant/PrimitiveClassDescImpl done
Event: 19.818 Loading class java/lang/constant/DynamicConstantDesc$AnonymousDynamicConstantDesc
Event: 19.818 Loading class java/lang/constant/DynamicConstantDesc$AnonymousDynamicConstantDesc done
Event: 19.818 Loading class java/util/Base64
Event: 19.818 Loading class java/util/Base64 done
Event: 19.818 Loading class java/util/Base64$Encoder
Event: 19.818 Loading class java/util/Base64$Encoder done
Event: 21.478 Loading class java/util/Vector$Itr
Event: 21.478 Loading class java/util/Vector$Itr done

Classes unloaded (0 events):
No events

Classes redefined (0 events):
No events

Internal exceptions (20 events):
Event: 14.011 Thread 0x000001ffea555490 Implicit null exception at 0x000001ff87d4daf7 to 0x000001ff87d4df40
Event: 14.291 Thread 0x000001ffea555490 Exception <a 'java/lang/NoSuchMethodError'{0x00000006d4029d30}: 'int java.lang.invoke.Invokers$Holder.invokeExact_MT(java.lang.Object, java.lang.Object, java.lang.Object)'> (0x00000006d4029d30) 
thrown [s\open\src\hotspot\share\interpreter\linkResolver.cpp, line 759]
Event: 14.291 Thread 0x000001ffea555490 Exception <a 'java/lang/NoSuchMethodError'{0x00000006d402e7f8}: 'void java.lang.invoke.Invokers$Holder.invokeExact_MT(java.lang.Object, java.lang.Object, java.lang.Object, java.lang.Object)'> (0x00000006d402e7f8) 
thrown [s\open\src\hotspot\share\interpreter\linkResolver.cpp, line 759]
Event: 14.305 Thread 0x000001ffea555490 Exception <a 'java/lang/NoSuchMethodError'{0x00000006d4147c40}: 'java.lang.Object java.lang.invoke.DirectMethodHandle$Holder.invokeStaticInit(java.lang.Object, java.lang.Object, java.lang.Object, java.lang.Object)'> (0x00000006d4147c40) 
thrown [s\open\src\hotspot\share\interpreter\linkResolver.cpp, line 759]
Event: 14.480 Thread 0x000001ffea555490 Exception <a 'java/lang/NoSuchMethodError'{0x00000006d356eb40}: 'java.lang.Object java.lang.invoke.DirectMethodHandle$Holder.newInvokeSpecial(java.lang.Object, java.lang.Object, int, int, java.lang.Object, java.lang.Object, java.lang.Object)'> (0x00000006d356eb40) 
thrown [s\open\src\hotspot\share\interpreter\linkResolver.cpp, line 759]
Event: 14.562 Thread 0x000001ffea555490 Exception <a 'java/lang/NoSuchMethodError'{0x00000006d31b9958}: 'java.lang.Object java.lang.invoke.DirectMethodHandle$Holder.invokeStatic(java.lang.Object, java.lang.Object, java.lang.Object, int, int, java.lang.Object, java.lang.Object, java.lang.Object)'> (0x00000006d31b9958) 
thrown [s\open\src\hotspot\share\interpreter\linkResolver.cpp, line 759]
Event: 14.562 Thread 0x000001ffea555490 Exception <a 'java/lang/NoSuchMethodError'{0x00000006d31c26d8}: 'java.lang.Object java.lang.invoke.DirectMethodHandle$Holder.newInvokeSpecial(java.lang.Object, java.lang.Object, java.lang.Object, int, int)'> (0x00000006d31c26d8) 
thrown [s\open\src\hotspot\share\interpreter\linkResolver.cpp, line 759]
Event: 14.562 Thread 0x000001ffea555490 Exception <a 'java/lang/NoSuchMethodError'{0x00000006d31c6520}: 'java.lang.Object java.lang.invoke.DirectMethodHandle$Holder.invokeSpecial(java.lang.Object, java.lang.Object, java.lang.Object, java.lang.Object, int, int)'> (0x00000006d31c6520) 
thrown [s\open\src\hotspot\share\interpreter\linkResolver.cpp, line 759]
Event: 14.589 Thread 0x000001ffea555490 Implicit null exception at 0x000001ff87b3e9f0 to 0x000001ff87b3ec2c
Event: 14.604 Thread 0x000001ffea555490 Exception <a 'java/lang/NoSuchMethodError'{0x00000006d3359390}: 'java.lang.Object java.lang.invoke.DirectMethodHandle$Holder.invokeSpecial(java.lang.Object, java.lang.Object, int, int, java.lang.Object, java.lang.Object, java.lang.Object, java.lang.Object, java.lang.Object)'> (0x00000006d3359390) 
thrown [s\open\src\hotspot\share\interpreter\linkResolver.cpp, line 759]
Event: 16.223 Thread 0x000001ffea555490 Implicit null exception at 0x000001ff884f5fbe to 0x000001ff884f65f8
Event: 18.645 Thread 0x000001ffea555490 Implicit null exception at 0x000001ff88643435 to 0x000001ff8864362a
Event: 18.671 Thread 0x000001ffea555490 Implicit null exception at 0x000001ff88552c02 to 0x000001ff88552fc0
Event: 18.742 Thread 0x000001ffea555490 Implicit null exception at 0x000001ff88658b45 to 0x000001ff886597bc
Event: 19.934 Thread 0x000001ffea555490 Implicit null exception at 0x000001ff88715767 to 0x000001ff88715908
Event: 19.934 Thread 0x000001ffea555490 Implicit null exception at 0x000001ff8870fd67 to 0x000001ff8870fe8e
Event: 19.934 Thread 0x000001ffea555490 Implicit null exception at 0x000001ff886fc527 to 0x000001ff886fc846
Event: 21.610 Thread 0x000001ffea555490 Implicit null exception at 0x000001ff87b8f068 to 0x000001ff87b90ce4
Event: 21.610 Thread 0x000001ffea555490 Implicit null exception at 0x000001ff87fa0458 to 0x000001ff87fa093c
Event: 22.304 Thread 0x000001ffea555490 Implicit null exception at 0x000001ff87f985d8 to 0x000001ff87f98900

VM Operations (20 events):
Event: 23.828 Executing VM operation: G1CollectForAllocation done
Event: 23.969 Executing VM operation: HandshakeAllThreads
Event: 23.969 Executing VM operation: HandshakeAllThreads done
Event: 23.971 Executing VM operation: HandshakeAllThreads
Event: 23.971 Executing VM operation: HandshakeAllThreads done
Event: 24.170 Executing VM operation: HandshakeAllThreads
Event: 24.170 Executing VM operation: HandshakeAllThreads done
Event: 24.191 Executing VM operation: ICBufferFull
Event: 24.192 Executing VM operation: ICBufferFull done
Event: 24.306 Executing VM operation: HandshakeAllThreads
Event: 24.306 Executing VM operation: HandshakeAllThreads done
Event: 24.320 Executing VM operation: G1CollectForAllocation
Event: 24.336 Executing VM operation: G1CollectForAllocation done
Event: 24.628 Executing VM operation: HandshakeAllThreads
Event: 24.628 Executing VM operation: HandshakeAllThreads done
Event: 24.729 Executing VM operation: G1CollectForAllocation
Event: 24.738 Executing VM operation: G1CollectForAllocation done
Event: 25.105 Executing VM operation: HandshakeAllThreads
Event: 25.105 Executing VM operation: HandshakeAllThreads done
Event: 25.135 Executing VM operation: G1CollectForAllocation

Events (20 events):
Event: 25.109 Thread 0x000001ff8f1b4d30 flushing nmethod 0x000001ff8813ae10
Event: 25.109 Thread 0x000001ff8f1b4d30 flushing nmethod 0x000001ff8814bb10
Event: 25.110 Thread 0x000001ff8f1b4d30 flushing nmethod 0x000001ff8835da90
Event: 25.111 Thread 0x000001ff8f1b4d30 flushing nmethod 0x000001ff88494410
Event: 25.113 Thread 0x000001ff8f1b4d30 flushing nmethod 0x000001ff88859390
Event: 25.113 Thread 0x000001ff8f1b4d30 flushing nmethod 0x000001ff88897790
Event: 25.113 Thread 0x000001ff8f1b4d30 flushing nmethod 0x000001ff8889a290
Event: 25.113 Thread 0x000001ff8f1b4d30 flushing nmethod 0x000001ff888cb910
Event: 25.113 Thread 0x000001ff8f1b4d30 flushing nmethod 0x000001ff88910190
Event: 25.114 Thread 0x000001ff8f1b4d30 flushing nmethod 0x000001ff8897d110
Event: 25.115 Thread 0x000001ff8f1b4d30 flushing nmethod 0x000001ff80756690
Event: 25.120 Thread 0x000001ff8f1b4d30 flushing nmethod 0x000001ff80e24110
Event: 25.122 Thread 0x000001ff8f1b4d30 flushing nmethod 0x000001ff80fa2d10
Event: 25.123 Thread 0x000001ff8f1b4d30 flushing nmethod 0x000001ff81207c10
Event: 25.124 Thread 0x000001ff8f1b4d30 flushing nmethod 0x000001ff8129a690
Event: 25.124 Thread 0x000001ff8f1b4d30 flushing nmethod 0x000001ff81304e90
Event: 25.128 Thread 0x000001ff8f1b4d30 flushing nmethod 0x000001ff818b8690
Event: 25.131 Thread 0x000001ff8f1b4d30 flushing nmethod 0x000001ff81cbab10
Event: 25.134 Thread 0x000001ff8f1b4d30 flushing nmethod 0x000001ff82123e10
Event: 25.134 Thread 0x000001ff8f1b4d30 flushing nmethod 0x000001ff82154310


Dynamic libraries:
0x00007ff6f54a0000 - 0x00007ff6f54b0000 	C:\Program Files\Java\jdk-18.0.2\bin\java.exe
0x00007ff861f80000 - 0x00007ff8621e0000 	C:\WINDOWS\SYSTEM32\ntdll.dll
0x00007ff8608c0000 - 0x00007ff860987000 	C:\WINDOWS\System32\KERNEL32.DLL
0x00007ff85f6f0000 - 0x00007ff85faba000 	C:\WINDOWS\System32\KERNELBASE.dll
0x00007ff85fac0000 - 0x00007ff85fc0b000 	C:\WINDOWS\System32\ucrtbase.dll
0x00007ff84ecf0000 - 0x00007ff84ed08000 	C:\Program Files\Java\jdk-18.0.2\bin\jli.dll
0x00007ff84ec80000 - 0x00007ff84ec9a000 	C:\Program Files\Java\jdk-18.0.2\bin\VCRUNTIME140.dll
0x00007ff860060000 - 0x00007ff860112000 	C:\WINDOWS\System32\ADVAPI32.dll
0x00007ff861aa0000 - 0x00007ff861b49000 	C:\WINDOWS\System32\msvcrt.dll
0x00007ff85fe90000 - 0x00007ff85ff36000 	C:\WINDOWS\System32\sechost.dll
0x00007ff85ff40000 - 0x00007ff860056000 	C:\WINDOWS\System32\RPCRT4.dll
0x00007ff8605f0000 - 0x00007ff8607bc000 	C:\WINDOWS\System32\USER32.dll
0x00007ff85f160000 - 0x00007ff85f187000 	C:\WINDOWS\System32\win32u.dll
0x00007ff839960000 - 0x00007ff839bf7000 	C:\WINDOWS\WinSxS\amd64_microsoft.windows.common-controls_6595b64144ccf1df_6.0.26100.3624_none_3e086962e3345f24\COMCTL32.dll
0x00007ff861db0000 - 0x00007ff861dda000 	C:\WINDOWS\System32\GDI32.dll
0x00007ff85f5b0000 - 0x00007ff85f6e1000 	C:\WINDOWS\System32\gdi32full.dll
0x00007ff85fcd0000 - 0x00007ff85fd73000 	C:\WINDOWS\System32\msvcp_win.dll
0x00007ff84cea0000 - 0x00007ff84ceab000 	C:\WINDOWS\SYSTEM32\VERSION.dll
0x00007ff861a60000 - 0x00007ff861a8f000 	C:\WINDOWS\System32\IMM32.DLL
0x00007ff859be0000 - 0x00007ff859bec000 	C:\Program Files\Java\jdk-18.0.2\bin\vcruntime140_1.dll
0x00007ffff7cd0000 - 0x00007ffff7d5d000 	C:\Program Files\Java\jdk-18.0.2\bin\msvcp140.dll
0x00007fffb4a80000 - 0x00007fffb5691000 	C:\Program Files\Java\jdk-18.0.2\bin\server\jvm.dll
0x00007ff860150000 - 0x00007ff860158000 	C:\WINDOWS\System32\PSAPI.DLL
0x00007ff859b70000 - 0x00007ff859b7a000 	C:\WINDOWS\SYSTEM32\WSOCK32.dll
0x00007ff8542d0000 - 0x00007ff854306000 	C:\WINDOWS\SYSTEM32\WINMM.dll
0x00007ff860840000 - 0x00007ff8608b4000 	C:\WINDOWS\System32\WS2_32.dll
0x00007ff85df70000 - 0x00007ff85df8a000 	C:\WINDOWS\SYSTEM32\kernel.appcore.dll
0x00007ff856ca0000 - 0x00007ff856caa000 	C:\Program Files\Java\jdk-18.0.2\bin\jimage.dll
0x00007ff85c8f0000 - 0x00007ff85cb31000 	C:\WINDOWS\SYSTEM32\DBGHELP.DLL
0x00007ff860a90000 - 0x00007ff860e12000 	C:\WINDOWS\System32\combase.dll
0x00007ff860460000 - 0x00007ff860536000 	C:\WINDOWS\System32\OLEAUT32.dll
0x00007ff839460000 - 0x00007ff839499000 	C:\WINDOWS\SYSTEM32\dbgcore.DLL
0x00007ff85f510000 - 0x00007ff85f5a9000 	C:\WINDOWS\System32\bcryptPrimitives.dll
0x00007ff82db00000 - 0x00007ff82db25000 	C:\Program Files\Java\jdk-18.0.2\bin\java.dll
0x00007fffdecc0000 - 0x00007fffded96000 	C:\Program Files\Java\jdk-18.0.2\bin\jsvml.dll
0x00007ff8612b0000 - 0x00007ff8619d9000 	C:\WINDOWS\System32\SHELL32.dll
0x00007ff85f310000 - 0x00007ff85f478000 	C:\WINDOWS\System32\wintypes.dll
0x00007ff85ccb0000 - 0x00007ff85d502000 	C:\WINDOWS\SYSTEM32\windows.storage.dll
0x00007ff861de0000 - 0x00007ff861ecd000 	C:\WINDOWS\System32\SHCORE.dll
0x00007ff85fe20000 - 0x00007ff85fe84000 	C:\WINDOWS\System32\shlwapi.dll
0x00007ff85f070000 - 0x00007ff85f09f000 	C:\WINDOWS\SYSTEM32\profapi.dll
0x00007ff842360000 - 0x00007ff842373000 	C:\Program Files\Java\jdk-18.0.2\bin\net.dll
0x00007ff856a30000 - 0x00007ff856b4d000 	C:\WINDOWS\SYSTEM32\WINHTTP.dll
0x00007ff85e490000 - 0x00007ff85e4fa000 	C:\WINDOWS\system32\mswsock.dll
0x00007ff841da0000 - 0x00007ff841db6000 	C:\Program Files\Java\jdk-18.0.2\bin\nio.dll
0x00007ff840a90000 - 0x00007ff840aa8000 	C:\Program Files\Java\jdk-18.0.2\bin\zip.dll
0x00007ff84ec00000 - 0x00007ff84ec10000 	C:\Program Files\Java\jdk-18.0.2\bin\verify.dll

dbghelp: loaded successfully - version: 4.0.5 - missing functions: none
symbol engine: initialized successfully - sym options: 0x614 - pdb path: .;C:\Program Files\Java\jdk-18.0.2\bin;C:\WINDOWS\SYSTEM32;C:\WINDOWS\WinSxS\amd64_microsoft.windows.common-controls_6595b64144ccf1df_6.0.26100.3624_none_3e086962e3345f24;C:\Program Files\Java\jdk-18.0.2\bin\server

VM Arguments:
java_command: org.jetbrains.kotlin.cli.jvm.K2JVMCompiler @D:\xampp\htdocs\CoffeeShop\Client\app\build\20250423_17791023358287630627.compiler.options
java_class_path (initial): C:\Users\hp\.gradle\caches\modules-2\files-2.1\org.jetbrains.kotlin\kotlin-compiler-embeddable\1.8.10\b0757fd774344d54ce93f5ad6c30ba1c1731c8ff\kotlin-compiler-embeddable-1.8.10.jar;C:\Users\hp\.gradle\caches\modules-2\files-2.1\org.jetbrains.kotlin\kotlin-stdlib\1.8.10\6d5560a229477df9406943d5feda5618e98eb64c\kotlin-stdlib-1.8.10.jar;C:\Users\hp\.gradle\caches\modules-2\files-2.1\org.jetbrains.kotlin\kotlin-script-runtime\1.8.10\b13ea9c7e46d589139e56086a878763290e20bd5\kotlin-script-runtime-1.8.10.jar;C:\Users\hp\.gradle\caches\modules-2\files-2.1\org.jetbrains.kotlin\kotlin-reflect\1.6.10\1cbe9c92c12a94eea200d23c2bbaedaf3daf5132\kotlin-reflect-1.6.10.jar;C:\Users\hp\.gradle\caches\modules-2\files-2.1\org.jetbrains.kotlin\kotlin-daemon-embeddable\1.8.10\ad8541d9bc1cf9e52c3204161247910c2cf601d4\kotlin-daemon-embeddable-1.8.10.jar;C:\Users\hp\.gradle\caches\modules-2\files-2.1\org.jetbrains.intellij.deps\trove4j\1.0.20200330\3afb14d5f9ceb459d724e907a21145e8ff394f02\trove4j-1.0.20200330.jar;C:\Users\hp\.gradle\caches\modules-2\files-2.1\net.java.dev.jna\jna\5.6.0\330f2244e9030119ab3030fc3fededc86713d9cc\jna-5.6.0.jar;C:\Users\hp\.gradle\caches\modules-2\files-2.1\org.jetbrains.kotlin\kotlin-stdlib-common\1.8.10\a61b182458550492c12aee66157d7b524a63a5ec\kotlin-stdlib-common-1.8.10.jar;C:\Users\hp\.gradle\caches\modules-2\files-2.1\org.jetbrains\annotations\13.0\919f0dfe192fb4e063e7dacadee7f8bb9a2672a9\annotations-13.0.jar
Launcher Type: SUN_STANDARD

[Global flags]
     intx CICompilerCount                          = 4                                         {product} {ergonomic}
     uint ConcGCThreads                            = 2                                         {product} {ergonomic}
     uint G1ConcRefinementThreads                  = 8                                         {product} {ergonomic}
   size_t G1HeapRegionSize                         = 4194304                                   {product} {ergonomic}
    uintx GCDrainStackTargetSize                   = 64                                        {product} {ergonomic}
   size_t InitialHeapSize                          = 331350016                                 {product} {ergonomic}
   size_t MarkStackSize                            = 4194304                                   {product} {ergonomic}
   size_t MaxHeapSize                              = 5276434432                                {product} {ergonomic}
   size_t MaxNewSize                               = 3162505216                                {product} {ergonomic}
   size_t MinHeapDeltaBytes                        = 4194304                                   {product} {ergonomic}
   size_t MinHeapSize                              = 8388608                                   {product} {ergonomic}
    uintx NonNMethodCodeHeapSize                   = 5839372                                {pd product} {ergonomic}
    uintx NonProfiledCodeHeapSize                  = 122909434                              {pd product} {ergonomic}
    uintx ProfiledCodeHeapSize                     = 122909434                              {pd product} {ergonomic}
    uintx ReservedCodeCacheSize                    = 251658240                              {pd product} {ergonomic}
     bool SegmentedCodeCache                       = true                                      {product} {ergonomic}
   size_t SoftMaxHeapSize                          = 5276434432                             {manageable} {ergonomic}
     bool UseCompressedClassPointers               = true                           {product lp64_product} {ergonomic}
     bool UseCompressedOops                        = true                           {product lp64_product} {ergonomic}
     bool UseG1GC                                  = true                                      {product} {ergonomic}
     bool UseLargePagesIndividualAllocation        = false                                  {pd product} {ergonomic}

Logging:
Log output configuration:
 #0: stdout all=warning uptime,level,tags foldmultilines=false
 #1: stderr all=off uptime,level,tags foldmultilines=false

Environment Variables:
JAVA_HOME=C:\Program Files\Java\jdk-18.0.2
PATH=C:\Program Files (x86)\VMware\VMware Workstation\bin\;C:\Program Files\Microsoft MPI\Bin\;C:\Program Files\Common Files\Oracle\Java\javapath;"C:\Program Files\Java\jdk-18.0.2\bin;C:\Program Files\Common Files\Oracle\Java\javapath";C:\Program Files (x86)\mingw-w64\i686-8.1.0-posix-dwarf-rt_v6-rev0\mingw32\i686-w64-mingw32\bin;C:\WINDOWS\system32;C:\WINDOWS;C:\WINDOWS\System32\Wbem;C:\WINDOWS\System32\WindowsPowerShell\v1.0\;C:\WINDOWS\System32\OpenSSH\;C:\Program Files (x86)\mingw-w64\i686-8.1.0-posix-dwarf-rt_v6-rev0\mingw32\bin;C:\Program Files\Microsoft SQL Server\Client SDK\ODBC\170\Tools\Binn\;C:\Program Files (x86)\Microsoft SQL Server\150\Tools\Binn\;C:\Program Files\Microsoft SQL Server\150\Tools\Binn\;C:\Program Files\Microsoft SQL Server\150\DTS\Binn\;C:\Program Files (x86)\Rational\common;C:\Program Files\Microsoft SQL Server\130\Tools\Binn\;C:\Program Files\PHP;C:\Program Files\nodejs\;C:\Program Files\dotnet\;C:\Program Files\Microsoft VS Code\bin;C:\Program Files (x86)\Microsoft SQL Server\160\DTS\Binn\;C:\Program Files\Git\cmd;C:\Program Files\Java\jdk-18.0.2\bin;;C:\WINDOWS\system32;C:\WINDOWS;C:\WINDOWS\System32\Wbem;C:\WINDOWS\System32\WindowsPowerShell\v1.0\;C:\WINDOWS\System32\OpenSSH\;C:\Users\hp\AppData\Local\Programs\Python\Python312\Scripts\;C:\Users\hp\AppData\Local\Programs\Python\Python312\;C:\Users\hp\AppData\Local\Programs\Python\Launcher\;C:\Users\hp\scoop\shims;C:\Program Files\Java\jdk-18.0.2\bin;C:\Program Files\JetBrains\IntelliJ IDEA 2021.2.3\bin;;C:\Program Files (x86)\SSH Communications Security\SSH Secure Shell;C:\Users\hp\AppData\Local\Microsoft\WindowsApps;C:\Users\hp\AppData\Roaming\npm;C:\Program Files\heroku\bin;C:\Users\hp\.dotnet\tools;C:\src\flutter\bin;C:\Users\hp\AppData\Local\Programs\oh-my-posh\bin;
USERNAME=HoangLinhSama
OS=Windows_NT
PROCESSOR_IDENTIFIER=Intel64 Family 6 Model 140 Stepping 1, GenuineIntel



---------------  S Y S T E M  ---------------

OS:
 Windows 11 , 64 bit Build 26100 (10.0.26100.3775)
OS uptime: 12 days 17:34 hours

CPU: total 8 (initial active 8) (4 cores per cpu, 2 threads per core) family 6 model 140 stepping 1 microcode 0xb4, cx8, cmov, fxsr, ht, mmx, 3dnowpref, sse, sse2, sse3, ssse3, sse4.1, sse4.2, popcnt, lzcnt, tsc, tscinvbit, avx, avx2, aes, erms, clmul, bmi1, bmi2, adx, avx512f, avx512dq, avx512cd, avx512bw, avx512vl, sha, fma, vzeroupper, avx512_vpopcntdq, avx512_vpclmulqdq, avx512_vaes, avx512_vnni, clflush, clflushopt, clwb, avx512_vbmi2, avx512_vbmi

Memory: 4k page, system-wide physical 20122M (4651M free)
TotalPageFile size 21997M (AvailPageFile size 243M)
current process WorkingSet (physical memory assigned to process): 676M, peak: 690M
current process commit charge ("private bytes"): 714M, peak: 1112M

vm_info: Java HotSpot(TM) 64-Bit Server VM (18.0.2+9-61) for windows-amd64 JRE (18.0.2+9-61), built on Jun  7 2022 13:09:01 by "mach5one" with MS VC++ 16.8 / 16.9 (VS2019)

END.
