#
# There is insufficient memory for the Java Runtime Environment to continue.
# Native memory allocation (mmap) failed to map 192937984 bytes for G1 virtual space
# Possible reasons:
#   The system is out of physical RAM or swap space
#   The process is running with CompressedOops enabled, and the Java Heap may be blocking the growth of the native heap
# Possible solutions:
#   Reduce memory load on the system
#   Increase physical memory or swap space
#   Check if swap backing store is full
#   Decrease Java heap size (-Xmx/-Xms)
#   Decrease number of Java threads
#   Decrease Java thread stack sizes (-Xss)
#   Set larger code cache with -XX:ReservedCodeCacheSize=
#   JVM is running with Zero Based Compressed Oops mode in which the Java heap is
#     placed in the first 32GB address space. The Java Heap base address is the
#     maximum limit for the native heap growth. Please use -XX:HeapBaseMinAddress
#     to set the Java Heap base and to place the Java Heap above 32GB virtual address.
# This output file may be truncated or incomplete.
#
#  Out of Memory Error (os_windows.cpp:3530), pid=4824, tid=23924
#
# JRE version: Java(TM) SE Runtime Environment (18.0.2+9) (build 18.0.2+9-61)
# Java VM: Java HotSpot(TM) 64-Bit Server VM (18.0.2+9-61, mixed mode, sharing, tiered, compressed oops, compressed class ptrs, g1 gc, windows-amd64)
# No core dump will be written. Minidumps are not enabled by default on client versions of Windows
#

---------------  S U M M A R Y ------------

Command Line: org.jetbrains.kotlin.cli.jvm.K2JVMCompiler @D:\xampp\htdocs\CoffeeShop\Client\app\build\20250525_15151806088835220044.compiler.options

Host: 11th Gen Intel(R) Core(TM) i7-1165G7 @ 2.80GHz, 8 cores, 19G,  Windows 11 , 64 bit Build 26100 (10.0.26100.3912)
Time: Sun May 25 00:52:56 2025 SE Asia Standard Time elapsed time: 24.698739 seconds (0d 0h 0m 24s)

---------------  T H R E A D  ---------------

Current thread (0x0000024cbd987740):  VMThread "VM Thread" [stack: 0x000000a862000000,0x000000a862100000] [id=23924]

Stack: [0x000000a862000000,0x000000a862100000]
Native frames: (J=compiled Java code, j=interpreted, Vv=VM code, C=native code)
V  [jvm.dll+0x6993ca]
V  [jvm.dll+0x7f481d]
V  [jvm.dll+0x7f612e]
V  [jvm.dll+0x7f67e3]
V  [jvm.dll+0x25cdaf]
V  [jvm.dll+0x696319]
V  [jvm.dll+0x68ae4a]
V  [jvm.dll+0x3223eb]
V  [jvm.dll+0x329dc6]
V  [jvm.dll+0x37eade]
V  [jvm.dll+0x37ed0f]
V  [jvm.dll+0x2fa16a]
V  [jvm.dll+0x2fa217]
V  [jvm.dll+0x33e752]
V  [jvm.dll+0x33ccf4]
V  [jvm.dll+0x2f9940]
V  [jvm.dll+0x33c2cb]
V  [jvm.dll+0x7fb5cb]
V  [jvm.dll+0x7fc364]
V  [jvm.dll+0x7fc89c]
V  [jvm.dll+0x7fccf4]
V  [jvm.dll+0x7fcdb7]
V  [jvm.dll+0x7a125a]
V  [jvm.dll+0x698275]
C  [ucrtbase.dll+0x37b0]
C  [KERNEL32.DLL+0x2e8d7]
C  [ntdll.dll+0x9c5dc]

VM_Operation (0x000000a861afc850): G1CollectForAllocation, mode: safepoint, requested by thread 0x0000024cbd8f57e0


---------------  P R O C E S S  ---------------

Threads class SMR info:
_java_thread_list=0x0000024cea1a0480, length=14, elements={
0x0000024cbd8f57e0, 0x0000024ce31e8110, 0x0000024ce31e89c0, 0x0000024ce31fe8a0,
0x0000024ce31ff150, 0x0000024ce31ffa00, 0x0000024ce32004c0, 0x0000024ce32038d0,
0x0000024ce3208610, 0x0000024ce3214020, 0x0000024ce74d1530, 0x0000024ce74e4e40,
0x0000024ce7506bf0, 0x0000024cea137820
}

Java Threads: ( => current thread )
  0x0000024cbd8f57e0 JavaThread "main" [_thread_blocked, id=17904, stack(0x000000a861a00000,0x000000a861b00000)]
  0x0000024ce31e8110 JavaThread "Reference Handler" daemon [_thread_blocked, id=11284, stack(0x000000a862100000,0x000000a862200000)]
  0x0000024ce31e89c0 JavaThread "Finalizer" daemon [_thread_blocked, id=15088, stack(0x000000a862200000,0x000000a862300000)]
  0x0000024ce31fe8a0 JavaThread "Signal Dispatcher" daemon [_thread_blocked, id=22084, stack(0x000000a862300000,0x000000a862400000)]
  0x0000024ce31ff150 JavaThread "Attach Listener" daemon [_thread_blocked, id=5104, stack(0x000000a862400000,0x000000a862500000)]
  0x0000024ce31ffa00 JavaThread "Service Thread" daemon [_thread_blocked, id=13216, stack(0x000000a862500000,0x000000a862600000)]
  0x0000024ce32004c0 JavaThread "Monitor Deflation Thread" daemon [_thread_blocked, id=5364, stack(0x000000a862600000,0x000000a862700000)]
  0x0000024ce32038d0 JavaThread "C2 CompilerThread0" daemon [_thread_blocked, id=6648, stack(0x000000a862700000,0x000000a862800000)]
  0x0000024ce3208610 JavaThread "C1 CompilerThread0" daemon [_thread_blocked, id=7896, stack(0x000000a862800000,0x000000a862900000)]
  0x0000024ce3214020 JavaThread "Sweeper thread" daemon [_thread_blocked, id=10840, stack(0x000000a862900000,0x000000a862a00000)]
  0x0000024ce74d1530 JavaThread "Notification Thread" daemon [_thread_blocked, id=7536, stack(0x000000a862a00000,0x000000a862b00000)]
  0x0000024ce74e4e40 JavaThread "Common-Cleaner" daemon [_thread_blocked, id=12280, stack(0x000000a862c00000,0x000000a862d00000)]
  0x0000024ce7506bf0 JavaThread "C2 CompilerThread1" daemon [_thread_blocked, id=11000, stack(0x000000a862d00000,0x000000a862e00000)]
  0x0000024cea137820 JavaThread "C2 CompilerThread2" daemon [_thread_blocked, id=20148, stack(0x000000a863500000,0x000000a863600000)]

Other Threads:
=>0x0000024cbd987740 VMThread "VM Thread" [stack: 0x000000a862000000,0x000000a862100000] [id=23924]
  0x0000024ce74d4a10 WatcherThread "VM Periodic Task Thread" [stack: 0x000000a862b00000,0x000000a862c00000] [id=14272]
  0x0000024cbd971ab0 WorkerThread "GC Thread#0" [stack: 0x000000a861b00000,0x000000a861c00000] [id=11904]
  0x0000024ce78d9a90 WorkerThread "GC Thread#1" [stack: 0x000000a862e00000,0x000000a862f00000] [id=4264]
  0x0000024ce78d9d30 WorkerThread "GC Thread#2" [stack: 0x000000a862f00000,0x000000a863000000] [id=22272]
  0x0000024ce78d9fd0 WorkerThread "GC Thread#3" [stack: 0x000000a863000000,0x000000a863100000] [id=21128]
  0x0000024ce78bb9b0 WorkerThread "GC Thread#4" [stack: 0x000000a863100000,0x000000a863200000] [id=19496]
  0x0000024ce78bbc50 WorkerThread "GC Thread#5" [stack: 0x000000a863200000,0x000000a863300000] [id=18256]
  0x0000024ce78bbef0 WorkerThread "GC Thread#6" [stack: 0x000000a863300000,0x000000a863400000] [id=12024]
  0x0000024ce7b74120 WorkerThread "GC Thread#7" [stack: 0x000000a863400000,0x000000a863500000] [id=21472]
  0x0000024cbd97c790 ConcurrentGCThread "G1 Main Marker" [stack: 0x000000a861c00000,0x000000a861d00000] [id=22676]
  0x0000024cbd97fac0 WorkerThread "G1 Conc#0" [stack: 0x000000a861d00000,0x000000a861e00000] [id=23984]
  0x0000024ce896ab90 WorkerThread "G1 Conc#1" [stack: 0x000000a863600000,0x000000a863700000] [id=10336]
  0x0000024ce3096130 ConcurrentGCThread "G1 Refine#0" [stack: 0x000000a861e00000,0x000000a861f00000] [id=17788]
  0x0000024ce7faa2a0 ConcurrentGCThread "G1 Refine#1" [stack: 0x000000a863700000,0x000000a863800000] [id=3980]
  0x0000024ce7faa570 ConcurrentGCThread "G1 Refine#2" [stack: 0x000000a863800000,0x000000a863900000] [id=2760]
  0x0000024ce7faa840 ConcurrentGCThread "G1 Refine#3" [stack: 0x000000a863900000,0x000000a863a00000] [id=16672]
  0x0000024ce7faab10 ConcurrentGCThread "G1 Refine#4" [stack: 0x000000a863a00000,0x000000a863b00000] [id=15792]
  0x0000024ce906d6e0 ConcurrentGCThread "G1 Refine#5" [stack: 0x000000a863b00000,0x000000a863c00000] [id=14496]
  0x0000024ce906ea90 ConcurrentGCThread "G1 Refine#6" [stack: 0x000000a863c00000,0x000000a863d00000] [id=14968]
  0x0000024ce906e7c0 ConcurrentGCThread "G1 Refine#7" [stack: 0x000000a863d00000,0x000000a863e00000] [id=1296]
  0x0000024ce30967f0 ConcurrentGCThread "G1 Service" [stack: 0x000000a861f00000,0x000000a862000000] [id=23340]

Threads with active compile tasks:
C1 CompilerThread0    24722 26577       3       org.jetbrains.kotlin.backend.jvm.lower.BytecodeInliningPreparationLowering$lower$1::visitVariable (8 bytes)
C2 CompilerThread2    24722 26422       4       org.jetbrains.kotlin.backend.common.lower.loops.DefaultHeaderInfoBuilder::<init> (151 bytes)

VM state: at safepoint (normal execution)

VM Mutex/Monitor currently owned by a thread:  ([mutex/lock_event])
[0x0000024cbd8f4160] Threads_lock - owner thread: 0x0000024cbd987740
[0x0000024cbd8f2930] Heap_lock - owner thread: 0x0000024cbd8f57e0

Heap address: 0x00000006c5800000, size: 5032 MB, Compressed Oops mode: Zero based, Oop shift amount: 3

CDS archive(s) mapped at: [0x0000000800000000-0x0000000800ba0000-0x0000000800ba0000), size 12189696, SharedBaseAddress: 0x0000000800000000, ArchiveRelocationMode: 0.
Compressed class space mapped at: 0x0000000800c00000-0x0000000840c00000, reserved size: 1073741824
Narrow klass base: 0x0000000800000000, Narrow klass shift: 0, Narrow klass range: 0x100000000

GC Precious Log:
 CardTable entry size: 512
 Card Set container configuration: InlinePtr #cards 4 size 8 Array Of Cards #cards 32 size 80 Howl #buckets 8 coarsen threshold 7372 Howl Bitmap #cards 1024 size 144 coarsen threshold 921 Card regions per heap region 1 cards per card region 8192
 CPUs: 8 total, 8 available
 Memory: 20122M
 Large Page Support: Disabled
 NUMA Support: Disabled
 Compressed Oops: Enabled (Zero based)
 Heap Region Size: 4M
 Heap Min Capacity: 8M
 Heap Initial Capacity: 316M
 Heap Max Capacity: 5032M
 Pre-touch: Disabled
 Parallel Workers: 8
 Concurrent Workers: 2
 Concurrent Refinement Workers: 8
 Periodic GC: Disabled

Heap:
 garbage-first heap   total 503808K, used 301711K [0x00000006c5800000, 0x0000000800000000)
  region size 4096K, 2 young (8192K), 2 survivors (8192K)
 Metaspace       used 84100K, committed 85056K, reserved 1179648K
  class space    used 8653K, committed 9152K, reserved 1048576K

Heap Regions: E=young(eden), S=young(survivor), O=old, HS=humongous(starts), HC=humongous(continues), CS=collection set, F=free, OA=open archive, CA=closed archive, TAMS=top-at-mark-start (previous, next)
|   0|0x00000006c5800000, 0x00000006c5c00000, 0x00000006c5c00000|100%|HS|  |TAMS 0x00000006c5c00000, 0x00000006c5800000| Complete 
|   1|0x00000006c5c00000, 0x00000006c6000000, 0x00000006c6000000|100%| O|  |TAMS 0x00000006c6000000, 0x00000006c5c00000| Untracked 
|   2|0x00000006c6000000, 0x00000006c6400000, 0x00000006c6400000|100%|HS|  |TAMS 0x00000006c6400000, 0x00000006c6000000| Complete 
|   3|0x00000006c6400000, 0x00000006c6800000, 0x00000006c6800000|100%| O|  |TAMS 0x00000006c6800000, 0x00000006c6400000| Untracked 
|   4|0x00000006c6800000, 0x00000006c6c00000, 0x00000006c6c00000|100%| O|  |TAMS 0x00000006c6c00000, 0x00000006c6800000| Untracked 
|   5|0x00000006c6c00000, 0x00000006c7000000, 0x00000006c7000000|100%| O|  |TAMS 0x00000006c7000000, 0x00000006c6c00000| Untracked 
|   6|0x00000006c7000000, 0x00000006c7400000, 0x00000006c7400000|100%| O|  |TAMS 0x00000006c7400000, 0x00000006c7000000| Untracked 
|   7|0x00000006c7400000, 0x00000006c7800000, 0x00000006c7800000|100%| O|  |TAMS 0x00000006c7800000, 0x00000006c7400000| Untracked 
|   8|0x00000006c7800000, 0x00000006c7c00000, 0x00000006c7c00000|100%| O|  |TAMS 0x00000006c7c00000, 0x00000006c7800000| Untracked 
|   9|0x00000006c7c00000, 0x00000006c8000000, 0x00000006c8000000|100%| O|  |TAMS 0x00000006c8000000, 0x00000006c7c00000| Untracked 
|  10|0x00000006c8000000, 0x00000006c8400000, 0x00000006c8400000|100%| O|  |TAMS 0x00000006c8400000, 0x00000006c8000000| Untracked 
|  11|0x00000006c8400000, 0x00000006c8800000, 0x00000006c8800000|100%| O|  |TAMS 0x00000006c8800000, 0x00000006c8400000| Untracked 
|  12|0x00000006c8800000, 0x00000006c8c00000, 0x00000006c8c00000|100%| O|  |TAMS 0x00000006c8c00000, 0x00000006c8800000| Untracked 
|  13|0x00000006c8c00000, 0x00000006c9000000, 0x00000006c9000000|100%| O|  |TAMS 0x00000006c8c00000, 0x00000006c8c00000| Untracked 
|  14|0x00000006c9000000, 0x00000006c9400000, 0x00000006c9400000|100%| O|  |TAMS 0x00000006c9400000, 0x00000006c9000000| Untracked 
|  15|0x00000006c9400000, 0x00000006c9800000, 0x00000006c9800000|100%| O|  |TAMS 0x00000006c9800000, 0x00000006c9400000| Untracked 
|  16|0x00000006c9800000, 0x00000006c9c00000, 0x00000006c9c00000|100%| O|  |TAMS 0x00000006c9c00000, 0x00000006c9800000| Untracked 
|  17|0x00000006c9c00000, 0x00000006ca000000, 0x00000006ca000000|100%| O|  |TAMS 0x00000006ca000000, 0x00000006c9c00000| Untracked 
|  18|0x00000006ca000000, 0x00000006ca400000, 0x00000006ca400000|100%| O|  |TAMS 0x00000006ca400000, 0x00000006ca000000| Untracked 
|  19|0x00000006ca400000, 0x00000006ca800000, 0x00000006ca800000|100%| O|  |TAMS 0x00000006ca800000, 0x00000006ca400000| Untracked 
|  20|0x00000006ca800000, 0x00000006cac00000, 0x00000006cac00000|100%| O|  |TAMS 0x00000006cac00000, 0x00000006ca800000| Untracked 
|  21|0x00000006cac00000, 0x00000006cb000000, 0x00000006cb000000|100%| O|  |TAMS 0x00000006cb000000, 0x00000006cac00000| Untracked 
|  22|0x00000006cb000000, 0x00000006cb400000, 0x00000006cb400000|100%| O|  |TAMS 0x00000006cb400000, 0x00000006cb000000| Untracked 
|  23|0x00000006cb400000, 0x00000006cb800000, 0x00000006cb800000|100%| O|  |TAMS 0x00000006cb800000, 0x00000006cb400000| Untracked 
|  24|0x00000006cb800000, 0x00000006cbc00000, 0x00000006cbc00000|100%| O|  |TAMS 0x00000006cbc00000, 0x00000006cb800000| Untracked 
|  25|0x00000006cbc00000, 0x00000006cc000000, 0x00000006cc000000|100%| O|  |TAMS 0x00000006cc000000, 0x00000006cbc00000| Untracked 
|  26|0x00000006cc000000, 0x00000006cc400000, 0x00000006cc400000|100%| O|  |TAMS 0x00000006cc400000, 0x00000006cc000000| Untracked 
|  27|0x00000006cc400000, 0x00000006cc800000, 0x00000006cc800000|100%| O|  |TAMS 0x00000006cc800000, 0x00000006cc400000| Untracked 
|  28|0x00000006cc800000, 0x00000006ccc00000, 0x00000006ccc00000|100%| O|  |TAMS 0x00000006ccc00000, 0x00000006cc800000| Untracked 
|  29|0x00000006ccc00000, 0x00000006cd000000, 0x00000006cd000000|100%| O|  |TAMS 0x00000006cd000000, 0x00000006ccc00000| Untracked 
|  30|0x00000006cd000000, 0x00000006cd400000, 0x00000006cd400000|100%| O|  |TAMS 0x00000006cd400000, 0x00000006cd000000| Untracked 
|  31|0x00000006cd400000, 0x00000006cd800000, 0x00000006cd800000|100%| O|  |TAMS 0x00000006cd800000, 0x00000006cd400000| Untracked 
|  32|0x00000006cd800000, 0x00000006cdc00000, 0x00000006cdc00000|100%| O|  |TAMS 0x00000006cd9d9400, 0x00000006cd800000| Untracked 
|  33|0x00000006cdc00000, 0x00000006ce000000, 0x00000006ce000000|100%|HS|  |TAMS 0x00000006ce000000, 0x00000006cdc00000| Complete 
|  34|0x00000006ce000000, 0x00000006ce400000, 0x00000006ce400000|100%|HC|  |TAMS 0x00000006ce400000, 0x00000006ce000000| Complete 
|  35|0x00000006ce400000, 0x00000006ce800000, 0x00000006ce800000|100%|HC|  |TAMS 0x00000006ce800000, 0x00000006ce400000| Complete 
|  36|0x00000006ce800000, 0x00000006cec00000, 0x00000006cec00000|100%| O|  |TAMS 0x00000006ce800000, 0x00000006ce800000| Untracked 
|  37|0x00000006cec00000, 0x00000006cf000000, 0x00000006cf000000|100%| O|  |TAMS 0x00000006cec00000, 0x00000006cec00000| Untracked 
|  38|0x00000006cf000000, 0x00000006cf400000, 0x00000006cf400000|100%| O|  |TAMS 0x00000006cf000000, 0x00000006cf000000| Untracked 
|  39|0x00000006cf400000, 0x00000006cf800000, 0x00000006cf800000|100%| O|  |TAMS 0x00000006cf400000, 0x00000006cf400000| Untracked 
|  40|0x00000006cf800000, 0x00000006cfc00000, 0x00000006cfc00000|100%| O|  |TAMS 0x00000006cf800000, 0x00000006cf800000| Untracked 
|  41|0x00000006cfc00000, 0x00000006d0000000, 0x00000006d0000000|100%| O|  |TAMS 0x00000006cfc00000, 0x00000006cfc00000| Untracked 
|  42|0x00000006d0000000, 0x00000006d0400000, 0x00000006d0400000|100%| O|  |TAMS 0x00000006d0000000, 0x00000006d0000000| Untracked 
|  43|0x00000006d0400000, 0x00000006d0800000, 0x00000006d0800000|100%| O|  |TAMS 0x00000006d0400000, 0x00000006d0400000| Untracked 
|  44|0x00000006d0800000, 0x00000006d0c00000, 0x00000006d0c00000|100%| O|  |TAMS 0x00000006d0800000, 0x00000006d0800000| Untracked 
|  45|0x00000006d0c00000, 0x00000006d1000000, 0x00000006d1000000|100%| O|  |TAMS 0x00000006d0c00000, 0x00000006d0c00000| Untracked 
|  46|0x00000006d1000000, 0x00000006d1400000, 0x00000006d1400000|100%| O|  |TAMS 0x00000006d1000000, 0x00000006d1000000| Untracked 
|  47|0x00000006d1400000, 0x00000006d1800000, 0x00000006d1800000|100%| O|  |TAMS 0x00000006d1400000, 0x00000006d1400000| Untracked 
|  48|0x00000006d1800000, 0x00000006d1c00000, 0x00000006d1c00000|100%| O|  |TAMS 0x00000006d1800000, 0x00000006d1800000| Untracked 
|  49|0x00000006d1c00000, 0x00000006d2000000, 0x00000006d2000000|100%| O|  |TAMS 0x00000006d1c00000, 0x00000006d1c00000| Untracked 
|  50|0x00000006d2000000, 0x00000006d2400000, 0x00000006d2400000|100%| O|  |TAMS 0x00000006d2000000, 0x00000006d2000000| Untracked 
|  51|0x00000006d2400000, 0x00000006d2800000, 0x00000006d2800000|100%| O|  |TAMS 0x00000006d2400000, 0x00000006d2400000| Untracked 
|  52|0x00000006d2800000, 0x00000006d2c00000, 0x00000006d2c00000|100%| O|  |TAMS 0x00000006d2800000, 0x00000006d2800000| Untracked 
|  53|0x00000006d2c00000, 0x00000006d3000000, 0x00000006d3000000|100%| O|  |TAMS 0x00000006d2c00000, 0x00000006d2c00000| Untracked 
|  54|0x00000006d3000000, 0x00000006d3400000, 0x00000006d3400000|100%| O|  |TAMS 0x00000006d3000000, 0x00000006d3000000| Untracked 
|  55|0x00000006d3400000, 0x00000006d3800000, 0x00000006d3800000|100%| O|  |TAMS 0x00000006d3400000, 0x00000006d3400000| Untracked 
|  56|0x00000006d3800000, 0x00000006d3c00000, 0x00000006d3c00000|100%| O|  |TAMS 0x00000006d3800000, 0x00000006d3800000| Untracked 
|  57|0x00000006d3c00000, 0x00000006d4000000, 0x00000006d4000000|100%| O|  |TAMS 0x00000006d3c00000, 0x00000006d3c00000| Untracked 
|  58|0x00000006d4000000, 0x00000006d4400000, 0x00000006d4400000|100%| O|  |TAMS 0x00000006d4000000, 0x00000006d4000000| Untracked 
|  59|0x00000006d4400000, 0x00000006d4800000, 0x00000006d4800000|100%| O|  |TAMS 0x00000006d4400000, 0x00000006d4400000| Untracked 
|  60|0x00000006d4800000, 0x00000006d4c00000, 0x00000006d4c00000|100%| O|  |TAMS 0x00000006d4800000, 0x00000006d4800000| Untracked 
|  61|0x00000006d4c00000, 0x00000006d5000000, 0x00000006d5000000|100%| O|  |TAMS 0x00000006d4c00000, 0x00000006d4c00000| Untracked 
|  62|0x00000006d5000000, 0x00000006d5400000, 0x00000006d5400000|100%| O|  |TAMS 0x00000006d5000000, 0x00000006d5000000| Untracked 
|  63|0x00000006d5400000, 0x00000006d5800000, 0x00000006d5800000|100%| O|  |TAMS 0x00000006d5400000, 0x00000006d5400000| Untracked 
|  64|0x00000006d5800000, 0x00000006d5c00000, 0x00000006d5c00000|100%| O|  |TAMS 0x00000006d5800000, 0x00000006d5800000| Untracked 
|  65|0x00000006d5c00000, 0x00000006d6000000, 0x00000006d6000000|100%| O|  |TAMS 0x00000006d5c00000, 0x00000006d5c00000| Untracked 
|  66|0x00000006d6000000, 0x00000006d6400000, 0x00000006d6400000|100%| O|  |TAMS 0x00000006d6000000, 0x00000006d6000000| Untracked 
|  67|0x00000006d6400000, 0x00000006d6800000, 0x00000006d6800000|100%| O|  |TAMS 0x00000006d6400000, 0x00000006d6400000| Untracked 
|  68|0x00000006d6800000, 0x00000006d6c00000, 0x00000006d6c00000|100%| O|  |TAMS 0x00000006d6800000, 0x00000006d6800000| Untracked 
|  69|0x00000006d6c00000, 0x00000006d7000000, 0x00000006d7000000|100%| O|  |TAMS 0x00000006d6c00000, 0x00000006d6c00000| Untracked 
|  70|0x00000006d7000000, 0x00000006d7400000, 0x00000006d7400000|100%| O|  |TAMS 0x00000006d7000000, 0x00000006d7000000| Untracked 
|  71|0x00000006d7400000, 0x00000006d7775400, 0x00000006d7800000| 86%| O|  |TAMS 0x00000006d7400000, 0x00000006d7400000| Untracked 
|  72|0x00000006d7800000, 0x00000006d7800000, 0x00000006d7c00000|  0%| F|  |TAMS 0x00000006d7800000, 0x00000006d7800000| Untracked 
|  73|0x00000006d7c00000, 0x00000006d7c00000, 0x00000006d8000000|  0%| F|  |TAMS 0x00000006d7c00000, 0x00000006d7c00000| Untracked 
|  74|0x00000006d8000000, 0x00000006d8000000, 0x00000006d8400000|  0%| F|  |TAMS 0x00000006d8000000, 0x00000006d8000000| Untracked 
|  75|0x00000006d8400000, 0x00000006d8400000, 0x00000006d8800000|  0%| F|  |TAMS 0x00000006d8400000, 0x00000006d8400000| Untracked 
|  76|0x00000006d8800000, 0x00000006d8800000, 0x00000006d8c00000|  0%| F|  |TAMS 0x00000006d8800000, 0x00000006d8800000| Untracked 
|  77|0x00000006d8c00000, 0x00000006d8c00000, 0x00000006d9000000|  0%| F|  |TAMS 0x00000006d8c00000, 0x00000006d8c00000| Untracked 
|  78|0x00000006d9000000, 0x00000006d9000000, 0x00000006d9400000|  0%| F|  |TAMS 0x00000006d9000000, 0x00000006d9000000| Untracked 
|  79|0x00000006d9400000, 0x00000006d9400000, 0x00000006d9800000|  0%| F|  |TAMS 0x00000006d9400000, 0x00000006d9400000| Untracked 
|  80|0x00000006d9800000, 0x00000006d9800000, 0x00000006d9c00000|  0%| F|  |TAMS 0x00000006d9800000, 0x00000006d9800000| Untracked 
|  81|0x00000006d9c00000, 0x00000006d9c00000, 0x00000006da000000|  0%| F|  |TAMS 0x00000006d9c00000, 0x00000006d9c00000| Untracked 
|  82|0x00000006da000000, 0x00000006da000000, 0x00000006da400000|  0%| F|  |TAMS 0x00000006da000000, 0x00000006da000000| Untracked 
|  83|0x00000006da400000, 0x00000006da400000, 0x00000006da800000|  0%| F|  |TAMS 0x00000006da400000, 0x00000006da400000| Untracked 
|  84|0x00000006da800000, 0x00000006da800000, 0x00000006dac00000|  0%| F|  |TAMS 0x00000006da800000, 0x00000006da800000| Untracked 
|  85|0x00000006dac00000, 0x00000006dac00000, 0x00000006db000000|  0%| F|  |TAMS 0x00000006dac00000, 0x00000006dac00000| Untracked 
|  86|0x00000006db000000, 0x00000006db000000, 0x00000006db400000|  0%| F|  |TAMS 0x00000006db000000, 0x00000006db000000| Untracked 
|  87|0x00000006db400000, 0x00000006db400000, 0x00000006db800000|  0%| F|  |TAMS 0x00000006db400000, 0x00000006db400000| Untracked 
|  88|0x00000006db800000, 0x00000006db800000, 0x00000006dbc00000|  0%| F|  |TAMS 0x00000006db800000, 0x00000006db800000| Untracked 
|  89|0x00000006dbc00000, 0x00000006dbc00000, 0x00000006dc000000|  0%| F|  |TAMS 0x00000006dbc00000, 0x00000006dbc00000| Untracked 
|  90|0x00000006dc000000, 0x00000006dc000000, 0x00000006dc400000|  0%| F|  |TAMS 0x00000006dc000000, 0x00000006dc000000| Untracked 
|  91|0x00000006dc400000, 0x00000006dc400000, 0x00000006dc800000|  0%| F|  |TAMS 0x00000006dc400000, 0x00000006dc400000| Untracked 
|  92|0x00000006dc800000, 0x00000006dc800000, 0x00000006dcc00000|  0%| F|  |TAMS 0x00000006dc800000, 0x00000006dc800000| Untracked 
|  93|0x00000006dcc00000, 0x00000006dcc00000, 0x00000006dd000000|  0%| F|  |TAMS 0x00000006dcc00000, 0x00000006dcc00000| Untracked 
|  94|0x00000006dd000000, 0x00000006dd000000, 0x00000006dd400000|  0%| F|  |TAMS 0x00000006dd000000, 0x00000006dd000000| Untracked 
|  95|0x00000006dd400000, 0x00000006dd72ea50, 0x00000006dd800000| 79%| S|CS|TAMS 0x00000006dd400000, 0x00000006dd400000| Complete 
|  96|0x00000006dd800000, 0x00000006ddc00000, 0x00000006ddc00000|100%| S|CS|TAMS 0x00000006dd800000, 0x00000006dd800000| Complete 
|  97|0x00000006ddc00000, 0x00000006ddc00000, 0x00000006de000000|  0%| F|  |TAMS 0x00000006ddc00000, 0x00000006ddc00000| Untracked 
|  98|0x00000006de000000, 0x00000006de000000, 0x00000006de400000|  0%| F|  |TAMS 0x00000006de000000, 0x00000006de000000| Untracked 
|  99|0x00000006de400000, 0x00000006de400000, 0x00000006de800000|  0%| F|  |TAMS 0x00000006de400000, 0x00000006de400000| Untracked 
| 100|0x00000006de800000, 0x00000006de800000, 0x00000006dec00000|  0%| F|  |TAMS 0x00000006de800000, 0x00000006de800000| Untracked 
| 101|0x00000006dec00000, 0x00000006dec00000, 0x00000006df000000|  0%| F|  |TAMS 0x00000006dec00000, 0x00000006dec00000| Untracked 
| 102|0x00000006df000000, 0x00000006df000000, 0x00000006df400000|  0%| F|  |TAMS 0x00000006df000000, 0x00000006df000000| Untracked 
| 103|0x00000006df400000, 0x00000006df400000, 0x00000006df800000|  0%| F|  |TAMS 0x00000006df400000, 0x00000006df400000| Untracked 
| 104|0x00000006df800000, 0x00000006df800000, 0x00000006dfc00000|  0%| F|  |TAMS 0x00000006df800000, 0x00000006df800000| Untracked 
| 105|0x00000006dfc00000, 0x00000006dfc00000, 0x00000006e0000000|  0%| F|  |TAMS 0x00000006dfc00000, 0x00000006dfc00000| Untracked 
| 106|0x00000006e0000000, 0x00000006e0000000, 0x00000006e0400000|  0%| F|  |TAMS 0x00000006e0000000, 0x00000006e0000000| Untracked 
| 107|0x00000006e0400000, 0x00000006e0400000, 0x00000006e0800000|  0%| F|  |TAMS 0x00000006e0400000, 0x00000006e0400000| Untracked 
| 108|0x00000006e0800000, 0x00000006e0800000, 0x00000006e0c00000|  0%| F|  |TAMS 0x00000006e0800000, 0x00000006e0800000| Untracked 
| 109|0x00000006e0c00000, 0x00000006e0c00000, 0x00000006e1000000|  0%| F|  |TAMS 0x00000006e0c00000, 0x00000006e0c00000| Untracked 
| 110|0x00000006e1000000, 0x00000006e1000000, 0x00000006e1400000|  0%| F|  |TAMS 0x00000006e1000000, 0x00000006e1000000| Untracked 
| 111|0x00000006e1400000, 0x00000006e1400000, 0x00000006e1800000|  0%| F|  |TAMS 0x00000006e1400000, 0x00000006e1400000| Untracked 
| 112|0x00000006e1800000, 0x00000006e1800000, 0x00000006e1c00000|  0%| F|  |TAMS 0x00000006e1800000, 0x00000006e1800000| Untracked 
| 113|0x00000006e1c00000, 0x00000006e1c00000, 0x00000006e2000000|  0%| F|  |TAMS 0x00000006e1c00000, 0x00000006e1c00000| Untracked 
| 114|0x00000006e2000000, 0x00000006e2000000, 0x00000006e2400000|  0%| F|  |TAMS 0x00000006e2000000, 0x00000006e2000000| Untracked 
| 115|0x00000006e2400000, 0x00000006e2400000, 0x00000006e2800000|  0%| F|  |TAMS 0x00000006e2400000, 0x00000006e2400000| Untracked 
| 116|0x00000006e2800000, 0x00000006e2800000, 0x00000006e2c00000|  0%| F|  |TAMS 0x00000006e2800000, 0x00000006e2800000| Untracked 
| 117|0x00000006e2c00000, 0x00000006e2c00000, 0x00000006e3000000|  0%| F|  |TAMS 0x00000006e2c00000, 0x00000006e2c00000| Untracked 
| 118|0x00000006e3000000, 0x00000006e3000000, 0x00000006e3400000|  0%| F|  |TAMS 0x00000006e3000000, 0x00000006e3000000| Untracked 
| 119|0x00000006e3400000, 0x00000006e3400000, 0x00000006e3800000|  0%| F|  |TAMS 0x00000006e3400000, 0x00000006e3400000| Untracked 
| 120|0x00000006e3800000, 0x00000006e3800000, 0x00000006e3c00000|  0%| F|  |TAMS 0x00000006e3800000, 0x00000006e3800000| Untracked 
| 121|0x00000006e3c00000, 0x00000006e3c00000, 0x00000006e4000000|  0%| F|  |TAMS 0x00000006e3c00000, 0x00000006e3c00000| Untracked 
| 122|0x00000006e4000000, 0x00000006e4000000, 0x00000006e4400000|  0%| F|  |TAMS 0x00000006e4000000, 0x00000006e4000000| Untracked 

Card table byte_map: [0x0000024cd56a0000,0x0000024cd6080000] _byte_map_base: 0x0000024cd2074000

Marking Bits (Prev, Next): (CMBitMap*) 0x0000024cbd971fc0, (CMBitMap*) 0x0000024cbd972000
 Prev Bits: [0x0000024cd6a60000, 0x0000024cdb900000)
 Next Bits: [0x0000024cdb900000, 0x0000024ce07a0000)

Polling page: 0x0000024cbc0c0000

Metaspace:

Usage:
  Non-class:     73.68 MB used.
      Class:      8.45 MB used.
       Both:     82.13 MB used.

Virtual space:
  Non-class space:      128.00 MB reserved,      74.12 MB ( 58%) committed,  2 nodes.
      Class space:        1.00 GB reserved,       8.94 MB ( <1%) committed,  1 nodes.
             Both:        1.12 GB reserved,      83.06 MB (  7%) committed. 

Chunk freelists:
   Non-Class:  1.47 MB
       Class:  3.11 MB
        Both:  4.58 MB

MaxMetaspaceSize: unlimited
CompressedClassSpaceSize: 1.00 GB
Initial GC threshold: 21.00 MB
Current GC threshold: 102.19 MB
CDS: on
MetaspaceReclaimPolicy: balanced
 - commit_granule_bytes: 65536.
 - commit_granule_words: 8192.
 - virtual_space_node_default_size: 8388608.
 - enlarge_chunks_in_place: 1.
 - new_chunks_are_fully_committed: 0.
 - uncommit_free_chunks: 1.
 - use_allocation_guard: 0.


Internal statistics:

num_allocs_failed_limit: 6.
num_arena_births: 1548.
num_arena_deaths: 0.
num_vsnodes_births: 3.
num_vsnodes_deaths: 0.
num_space_committed: 1327.
num_space_uncommitted: 0.
num_chunks_returned_to_freelist: 6.
num_chunks_taken_from_freelist: 4898.
num_chunk_merges: 6.
num_chunk_splits: 3623.
num_chunks_enlarged: 2742.
num_inconsistent_stats: 0.

CodeHeap 'non-profiled nmethods': size=120000Kb used=18228Kb max_used=18228Kb free=101771Kb
 bounds [0x0000024cccd20000, 0x0000024ccdef0000, 0x0000024cd4250000]
CodeHeap 'profiled nmethods': size=120000Kb used=58077Kb max_used=58077Kb free=61922Kb
 bounds [0x0000024cc57f0000, 0x0000024cc90d0000, 0x0000024cccd20000]
CodeHeap 'non-nmethods': size=5760Kb used=1444Kb max_used=1522Kb free=4315Kb
 bounds [0x0000024cc5250000, 0x0000024cc54c0000, 0x0000024cc57f0000]
 total_blobs=20688 nmethods=19933 adapters=663
 compilation: enabled
              stopped_count=0, restarted_count=0
 full_count=0

Compilation events (20 events):
Event: 23.592 Thread 0x0000024ce3208610 26578       3       org.jetbrains.kotlin.backend.jvm.lower.BytecodeInliningPreparationLowering$lower$1::visitComposite (13 bytes)
Event: 23.592 Thread 0x0000024ce32038d0 26588       4       org.jetbrains.kotlin.backend.jvm.lower.BytecodeInliningPreparationLowering$lower$1::visitGetValue (13 bytes)
Event: 23.593 Thread 0x0000024ce3208610 nmethod 26578 0x0000024cc90c2210 code [0x0000024cc90c2480, 0x0000024cc90c2ef8]
Event: 23.593 Thread 0x0000024ce3208610 26581       3       org.jetbrains.kotlin.backend.jvm.lower.BytecodeInliningPreparationLowering$lower$1::visitComposite (8 bytes)
Event: 23.593 Thread 0x0000024ce7506bf0 nmethod 26587 0x0000024ccdeebb10 code [0x0000024ccdeebcc0, 0x0000024ccdeebff8]
Event: 23.593 Thread 0x0000024ce7506bf0 26590       4       org.jetbrains.kotlin.ir.visitors.IrElementVisitor$DefaultImpls::visitConstructor (18 bytes)
Event: 23.593 Thread 0x0000024ce32038d0 nmethod 26588 0x0000024ccdeec490 code [0x0000024ccdeec620, 0x0000024ccdeec728]
Event: 23.593 Thread 0x0000024ce3208610 nmethod 26581 0x0000024cc90c3310 code [0x0000024cc90c35c0, 0x0000024cc90c41e8]
Event: 23.593 Thread 0x0000024ce7506bf0 nmethod 26590 0x0000024ccdeec910 code [0x0000024ccdeeca80, 0x0000024ccdeecb18]
Event: 23.593 Thread 0x0000024ce3208610 26566       3       org.jetbrains.kotlin.backend.jvm.lower.BytecodeInliningPreparationLowering$lower$1::visitBlock (13 bytes)
Event: 23.594 Thread 0x0000024ce7506bf0 26591       4       org.jetbrains.kotlin.backend.jvm.lower.BytecodeInliningPreparationLowering$lower$1::visitCall (13 bytes)
Event: 23.594 Thread 0x0000024ce3208610 nmethod 26566 0x0000024cc90c4690 code [0x0000024cc90c4900, 0x0000024cc90c5378]
Event: 23.594 Thread 0x0000024ce3208610 26580       3       org.jetbrains.kotlin.backend.jvm.lower.BytecodeInliningPreparationLowering$lower$1::visitBody (8 bytes)
Event: 23.594 Thread 0x0000024ce3208610 nmethod 26580 0x0000024cc90c5790 code [0x0000024cc90c59c0, 0x0000024cc90c60a8]
Event: 23.594 Thread 0x0000024ce3208610 26567       3       org.jetbrains.kotlin.backend.jvm.lower.BytecodeInliningPreparationLowering$lower$1::visitBlock (8 bytes)
Event: 23.594 Thread 0x0000024ce7506bf0 nmethod 26591 0x0000024ccdeecc10 code [0x0000024ccdeecda0, 0x0000024ccdeecea8]
Event: 23.594 Thread 0x0000024ce3208610 nmethod 26567 0x0000024cc90c6390 code [0x0000024cc90c6640, 0x0000024cc90c7268]
Event: 23.594 Thread 0x0000024ce3208610 26568       3       org.jetbrains.kotlin.backend.jvm.lower.BytecodeInliningPreparationLowering$lower$1::visitField (13 bytes)
Event: 23.595 Thread 0x0000024ce3208610 nmethod 26568 0x0000024cc90c7710 code [0x0000024cc90c7980, 0x0000024cc90c8398]
Event: 23.595 Thread 0x0000024ce3208610 26577       3       org.jetbrains.kotlin.backend.jvm.lower.BytecodeInliningPreparationLowering$lower$1::visitVariable (8 bytes)

GC Heap History (20 events):
Event: 14.977 GC heap after
{Heap after GC invocations=36 (full 0):
 garbage-first heap   total 270336K, used 156217K [0x00000006c5800000, 0x0000000800000000)
  region size 4096K, 3 young (12288K), 3 survivors (12288K)
 Metaspace       used 61520K, committed 62272K, reserved 1114112K
  class space    used 6712K, committed 7104K, reserved 1048576K
}
Event: 15.369 GC heap before
{Heap before GC invocations=36 (full 0):
 garbage-first heap   total 270336K, used 221753K [0x00000006c5800000, 0x0000000800000000)
  region size 4096K, 19 young (77824K), 3 survivors (12288K)
 Metaspace       used 61922K, committed 62720K, reserved 1114112K
  class space    used 6731K, committed 7168K, reserved 1048576K
}
Event: 15.381 GC heap after
{Heap after GC invocations=37 (full 0):
 garbage-first heap   total 270336K, used 157844K [0x00000006c5800000, 0x0000000800000000)
  region size 4096K, 2 young (8192K), 2 survivors (8192K)
 Metaspace       used 61922K, committed 62720K, reserved 1114112K
  class space    used 6731K, committed 7168K, reserved 1048576K
}
Event: 16.183 GC heap before
{Heap before GC invocations=38 (full 0):
 garbage-first heap   total 315392K, used 223380K [0x00000006c5800000, 0x0000000800000000)
  region size 4096K, 18 young (73728K), 2 survivors (8192K)
 Metaspace       used 67008K, committed 67840K, reserved 1114112K
  class space    used 7186K, committed 7616K, reserved 1048576K
}
Event: 16.189 GC heap after
{Heap after GC invocations=39 (full 0):
 garbage-first heap   total 315392K, used 159659K [0x00000006c5800000, 0x0000000800000000)
  region size 4096K, 3 young (12288K), 3 survivors (12288K)
 Metaspace       used 67008K, committed 67840K, reserved 1114112K
  class space    used 7186K, committed 7616K, reserved 1048576K
}
Event: 16.287 GC heap before
{Heap before GC invocations=39 (full 0):
 garbage-first heap   total 315392K, used 163755K [0x00000006c5800000, 0x0000000800000000)
  region size 4096K, 4 young (16384K), 3 survivors (12288K)
 Metaspace       used 67513K, committed 68352K, reserved 1114112K
  class space    used 7254K, committed 7680K, reserved 1048576K
}
Event: 16.295 GC heap after
{Heap after GC invocations=40 (full 0):
 garbage-first heap   total 503808K, used 159277K [0x00000006c5800000, 0x0000000800000000)
  region size 4096K, 1 young (4096K), 1 survivors (4096K)
 Metaspace       used 67513K, committed 68352K, reserved 1114112K
  class space    used 7254K, committed 7680K, reserved 1048576K
}
Event: 18.459 GC heap before
{Heap before GC invocations=40 (full 0):
 garbage-first heap   total 503808K, used 409133K [0x00000006c5800000, 0x0000000800000000)
  region size 4096K, 63 young (258048K), 1 survivors (4096K)
 Metaspace       used 71482K, committed 72384K, reserved 1114112K
  class space    used 7595K, committed 8064K, reserved 1048576K
}
Event: 18.487 GC heap after
{Heap after GC invocations=41 (full 0):
 garbage-first heap   total 503808K, used 210051K [0x00000006c5800000, 0x0000000800000000)
  region size 4096K, 8 young (32768K), 8 survivors (32768K)
 Metaspace       used 71482K, committed 72384K, reserved 1114112K
  class space    used 7595K, committed 8064K, reserved 1048576K
}
Event: 19.458 GC heap before
{Heap before GC invocations=41 (full 0):
 garbage-first heap   total 503808K, used 361603K [0x00000006c5800000, 0x0000000800000000)
  region size 4096K, 45 young (184320K), 8 survivors (32768K)
 Metaspace       used 72205K, committed 73024K, reserved 1179648K
  class space    used 7632K, committed 8064K, reserved 1048576K
}
Event: 19.511 GC heap after
{Heap after GC invocations=42 (full 0):
 garbage-first heap   total 503808K, used 273193K [0x00000006c5800000, 0x0000000800000000)
  region size 4096K, 6 young (24576K), 6 survivors (24576K)
 Metaspace       used 72205K, committed 73024K, reserved 1179648K
  class space    used 7632K, committed 8064K, reserved 1048576K
}
Event: 20.369 GC heap before
{Heap before GC invocations=42 (full 0):
 garbage-first heap   total 503808K, used 379689K [0x00000006c5800000, 0x0000000800000000)
  region size 4096K, 32 young (131072K), 6 survivors (24576K)
 Metaspace       used 75784K, committed 76736K, reserved 1179648K
  class space    used 7966K, committed 8448K, reserved 1048576K
}
Event: 20.384 GC heap after
{Heap after GC invocations=43 (full 0):
 garbage-first heap   total 503808K, used 285879K [0x00000006c5800000, 0x0000000800000000)
  region size 4096K, 2 young (8192K), 2 survivors (8192K)
 Metaspace       used 75784K, committed 76736K, reserved 1179648K
  class space    used 7966K, committed 8448K, reserved 1048576K
}
Event: 21.492 GC heap before
{Heap before GC invocations=43 (full 0):
 garbage-first heap   total 503808K, used 392375K [0x00000006c5800000, 0x0000000800000000)
  region size 4096K, 28 young (114688K), 2 survivors (8192K)
 Metaspace       used 82399K, committed 83392K, reserved 1179648K
  class space    used 8577K, committed 9088K, reserved 1048576K
}
Event: 21.499 GC heap after
{Heap after GC invocations=44 (full 0):
 garbage-first heap   total 503808K, used 288006K [0x00000006c5800000, 0x0000000800000000)
  region size 4096K, 2 young (8192K), 2 survivors (8192K)
 Metaspace       used 82399K, committed 83392K, reserved 1179648K
  class space    used 8577K, committed 9088K, reserved 1048576K
}
Event: 22.427 GC heap before
{Heap before GC invocations=44 (full 0):
 garbage-first heap   total 503808K, used 398598K [0x00000006c5800000, 0x0000000800000000)
  region size 4096K, 29 young (118784K), 2 survivors (8192K)
 Metaspace       used 83601K, committed 84480K, reserved 1179648K
  class space    used 8635K, committed 9088K, reserved 1048576K
}
Event: 22.440 GC heap after
{Heap after GC invocations=45 (full 0):
 garbage-first heap   total 503808K, used 294744K [0x00000006c5800000, 0x0000000800000000)
  region size 4096K, 4 young (16384K), 4 survivors (16384K)
 Metaspace       used 83601K, committed 84480K, reserved 1179648K
  class space    used 8635K, committed 9088K, reserved 1048576K
}
Event: 23.098 GC heap before
{Heap before GC invocations=45 (full 0):
 garbage-first heap   total 503808K, used 405336K [0x00000006c5800000, 0x0000000800000000)
  region size 4096K, 31 young (126976K), 4 survivors (16384K)
 Metaspace       used 83853K, committed 84800K, reserved 1179648K
  class space    used 8641K, committed 9152K, reserved 1048576K
}
Event: 23.118 GC heap after
{Heap after GC invocations=46 (full 0):
 garbage-first heap   total 503808K, used 299883K [0x00000006c5800000, 0x0000000800000000)
  region size 4096K, 4 young (16384K), 4 survivors (16384K)
 Metaspace       used 83853K, committed 84800K, reserved 1179648K
  class space    used 8641K, committed 9152K, reserved 1048576K
}
Event: 23.595 GC heap before
{Heap before GC invocations=46 (full 0):
 garbage-first heap   total 503808K, used 406379K [0x00000006c5800000, 0x0000000800000000)
  region size 4096K, 30 young (122880K), 4 survivors (16384K)
 Metaspace       used 84100K, committed 85056K, reserved 1179648K
  class space    used 8653K, committed 9152K, reserved 1048576K
}

Deoptimization events (20 events):
Event: 23.548 Thread 0x0000024cbd8f57e0 Uncommon trap: trap_request=0xffffffc6 fr.pc=0x0000024ccded0fc4 relative=0x00000000000000a4
Event: 23.548 Thread 0x0000024cbd8f57e0 Uncommon trap: reason=bimorphic_or_optimized_type_check action=maybe_recompile pc=0x0000024ccded0fc4 method=org.jetbrains.kotlin.backend.jvm.MultifileFacadesKt.isMultifileBridge(Lorg/jetbrains/kotlin/ir/declarations/IrFunction;)Z @ 7 c2
Event: 23.548 Thread 0x0000024cbd8f57e0 DEOPT PACKING pc=0x0000024ccded0fc4 sp=0x000000a861afd1b0
Event: 23.548 Thread 0x0000024cbd8f57e0 DEOPT UNPACKING pc=0x0000024cc52a5c23 sp=0x000000a861afd148 mode 2
Event: 23.548 Thread 0x0000024cbd8f57e0 Uncommon trap: trap_request=0xffffffc6 fr.pc=0x0000024ccded0fc4 relative=0x00000000000000a4
Event: 23.548 Thread 0x0000024cbd8f57e0 Uncommon trap: reason=bimorphic_or_optimized_type_check action=maybe_recompile pc=0x0000024ccded0fc4 method=org.jetbrains.kotlin.backend.jvm.MultifileFacadesKt.isMultifileBridge(Lorg/jetbrains/kotlin/ir/declarations/IrFunction;)Z @ 7 c2
Event: 23.548 Thread 0x0000024cbd8f57e0 DEOPT PACKING pc=0x0000024ccded0fc4 sp=0x000000a861afd1b0
Event: 23.548 Thread 0x0000024cbd8f57e0 DEOPT UNPACKING pc=0x0000024cc52a5c23 sp=0x000000a861afd148 mode 2
Event: 23.548 Thread 0x0000024cbd8f57e0 Uncommon trap: trap_request=0xffffffc6 fr.pc=0x0000024ccded0fc4 relative=0x00000000000000a4
Event: 23.548 Thread 0x0000024cbd8f57e0 Uncommon trap: reason=bimorphic_or_optimized_type_check action=maybe_recompile pc=0x0000024ccded0fc4 method=org.jetbrains.kotlin.backend.jvm.MultifileFacadesKt.isMultifileBridge(Lorg/jetbrains/kotlin/ir/declarations/IrFunction;)Z @ 7 c2
Event: 23.548 Thread 0x0000024cbd8f57e0 DEOPT PACKING pc=0x0000024ccded0fc4 sp=0x000000a861afda60
Event: 23.548 Thread 0x0000024cbd8f57e0 DEOPT UNPACKING pc=0x0000024cc52a5c23 sp=0x000000a861afd9f8 mode 2
Event: 23.550 Thread 0x0000024cbd8f57e0 Uncommon trap: trap_request=0xffffffc6 fr.pc=0x0000024ccded0fc4 relative=0x00000000000000a4
Event: 23.550 Thread 0x0000024cbd8f57e0 Uncommon trap: reason=bimorphic_or_optimized_type_check action=maybe_recompile pc=0x0000024ccded0fc4 method=org.jetbrains.kotlin.backend.jvm.MultifileFacadesKt.isMultifileBridge(Lorg/jetbrains/kotlin/ir/declarations/IrFunction;)Z @ 7 c2
Event: 23.550 Thread 0x0000024cbd8f57e0 DEOPT PACKING pc=0x0000024ccded0fc4 sp=0x000000a861afde70
Event: 23.550 Thread 0x0000024cbd8f57e0 DEOPT UNPACKING pc=0x0000024cc52a5c23 sp=0x000000a861afde08 mode 2
Event: 23.573 Thread 0x0000024cbd8f57e0 Uncommon trap: trap_request=0xffffffde fr.pc=0x0000024ccde904dc relative=0x0000000000002a3c
Event: 23.573 Thread 0x0000024cbd8f57e0 Uncommon trap: reason=class_check action=maybe_recompile pc=0x0000024ccde904dc method=org.jetbrains.kotlin.backend.common.phaser.NamedCompilerPhase.invoke(Lorg/jetbrains/kotlin/backend/common/phaser/PhaseConfig;Lorg/jetbrains/kotlin/backend/common/phaser/
Event: 23.573 Thread 0x0000024cbd8f57e0 DEOPT PACKING pc=0x0000024ccde904dc sp=0x000000a861afe950
Event: 23.573 Thread 0x0000024cbd8f57e0 DEOPT UNPACKING pc=0x0000024cc52a5c23 sp=0x000000a861afe908 mode 2

Classes loaded (20 events):
Event: 21.233 Loading class java/lang/constant/MethodHandleDesc$1
Event: 21.233 Loading class java/lang/constant/MethodHandleDesc$1 done
Event: 21.233 Loading class java/lang/constant/DirectMethodHandleDescImpl
Event: 21.233 Loading class java/lang/constant/DirectMethodHandleDesc
Event: 21.233 Loading class java/lang/constant/DirectMethodHandleDesc done
Event: 21.233 Loading class java/lang/constant/DirectMethodHandleDescImpl done
Event: 21.233 Loading class java/lang/constant/DirectMethodHandleDescImpl$1
Event: 21.233 Loading class java/lang/constant/DirectMethodHandleDescImpl$1 done
Event: 21.233 Loading class java/lang/constant/DirectMethodHandleDesc$1
Event: 21.233 Loading class java/lang/constant/DirectMethodHandleDesc$1 done
Event: 21.233 Loading class java/lang/constant/PrimitiveClassDescImpl
Event: 21.233 Loading class java/lang/constant/DynamicConstantDesc
Event: 21.234 Loading class java/lang/constant/DynamicConstantDesc done
Event: 21.234 Loading class java/lang/constant/PrimitiveClassDescImpl done
Event: 21.234 Loading class java/lang/constant/DynamicConstantDesc$AnonymousDynamicConstantDesc
Event: 21.234 Loading class java/lang/constant/DynamicConstantDesc$AnonymousDynamicConstantDesc done
Event: 21.234 Loading class java/util/Base64
Event: 21.234 Loading class java/util/Base64 done
Event: 21.234 Loading class java/util/Base64$Encoder
Event: 21.234 Loading class java/util/Base64$Encoder done

Classes unloaded (0 events):
No events

Classes redefined (0 events):
No events

Internal exceptions (20 events):
Event: 15.587 Thread 0x0000024cbd8f57e0 Implicit null exception at 0x0000024cccde4877 to 0x0000024cccde4cc4
Event: 15.960 Thread 0x0000024cbd8f57e0 Exception <a 'java/lang/NoSuchMethodError'{0x00000006d7757650}: 'int java.lang.invoke.Invokers$Holder.invokeExact_MT(java.lang.Object, java.lang.Object, java.lang.Object)'> (0x00000006d7757650) 
thrown [s\open\src\hotspot\share\interpreter\linkResolver.cpp, line 759]
Event: 15.961 Thread 0x0000024cbd8f57e0 Exception <a 'java/lang/NoSuchMethodError'{0x00000006d775c118}: 'void java.lang.invoke.Invokers$Holder.invokeExact_MT(java.lang.Object, java.lang.Object, java.lang.Object, java.lang.Object)'> (0x00000006d775c118) 
thrown [s\open\src\hotspot\share\interpreter\linkResolver.cpp, line 759]
Event: 15.971 Thread 0x0000024cbd8f57e0 Exception <a 'java/lang/NoSuchMethodError'{0x00000006d7077878}: 'java.lang.Object java.lang.invoke.DirectMethodHandle$Holder.invokeStaticInit(java.lang.Object, java.lang.Object, java.lang.Object, java.lang.Object)'> (0x00000006d7077878) 
thrown [s\open\src\hotspot\share\interpreter\linkResolver.cpp, line 759]
Event: 16.133 Thread 0x0000024cbd8f57e0 Exception <a 'java/lang/NoSuchMethodError'{0x00000006d64ff918}: 'java.lang.Object java.lang.invoke.DirectMethodHandle$Holder.newInvokeSpecial(java.lang.Object, java.lang.Object, int, int, java.lang.Object, java.lang.Object, java.lang.Object)'> (0x00000006d64ff918) 
thrown [s\open\src\hotspot\share\interpreter\linkResolver.cpp, line 759]
Event: 16.227 Thread 0x0000024cbd8f57e0 Exception <a 'java/lang/NoSuchMethodError'{0x00000006d917b238}: 'java.lang.Object java.lang.invoke.DirectMethodHandle$Holder.invokeStatic(java.lang.Object, java.lang.Object, java.lang.Object, int, int, java.lang.Object, java.lang.Object, java.lang.Object)'> (0x00000006d917b238) 
thrown [s\open\src\hotspot\share\interpreter\linkResolver.cpp, line 759]
Event: 16.227 Thread 0x0000024cbd8f57e0 Exception <a 'java/lang/NoSuchMethodError'{0x00000006d9183fb8}: 'java.lang.Object java.lang.invoke.DirectMethodHandle$Holder.newInvokeSpecial(java.lang.Object, java.lang.Object, java.lang.Object, int, int)'> (0x00000006d9183fb8) 
thrown [s\open\src\hotspot\share\interpreter\linkResolver.cpp, line 759]
Event: 16.227 Thread 0x0000024cbd8f57e0 Exception <a 'java/lang/NoSuchMethodError'{0x00000006d9187e00}: 'java.lang.Object java.lang.invoke.DirectMethodHandle$Holder.invokeSpecial(java.lang.Object, java.lang.Object, java.lang.Object, java.lang.Object, int, int)'> (0x00000006d9187e00) 
thrown [s\open\src\hotspot\share\interpreter\linkResolver.cpp, line 759]
Event: 16.262 Thread 0x0000024cbd8f57e0 Implicit null exception at 0x0000024cccd8e370 to 0x0000024cccd8e5ac
Event: 16.276 Thread 0x0000024cbd8f57e0 Exception <a 'java/lang/NoSuchMethodError'{0x00000006d936a248}: 'java.lang.Object java.lang.invoke.DirectMethodHandle$Holder.invokeSpecial(java.lang.Object, java.lang.Object, int, int, java.lang.Object, java.lang.Object, java.lang.Object, java.lang.Object, java.lang.Object)'> (0x00000006d936a248) 
thrown [s\open\src\hotspot\share\interpreter\linkResolver.cpp, line 759]
Event: 16.282 Thread 0x0000024cbd8f57e0 Implicit null exception at 0x0000024cccd7e48f to 0x0000024cccd7e509
Event: 18.263 Thread 0x0000024cbd8f57e0 Implicit null exception at 0x0000024ccda69e4a to 0x0000024ccda6a4cc
Event: 20.420 Thread 0x0000024cbd8f57e0 Implicit null exception at 0x0000024ccda55335 to 0x0000024ccda5552a
Event: 20.442 Thread 0x0000024cbd8f57e0 Implicit null exception at 0x0000024ccdac5582 to 0x0000024ccdac5940
Event: 20.469 Thread 0x0000024cbd8f57e0 Implicit null exception at 0x0000024ccdc293e6 to 0x0000024ccdc29496
Event: 20.512 Thread 0x0000024cbd8f57e0 Implicit null exception at 0x0000024ccdad8705 to 0x0000024ccdad9b68
Event: 21.508 Thread 0x0000024cbd8f57e0 Implicit null exception at 0x0000024ccdd3bafc to 0x0000024ccdd3be7c
Event: 21.629 Thread 0x0000024cbd8f57e0 Implicit null exception at 0x0000024ccdd1ace7 to 0x0000024ccdd1ae88
Event: 21.629 Thread 0x0000024cbd8f57e0 Implicit null exception at 0x0000024ccdca29a7 to 0x0000024ccdca2cc6
Event: 23.499 Thread 0x0000024cbd8f57e0 Implicit null exception at 0x0000024ccdecedd2 to 0x0000024ccdecee55

VM Operations (20 events):
Event: 22.271 Executing VM operation: HandshakeAllThreads done
Event: 22.305 Executing VM operation: ICBufferFull
Event: 22.305 Executing VM operation: ICBufferFull done
Event: 22.427 Executing VM operation: G1CollectForAllocation
Event: 22.440 Executing VM operation: G1CollectForAllocation done
Event: 22.617 Executing VM operation: ICBufferFull
Event: 22.617 Executing VM operation: ICBufferFull done
Event: 22.640 Executing VM operation: HandshakeAllThreads
Event: 22.640 Executing VM operation: HandshakeAllThreads done
Event: 22.830 Executing VM operation: HandshakeAllThreads
Event: 22.830 Executing VM operation: HandshakeAllThreads done
Event: 22.920 Executing VM operation: ICBufferFull
Event: 22.920 Executing VM operation: ICBufferFull done
Event: 23.045 Executing VM operation: ICBufferFull
Event: 23.045 Executing VM operation: ICBufferFull done
Event: 23.098 Executing VM operation: G1CollectForAllocation
Event: 23.118 Executing VM operation: G1CollectForAllocation done
Event: 23.126 Executing VM operation: HandshakeAllThreads
Event: 23.126 Executing VM operation: HandshakeAllThreads done
Event: 23.595 Executing VM operation: G1CollectForAllocation

Events (20 events):
Event: 23.160 Thread 0x0000024ce3214020 flushing nmethod 0x0000024cc89ae610
Event: 23.160 Thread 0x0000024ce3214020 flushing nmethod 0x0000024cc89c8090
Event: 23.160 Thread 0x0000024ce3214020 flushing nmethod 0x0000024cc89cb190
Event: 23.160 Thread 0x0000024ce3214020 flushing nmethod 0x0000024cc89d5a10
Event: 23.160 Thread 0x0000024ce3214020 flushing nmethod 0x0000024cc89e5c90
Event: 23.160 Thread 0x0000024ce3214020 flushing nmethod 0x0000024cc8a1ee90
Event: 23.160 Thread 0x0000024ce3214020 flushing nmethod 0x0000024cc8a4ab10
Event: 23.161 Thread 0x0000024ce3214020 flushing nmethod 0x0000024cc8ab0990
Event: 23.161 Thread 0x0000024ce3214020 flushing nmethod 0x0000024cc8af1a10
Event: 23.161 Thread 0x0000024ce3214020 flushing nmethod 0x0000024cc8b0fa90
Event: 23.161 Thread 0x0000024ce3214020 flushing nmethod 0x0000024cc8b5b690
Event: 23.161 Thread 0x0000024ce3214020 flushing nmethod 0x0000024cc8b8ed90
Event: 23.161 Thread 0x0000024ce3214020 flushing nmethod 0x0000024cc8bc0b10
Event: 23.162 Thread 0x0000024ce3214020 flushing nmethod 0x0000024cc8c41c10
Event: 23.162 Thread 0x0000024ce3214020 flushing nmethod 0x0000024cc8c79510
Event: 23.162 Thread 0x0000024ce3214020 flushing nmethod 0x0000024cc8d91a10
Event: 23.163 Thread 0x0000024ce3214020 flushing nmethod 0x0000024cc8dd5a10
Event: 23.163 Thread 0x0000024ce3214020 flushing nmethod 0x0000024cc8e56e10
Event: 23.164 Thread 0x0000024ce3214020 flushing nmethod 0x0000024cc9034690
Event: 23.164 Thread 0x0000024ce3214020 flushing nmethod 0x0000024cc9077310


Dynamic libraries:
0x00007ff722090000 - 0x00007ff7220a0000 	C:\Program Files\Java\jdk-18.0.2\bin\java.exe
0x00007ffcf0360000 - 0x00007ffcf05c6000 	C:\WINDOWS\SYSTEM32\ntdll.dll
0x00007ffcef6f0000 - 0x00007ffcef7b9000 	C:\WINDOWS\System32\KERNEL32.DLL
0x00007ffcedd50000 - 0x00007ffcee11c000 	C:\WINDOWS\System32\KERNELBASE.dll
0x00007ffcedab0000 - 0x00007ffcedbfb000 	C:\WINDOWS\System32\ucrtbase.dll
0x00007ffcb8d40000 - 0x00007ffcb8d58000 	C:\Program Files\Java\jdk-18.0.2\bin\jli.dll
0x00007ffcb7dd0000 - 0x00007ffcb7dea000 	C:\Program Files\Java\jdk-18.0.2\bin\VCRUNTIME140.dll
0x00007ffcef940000 - 0x00007ffcef9f2000 	C:\WINDOWS\System32\ADVAPI32.dll
0x00007ffceec10000 - 0x00007ffceecb9000 	C:\WINDOWS\System32\msvcrt.dll
0x00007ffcef540000 - 0x00007ffcef5e6000 	C:\WINDOWS\System32\sechost.dll
0x00007ffceee30000 - 0x00007ffceef46000 	C:\WINDOWS\System32\RPCRT4.dll
0x00007ffceef90000 - 0x00007ffcef15a000 	C:\WINDOWS\System32\USER32.dll
0x00007ffcce580000 - 0x00007ffcce81a000 	C:\WINDOWS\WinSxS\amd64_microsoft.windows.common-controls_6595b64144ccf1df_6.0.26100.3912_none_3e07963ce335137e\COMCTL32.dll
0x00007ffced900000 - 0x00007ffced927000 	C:\WINDOWS\System32\win32u.dll
0x00007ffcefb00000 - 0x00007ffcefb2b000 	C:\WINDOWS\System32\GDI32.dll
0x00007ffced590000 - 0x00007ffced6c2000 	C:\WINDOWS\System32\gdi32full.dll
0x00007ffced6d0000 - 0x00007ffced773000 	C:\WINDOWS\System32\msvcp_win.dll
0x00007ffcdb900000 - 0x00007ffcdb90b000 	C:\WINDOWS\SYSTEM32\VERSION.dll
0x00007ffceef50000 - 0x00007ffceef80000 	C:\WINDOWS\System32\IMM32.DLL
0x00007ffcc9fa0000 - 0x00007ffcc9fac000 	C:\Program Files\Java\jdk-18.0.2\bin\vcruntime140_1.dll
0x00007ffca8d20000 - 0x00007ffca8dad000 	C:\Program Files\Java\jdk-18.0.2\bin\msvcp140.dll
0x00007ffc90050000 - 0x00007ffc90c61000 	C:\Program Files\Java\jdk-18.0.2\bin\server\jvm.dll
0x00007ffcef6e0000 - 0x00007ffcef6e8000 	C:\WINDOWS\System32\PSAPI.DLL
0x00007ffcc33a0000 - 0x00007ffcc33aa000 	C:\WINDOWS\SYSTEM32\WSOCK32.dll
0x00007ffce2590000 - 0x00007ffce25c6000 	C:\WINDOWS\SYSTEM32\WINMM.dll
0x00007ffcefa80000 - 0x00007ffcefaf4000 	C:\WINDOWS\System32\WS2_32.dll
0x00007ffcec2b0000 - 0x00007ffcec2ca000 	C:\WINDOWS\SYSTEM32\kernel.appcore.dll
0x00007ffcbd9e0000 - 0x00007ffcbd9ea000 	C:\Program Files\Java\jdk-18.0.2\bin\jimage.dll
0x00007ffceacc0000 - 0x00007ffceaf01000 	C:\WINDOWS\SYSTEM32\DBGHELP.DLL
0x00007ffcee880000 - 0x00007ffceec04000 	C:\WINDOWS\System32\combase.dll
0x00007ffcef5f0000 - 0x00007ffcef6d0000 	C:\WINDOWS\System32\OLEAUT32.dll
0x00007ffcca5e0000 - 0x00007ffcca619000 	C:\WINDOWS\SYSTEM32\dbgcore.DLL
0x00007ffced4f0000 - 0x00007ffced589000 	C:\WINDOWS\System32\bcryptPrimitives.dll
0x00007ffcb71a0000 - 0x00007ffcb71c5000 	C:\Program Files\Java\jdk-18.0.2\bin\java.dll
0x00007ffc957a0000 - 0x00007ffc95876000 	C:\Program Files\Java\jdk-18.0.2\bin\jsvml.dll
0x00007ffcee130000 - 0x00007ffcee85d000 	C:\WINDOWS\System32\SHELL32.dll
0x00007ffced780000 - 0x00007ffced8f4000 	C:\WINDOWS\System32\wintypes.dll
0x00007ffceb180000 - 0x00007ffceb9d6000 	C:\WINDOWS\SYSTEM32\windows.storage.dll
0x00007ffcef160000 - 0x00007ffcef24f000 	C:\WINDOWS\System32\SHCORE.dll
0x00007ffcef470000 - 0x00007ffcef4d9000 	C:\WINDOWS\System32\shlwapi.dll
0x00007ffced400000 - 0x00007ffced42f000 	C:\WINDOWS\SYSTEM32\profapi.dll
0x00007ffcb6810000 - 0x00007ffcb6823000 	C:\Program Files\Java\jdk-18.0.2\bin\net.dll
0x00007ffce4f50000 - 0x00007ffce506e000 	C:\WINDOWS\SYSTEM32\WINHTTP.dll
0x00007ffcec820000 - 0x00007ffcec88a000 	C:\WINDOWS\system32\mswsock.dll
0x00007ffcb67f0000 - 0x00007ffcb6806000 	C:\Program Files\Java\jdk-18.0.2\bin\nio.dll
0x00007ffcb67d0000 - 0x00007ffcb67e8000 	C:\Program Files\Java\jdk-18.0.2\bin\zip.dll
0x00007ffcb9d60000 - 0x00007ffcb9d70000 	C:\Program Files\Java\jdk-18.0.2\bin\verify.dll

dbghelp: loaded successfully - version: 4.0.5 - missing functions: none
symbol engine: initialized successfully - sym options: 0x614 - pdb path: .;C:\Program Files\Java\jdk-18.0.2\bin;C:\WINDOWS\SYSTEM32;C:\WINDOWS\WinSxS\amd64_microsoft.windows.common-controls_6595b64144ccf1df_6.0.26100.3912_none_3e07963ce335137e;C:\Program Files\Java\jdk-18.0.2\bin\server

VM Arguments:
java_command: org.jetbrains.kotlin.cli.jvm.K2JVMCompiler @D:\xampp\htdocs\CoffeeShop\Client\app\build\20250525_15151806088835220044.compiler.options
java_class_path (initial): C:\Users\hp\.gradle\caches\modules-2\files-2.1\org.jetbrains.kotlin\kotlin-compiler-embeddable\1.8.10\b0757fd774344d54ce93f5ad6c30ba1c1731c8ff\kotlin-compiler-embeddable-1.8.10.jar;C:\Users\hp\.gradle\caches\modules-2\files-2.1\org.jetbrains.kotlin\kotlin-stdlib\1.8.10\6d5560a229477df9406943d5feda5618e98eb64c\kotlin-stdlib-1.8.10.jar;C:\Users\hp\.gradle\caches\modules-2\files-2.1\org.jetbrains.kotlin\kotlin-script-runtime\1.8.10\b13ea9c7e46d589139e56086a878763290e20bd5\kotlin-script-runtime-1.8.10.jar;C:\Users\hp\.gradle\caches\modules-2\files-2.1\org.jetbrains.kotlin\kotlin-reflect\1.6.10\1cbe9c92c12a94eea200d23c2bbaedaf3daf5132\kotlin-reflect-1.6.10.jar;C:\Users\hp\.gradle\caches\modules-2\files-2.1\org.jetbrains.kotlin\kotlin-daemon-embeddable\1.8.10\ad8541d9bc1cf9e52c3204161247910c2cf601d4\kotlin-daemon-embeddable-1.8.10.jar;C:\Users\hp\.gradle\caches\modules-2\files-2.1\org.jetbrains.intellij.deps\trove4j\1.0.20200330\3afb14d5f9ceb459d724e907a21145e8ff394f02\trove4j-1.0.20200330.jar;C:\Users\hp\.gradle\caches\modules-2\files-2.1\net.java.dev.jna\jna\5.6.0\330f2244e9030119ab3030fc3fededc86713d9cc\jna-5.6.0.jar;C:\Users\hp\.gradle\caches\modules-2\files-2.1\org.jetbrains.kotlin\kotlin-stdlib-common\1.8.10\a61b182458550492c12aee66157d7b524a63a5ec\kotlin-stdlib-common-1.8.10.jar;C:\Users\hp\.gradle\caches\modules-2\files-2.1\org.jetbrains\annotations\13.0\919f0dfe192fb4e063e7dacadee7f8bb9a2672a9\annotations-13.0.jar
Launcher Type: SUN_STANDARD

[Global flags]
     intx CICompilerCount                          = 4                                         {product} {ergonomic}
     uint ConcGCThreads                            = 2                                         {product} {ergonomic}
     uint G1ConcRefinementThreads                  = 8                                         {product} {ergonomic}
   size_t G1HeapRegionSize                         = 4194304                                   {product} {ergonomic}
    uintx GCDrainStackTargetSize                   = 64                                        {product} {ergonomic}
   size_t InitialHeapSize                          = 331350016                                 {product} {ergonomic}
   size_t MarkStackSize                            = 4194304                                   {product} {ergonomic}
   size_t MaxHeapSize                              = 5276434432                                {product} {ergonomic}
   size_t MaxNewSize                               = 3162505216                                {product} {ergonomic}
   size_t MinHeapDeltaBytes                        = 4194304                                   {product} {ergonomic}
   size_t MinHeapSize                              = 8388608                                   {product} {ergonomic}
    uintx NonNMethodCodeHeapSize                   = 5839372                                {pd product} {ergonomic}
    uintx NonProfiledCodeHeapSize                  = 122909434                              {pd product} {ergonomic}
    uintx ProfiledCodeHeapSize                     = 122909434                              {pd product} {ergonomic}
    uintx ReservedCodeCacheSize                    = 251658240                              {pd product} {ergonomic}
     bool SegmentedCodeCache                       = true                                      {product} {ergonomic}
   size_t SoftMaxHeapSize                          = 5276434432                             {manageable} {ergonomic}
     bool UseCompressedClassPointers               = true                           {product lp64_product} {ergonomic}
     bool UseCompressedOops                        = true                           {product lp64_product} {ergonomic}
     bool UseG1GC                                  = true                                      {product} {ergonomic}
     bool UseLargePagesIndividualAllocation        = false                                  {pd product} {ergonomic}

Logging:
Log output configuration:
 #0: stdout all=warning uptime,level,tags foldmultilines=false
 #1: stderr all=off uptime,level,tags foldmultilines=false

Environment Variables:
JAVA_HOME=C:\Program Files\Java\jdk-18.0.2
PATH=C:\Program Files (x86)\VMware\VMware Workstation\bin\;C:\Program Files\Microsoft MPI\Bin\;C:\Program Files\Common Files\Oracle\Java\javapath;"C:\Program Files\Java\jdk-18.0.2\bin;C:\Program Files\Common Files\Oracle\Java\javapath";C:\Program Files (x86)\mingw-w64\i686-8.1.0-posix-dwarf-rt_v6-rev0\mingw32\i686-w64-mingw32\bin;C:\WINDOWS\system32;C:\WINDOWS;C:\WINDOWS\System32\Wbem;C:\WINDOWS\System32\WindowsPowerShell\v1.0\;C:\WINDOWS\System32\OpenSSH\;C:\Program Files (x86)\mingw-w64\i686-8.1.0-posix-dwarf-rt_v6-rev0\mingw32\bin;C:\Program Files\Microsoft SQL Server\Client SDK\ODBC\170\Tools\Binn\;C:\Program Files (x86)\Microsoft SQL Server\150\Tools\Binn\;C:\Program Files\Microsoft SQL Server\150\Tools\Binn\;C:\Program Files\Microsoft SQL Server\150\DTS\Binn\;C:\Program Files (x86)\Rational\common;C:\Program Files\Microsoft SQL Server\130\Tools\Binn\;C:\Program Files\PHP;C:\Program Files\nodejs\;C:\Program Files\dotnet\;C:\Program Files\Microsoft VS Code\bin;C:\Program Files (x86)\Microsoft SQL Server\160\DTS\Binn\;C:\Program Files\Git\cmd;C:\Program Files\Java\jdk-18.0.2\bin;;C:\WINDOWS\system32;C:\WINDOWS;C:\WINDOWS\System32\Wbem;C:\WINDOWS\System32\WindowsPowerShell\v1.0\;C:\WINDOWS\System32\OpenSSH\;C:\Users\hp\AppData\Local\Programs\Python\Python312\Scripts\;C:\Users\hp\AppData\Local\Programs\Python\Python312\;C:\Users\hp\AppData\Local\Programs\Python\Launcher\;C:\Users\hp\scoop\shims;C:\Program Files\Java\jdk-18.0.2\bin;C:\Program Files\JetBrains\IntelliJ IDEA 2021.2.3\bin;;C:\Program Files (x86)\SSH Communications Security\SSH Secure Shell;C:\Users\hp\AppData\Local\Microsoft\WindowsApps;C:\Users\hp\AppData\Roaming\npm;C:\Program Files\heroku\bin;C:\Users\hp\.dotnet\tools;C:\src\flutter\bin;C:\Users\hp\AppData\Local\Programs\oh-my-posh\bin;
USERNAME=HoangLinhSama
OS=Windows_NT
PROCESSOR_IDENTIFIER=Intel64 Family 6 Model 140 Stepping 1, GenuineIntel



---------------  S Y S T E M  ---------------

OS:
 Windows 11 , 64 bit Build 26100 (10.0.26100.3912)
OS uptime: 9 days 17:56 hours

CPU: total 8 (initial active 8) (4 cores per cpu, 2 threads per core) family 6 model 140 stepping 1 microcode 0xb4, cx8, cmov, fxsr, ht, mmx, 3dnowpref, sse, sse2, sse3, ssse3, sse4.1, sse4.2, popcnt, lzcnt, tsc, tscinvbit, avx, avx2, aes, erms, clmul, bmi1, bmi2, adx, avx512f, avx512dq, avx512cd, avx512bw, avx512vl, sha, fma, vzeroupper, avx512_vpopcntdq, avx512_vpclmulqdq, avx512_vaes, avx512_vnni, clflush, clflushopt, clwb, avx512_vbmi2, avx512_vbmi

Memory: 4k page, system-wide physical 20122M (4278M free)
TotalPageFile size 21997M (AvailPageFile size 111M)
current process WorkingSet (physical memory assigned to process): 782M, peak: 798M
current process commit charge ("private bytes"): 829M, peak: 1016M

vm_info: Java HotSpot(TM) 64-Bit Server VM (18.0.2+9-61) for windows-amd64 JRE (18.0.2+9-61), built on Jun  7 2022 13:09:01 by "mach5one" with MS VC++ 16.8 / 16.9 (VS2019)

END.
