#
# There is insufficient memory for the Java Runtime Environment to continue.
# Native memory allocation (malloc) failed to allocate 2149296 bytes for Chunk::new
# Possible reasons:
#   The system is out of physical RAM or swap space
#   The process is running with CompressedOops enabled, and the Java Heap may be blocking the growth of the native heap
# Possible solutions:
#   Reduce memory load on the system
#   Increase physical memory or swap space
#   Check if swap backing store is full
#   Decrease Java heap size (-Xmx/-Xms)
#   Decrease number of Java threads
#   Decrease Java thread stack sizes (-Xss)
#   Set larger code cache with -XX:ReservedCodeCacheSize=
#   JVM is running with Unscaled Compressed Oops mode in which the Java heap is
#     placed in the first 4GB address space. The Java Heap base address is the
#     maximum limit for the native heap growth. Please use -XX:HeapBaseMinAddress
#     to set the Java Heap base and to place the Java Heap above 4GB virtual address.
# This output file may be truncated or incomplete.
#
#  Out of Memory Error (arena.cpp:184), pid=11040, tid=1596
#
# JRE version: Java(TM) SE Runtime Environment (18.0.2+9) (build 18.0.2+9-61)
# Java VM: Java HotSpot(TM) 64-Bit Server VM (18.0.2+9-61, mixed mode, sharing, tiered, compressed oops, compressed class ptrs, g1 gc, windows-amd64)
# No core dump will be written. Minidumps are not enabled by default on client versions of Windows
#

---------------  S U M M A R Y ------------

Command Line: --add-opens=java.base/java.util=ALL-UNNAMED --add-opens=java.base/java.lang=ALL-UNNAMED --add-opens=java.base/java.lang.invoke=ALL-UNNAMED --add-opens=java.prefs/java.util.prefs=ALL-UNNAMED --add-opens=java.base/java.nio.charset=ALL-UNNAMED --add-opens=java.base/java.net=ALL-UNNAMED --add-opens=java.base/java.util.concurrent.atomic=ALL-UNNAMED -Xmx2048m -Dfile.encoding=UTF-8 -Duser.country=US -Duser.language=en -Duser.variant org.gradle.launcher.daemon.bootstrap.GradleDaemon 8.0

Host: 11th Gen Intel(R) Core(TM) i7-1165G7 @ 2.80GHz, 8 cores, 19G,  Windows 11 , 64 bit Build 26100 (10.0.26100.3912)
Time: Thu May  8 17:32:20 2025 SE Asia Standard Time elapsed time: 120.346007 seconds (0d 0h 2m 0s)

---------------  T H R E A D  ---------------

Current thread (0x0000025269918bd0):  JavaThread "C2 CompilerThread2" daemon [_thread_in_native, id=1596, stack(0x000000a3f3800000,0x000000a3f3900000)]


Current CompileTask:
C2: 120346 16445       4       org.gradle.api.internal.tasks.compile.incremental.serialization.HierarchicalNameSerializer::readName (51 bytes)

Stack: [0x000000a3f3800000,0x000000a3f3900000]
Native frames: (J=compiled Java code, j=interpreted, Vv=VM code, C=native code)
V  [jvm.dll+0x6993ca]
V  [jvm.dll+0x7f481d]
V  [jvm.dll+0x7f612e]
V  [jvm.dll+0x7f67e3]
V  [jvm.dll+0x25cdaf]
V  [jvm.dll+0xb8c2f]
V  [jvm.dll+0xb8fa5]
V  [jvm.dll+0x386091]
V  [jvm.dll+0x34fd01]
V  [jvm.dll+0x34f19a]
V  [jvm.dll+0x22ff51]
V  [jvm.dll+0x22f321]
V  [jvm.dll+0x1ba01c]
V  [jvm.dll+0x23ec9a]
V  [jvm.dll+0x23cf85]
V  [jvm.dll+0x7a6e21]
V  [jvm.dll+0x7a125a]
V  [jvm.dll+0x698275]
C  [ucrtbase.dll+0x37b0]
C  [KERNEL32.DLL+0x2e8d7]
C  [ntdll.dll+0x9c5dc]


---------------  P R O C E S S  ---------------

Threads class SMR info:
_java_thread_list=0x000002526c3d4d90, length=165, elements={
0x00000252453b5680, 0x000002526302fc80, 0x0000025263030530, 0x00000252678074e0,
0x0000025267807d90, 0x0000025267808640, 0x0000025267808ef0, 0x000002526780bae0,
0x000002526780f8d0, 0x000002526781c600, 0x0000025267953ef0, 0x0000025267955810,
0x0000025269564520, 0x0000025268f54e80, 0x0000025268e78440, 0x0000025268cb2db0,
0x00000252695434e0, 0x000002526922a390, 0x000002526922b6d0, 0x000002526922a860,
0x000002526922dd50, 0x000002526922ad30, 0x000002526922d3b0, 0x000002526a9f6220,
0x000002526a9f4ee0, 0x000002526a9f7560, 0x000002526a9f4070, 0x000002526a9f5880,
0x000002526cba7950, 0x000002526cbac180, 0x000002526cbab7e0, 0x000002526cbac650,
0x000002526cbabcb0, 0x000002526cbacff0, 0x000002526b7aaa30, 0x000002526b7a7070,
0x000002526b7a7a10, 0x00000252685aa080, 0x00000252685a96e0, 0x00000252685a9bb0,
0x00000252685a83a0, 0x00000252696bdd20, 0x00000252696bf060, 0x00000252696c1210,
0x00000252696bfa00, 0x00000252696bfed0, 0x00000252696be1f0, 0x00000252696bd850,
0x00000252696c2080, 0x00000252696bf530, 0x00000252696be6c0, 0x00000252696c2ef0,
0x00000252696c0870, 0x00000252696c0d40, 0x00000252696c03a0, 0x00000252696c16e0,
0x00000252696c33c0, 0x00000252696c4700, 0x00000252696c1bb0, 0x00000252696c3890,
0x00000252696c2550, 0x00000252696c2a20, 0x00000252696c3d60, 0x00000252696c4230,
0x00000252696c4bd0, 0x00000252696c50a0, 0x000002526cba9b00, 0x000002526cba7e20,
0x000002526cba9160, 0x000002526cba82f0, 0x000002526cba6fb0, 0x000002526cba7480,
0x000002526cba9630, 0x000002526cba87c0, 0x000002526cba8c90, 0x000002526cba9fd0,
0x000002526cba6ae0, 0x000002526cba6610, 0x000002526cbacb20, 0x000002526cbaa4a0,
0x000002526cbaa970, 0x000002526cbaae40, 0x000002526cbab310, 0x000002526a9f9240,
0x000002526a9f9710, 0x000002526a9f5d50, 0x000002526a9f9be0, 0x000002526a9f7f00,
0x000002526a9f83d0, 0x000002526a9f88a0, 0x000002526a9f8d70, 0x000002526a9fa0b0,
0x000002526a9f66f0, 0x000002526a9fa580, 0x000002526a9faa50, 0x000002526a9faf20,
0x000002526a9fb3f0, 0x000002526a9fb8c0, 0x00000252685aaa20, 0x00000252685a7060,
0x00000252685ab890, 0x00000252685ac700, 0x00000252685abd60, 0x00000252685a8d40,
0x00000252685acbd0, 0x00000252685a9210, 0x00000252685ad0a0, 0x00000252685ada40,
0x00000252685adf10, 0x0000025267a2c750, 0x0000025267a29260, 0x0000025267a29730,
0x0000025267a2aa70, 0x0000025267a2b410, 0x0000025267a2af40, 0x0000025267a2b8e0,
0x000002526922cee0, 0x000002526922c540, 0x000002526922ca10, 0x000002526922b200,
0x000002526b7a7540, 0x0000025272009dd0, 0x0000025272008a90, 0x000002527200a770,
0x000002527200a2a0, 0x0000025272009900, 0x0000025272008f60, 0x0000025272009430,
0x000002527200ac40, 0x000002527200b110, 0x000002527200b5e0, 0x000002527200bab0,
0x00000252720080f0, 0x000002527200bf80, 0x00000252720085c0, 0x000002527200d2c0,
0x000002527200d790, 0x000002527200f940, 0x000002527200c450, 0x000002527200e600,
0x000002527200dc60, 0x000002527200cdf0, 0x000002527200f470, 0x000002527200e130,
0x000002527200ead0, 0x0000025269f30110, 0x0000025269f2c750, 0x0000025269f2f2a0,
0x0000025269f2d5c0, 0x0000025269f2d0f0, 0x0000025269f2fc40, 0x0000025269f2edd0,
0x0000025269f305e0, 0x0000025269f2f770, 0x00000252699186c0, 0x0000025269918bd0,
0x0000025269f2cc20, 0x0000025269f30ab0, 0x0000025269f30f80, 0x0000025269f31450,
0x0000025269f2da90, 0x0000025269f31920, 0x0000025269f31df0, 0x0000025269f322c0,
0x0000025269f33130
}

Java Threads: ( => current thread )
  0x00000252453b5680 JavaThread "main" [_thread_blocked, id=19140, stack(0x000000a3ea200000,0x000000a3ea300000)]
  0x000002526302fc80 JavaThread "Reference Handler" daemon [_thread_blocked, id=4736, stack(0x000000a3ea900000,0x000000a3eaa00000)]
  0x0000025263030530 JavaThread "Finalizer" daemon [_thread_blocked, id=18616, stack(0x000000a3eaa00000,0x000000a3eab00000)]
  0x00000252678074e0 JavaThread "Signal Dispatcher" daemon [_thread_blocked, id=10664, stack(0x000000a3eab00000,0x000000a3eac00000)]
  0x0000025267807d90 JavaThread "Attach Listener" daemon [_thread_blocked, id=17920, stack(0x000000a3eac00000,0x000000a3ead00000)]
  0x0000025267808640 JavaThread "Service Thread" daemon [_thread_blocked, id=14032, stack(0x000000a3ead00000,0x000000a3eae00000)]
  0x0000025267808ef0 JavaThread "Monitor Deflation Thread" daemon [_thread_blocked, id=17536, stack(0x000000a3eae00000,0x000000a3eaf00000)]
  0x000002526780bae0 JavaThread "C2 CompilerThread0" daemon [_thread_in_native, id=19768, stack(0x000000a3eaf00000,0x000000a3eb000000)]
  0x000002526780f8d0 JavaThread "C1 CompilerThread0" daemon [_thread_blocked, id=10508, stack(0x000000a3eb000000,0x000000a3eb100000)]
  0x000002526781c600 JavaThread "Sweeper thread" daemon [_thread_blocked, id=17784, stack(0x000000a3eb100000,0x000000a3eb200000)]
  0x0000025267953ef0 JavaThread "Common-Cleaner" daemon [_thread_blocked, id=19108, stack(0x000000a3eb200000,0x000000a3eb300000)]
  0x0000025267955810 JavaThread "Notification Thread" daemon [_thread_blocked, id=8228, stack(0x000000a3eb300000,0x000000a3eb400000)]
  0x0000025269564520 JavaThread "Daemon health stats" [_thread_blocked, id=15424, stack(0x000000a3ebd00000,0x000000a3ebe00000)]
  0x0000025268f54e80 JavaThread "Incoming local TCP Connector on port 62379" [_thread_in_native, id=20004, stack(0x000000a3ebe00000,0x000000a3ebf00000)]
  0x0000025268e78440 JavaThread "Daemon periodic checks" [_thread_blocked, id=4840, stack(0x000000a3ebc00000,0x000000a3ebd00000)]
  0x0000025268cb2db0 JavaThread "Daemon" [_thread_blocked, id=14932, stack(0x000000a3ebf00000,0x000000a3ec000000)]
  0x00000252695434e0 JavaThread "Daemon worker" [_thread_blocked, id=19332, stack(0x000000a3ec200000,0x000000a3ec300000)]
  0x000002526922a390 JavaThread "Cache worker for journal cache (C:\Users\hp\.gradle\caches\journal-1)" [_thread_blocked, id=13092, stack(0x000000a3ec600000,0x000000a3ec700000)]
  0x000002526922b6d0 JavaThread "File lock request listener" [_thread_in_native, id=3032, stack(0x000000a3ec700000,0x000000a3ec800000)]
  0x000002526922a860 JavaThread "Cache worker for file hash cache (C:\Users\hp\.gradle\caches\8.0\fileHashes)" [_thread_blocked, id=18028, stack(0x000000a3ec800000,0x000000a3ec900000)]
  0x000002526922dd50 JavaThread "File watcher server" daemon [_thread_in_native, id=17740, stack(0x000000a3ec900000,0x000000a3eca00000)]
  0x000002526922ad30 JavaThread "File watcher consumer" daemon [_thread_blocked, id=8344, stack(0x000000a3eca00000,0x000000a3ecb00000)]
  0x000002526922d3b0 JavaThread "Cache worker for file content cache (C:\Users\hp\.gradle\caches\8.0\fileContent)" [_thread_blocked, id=13300, stack(0x000000a3ecf00000,0x000000a3ed000000)]
  0x000002526a9f6220 JavaThread "Cache worker for execution history cache (C:\Users\hp\.gradle\caches\8.0\executionHistory)" [_thread_blocked, id=18168, stack(0x000000a3ed200000,0x000000a3ed300000)]
  0x000002526a9f4ee0 JavaThread "Cache worker for kotlin-dsl (C:\Users\hp\.gradle\caches\8.0\kotlin-dsl)" [_thread_blocked, id=7620, stack(0x000000a3ed400000,0x000000a3ed500000)]
  0x000002526a9f7560 JavaThread "jar transforms" [_thread_blocked, id=14768, stack(0x000000a3ed500000,0x000000a3ed600000)]
  0x000002526a9f4070 JavaThread "jar transforms Thread 2" [_thread_blocked, id=6068, stack(0x000000a3ed600000,0x000000a3ed700000)]
  0x000002526a9f5880 JavaThread "jar transforms Thread 3" [_thread_blocked, id=4056, stack(0x000000a3ed900000,0x000000a3eda00000)]
  0x000002526cba7950 JavaThread "jar transforms Thread 4" [_thread_blocked, id=11720, stack(0x000000a3f2a00000,0x000000a3f2b00000)]
  0x000002526cbac180 JavaThread "jar transforms Thread 5" [_thread_blocked, id=10672, stack(0x000000a3f2b00000,0x000000a3f2c00000)]
  0x000002526cbab7e0 JavaThread "jar transforms Thread 6" [_thread_blocked, id=18828, stack(0x000000a3f2c00000,0x000000a3f2d00000)]
  0x000002526cbac650 JavaThread "jar transforms Thread 7" [_thread_blocked, id=12168, stack(0x000000a3f2d00000,0x000000a3f2e00000)]
  0x000002526cbabcb0 JavaThread "jar transforms Thread 8" [_thread_blocked, id=1804, stack(0x000000a3f2e00000,0x000000a3f2f00000)]
  0x000002526cbacff0 JavaThread "Memory manager" [_thread_blocked, id=4676, stack(0x000000a3f3000000,0x000000a3f3100000)]
  0x000002526b7aaa30 JavaThread "ForkJoinPool.commonPool-worker-1" daemon [_thread_blocked, id=8480, stack(0x000000a3f3100000,0x000000a3f3200000)]
  0x000002526b7a7070 JavaThread "ForkJoinPool.commonPool-worker-2" daemon [_thread_blocked, id=17056, stack(0x000000a3f3200000,0x000000a3f3300000)]
  0x000002526b7a7a10 JavaThread "ForkJoinPool.commonPool-worker-4" daemon [_thread_blocked, id=19276, stack(0x000000a3f3400000,0x000000a3f3500000)]
  0x00000252685aa080 JavaThread "ForkJoinPool.commonPool-worker-5" daemon [_thread_blocked, id=376, stack(0x000000a3f3500000,0x000000a3f3600000)]
  0x00000252685a96e0 JavaThread "ForkJoinPool.commonPool-worker-6" daemon [_thread_blocked, id=7344, stack(0x000000a3f3600000,0x000000a3f3700000)]
  0x00000252685a9bb0 JavaThread "ForkJoinPool.commonPool-worker-7" daemon [_thread_blocked, id=6912, stack(0x000000a3f3700000,0x000000a3f3800000)]
  0x00000252685a83a0 JavaThread "pool-3-thread-1" [_thread_blocked, id=16492, stack(0x000000a3ed300000,0x000000a3ed400000)]
  0x00000252696bdd20 JavaThread "RMI Scheduler(0)" daemon [_thread_blocked, id=15496, stack(0x000000a3f4f00000,0x000000a3f5000000)]
  0x00000252696bf060 JavaThread "RMI RenewClean-[127.0.0.1:17613,org.jetbrains.kotlin.daemon.common.LoopbackNetworkInterface$ClientLoopbackSocketFactory@60640b54]" daemon [_thread_blocked, id=1264, stack(0x000000a3f5000000,0x000000a3f5100000)]
  0x00000252696c1210 JavaThread "RMI GC Daemon" daemon [_thread_blocked, id=5820, stack(0x000000a3f5100000,0x000000a3f5200000)]
  0x00000252696bfa00 JavaThread "RMI TCP Accept-0" daemon [_thread_in_native, id=17168, stack(0x000000a3f5200000,0x000000a3f5300000)]
  0x00000252696bfed0 JavaThread "RMI Reaper" [_thread_blocked, id=4716, stack(0x000000a3f5300000,0x000000a3f5400000)]
  0x00000252696be1f0 JavaThread "RMI TCP Connection(5)-127.0.0.1" daemon [_thread_in_native, id=7524, stack(0x000000a3f5400000,0x000000a3f5500000)]
  0x00000252696bd850 JavaThread "Handler for socket connection from /127.0.0.1:62379 to /127.0.0.1:62445" [_thread_in_native, id=12232, stack(0x000000a3ea000000,0x000000a3ea100000)]
  0x00000252696c2080 JavaThread "Cancel handler" [_thread_blocked, id=1488, stack(0x000000a3ea100000,0x000000a3ea200000)]
  0x00000252696bf530 JavaThread "Asynchronous log dispatcher for DefaultDaemonConnection: socket connection from /127.0.0.1:62379 to /127.0.0.1:62445" [_thread_blocked, id=20148, stack(0x000000a3eb500000,0x000000a3eb600000)]
  0x00000252696be6c0 JavaThread "Stdin handler" [_thread_blocked, id=12812, stack(0x000000a3ec000000,0x000000a3ec100000)]
  0x00000252696c2ef0 JavaThread "Daemon client event forwarder" [_thread_blocked, id=17504, stack(0x000000a3ec100000,0x000000a3ec200000)]
  0x00000252696c0870 JavaThread "Cache worker for checksums cache (D:\xampp\htdocs\CoffeeShop\Client\.gradle\8.0\checksums)" [_thread_blocked, id=13492, stack(0x000000a3ec500000,0x000000a3ec600000)]
  0x00000252696c0d40 JavaThread "Cache worker for cache directory md-rule (C:\Users\hp\.gradle\caches\8.0\md-rule)" [_thread_blocked, id=9212, stack(0x000000a3ecb00000,0x000000a3ecc00000)]
  0x00000252696c03a0 JavaThread "Cache worker for file hash cache (D:\xampp\htdocs\CoffeeShop\Client\.gradle\8.0\fileHashes)" [_thread_blocked, id=2076, stack(0x000000a3ece00000,0x000000a3ecf00000)]
  0x00000252696c16e0 JavaThread "Cache worker for cache directory md-supplier (C:\Users\hp\.gradle\caches\8.0\md-supplier)" [_thread_blocked, id=16212, stack(0x000000a3ed000000,0x000000a3ed100000)]
  0x00000252696c33c0 JavaThread "Cache worker for dependencies-accessors (D:\xampp\htdocs\CoffeeShop\Client\.gradle\8.0\dependencies-accessors)" [_thread_blocked, id=3164, stack(0x000000a3ed100000,0x000000a3ed200000)]
  0x00000252696c4700 JavaThread "Cache worker for Build Output Cleanup Cache (D:\xampp\htdocs\CoffeeShop\Client\.gradle\buildOutputCleanup)" [_thread_blocked, id=19872, stack(0x000000a3ed700000,0x000000a3ed800000)]
  0x00000252696c1bb0 JavaThread "Unconstrained build operations" [_thread_blocked, id=13940, stack(0x000000a3ed800000,0x000000a3ed900000)]
  0x00000252696c3890 JavaThread "Unconstrained build operations Thread 2" [_thread_blocked, id=1720, stack(0x000000a3eda00000,0x000000a3edb00000)]
  0x00000252696c2550 JavaThread "Unconstrained build operations Thread 3" [_thread_blocked, id=15164, stack(0x000000a3edb00000,0x000000a3edc00000)]
  0x00000252696c2a20 JavaThread "Unconstrained build operations Thread 4" [_thread_blocked, id=2524, stack(0x000000a3edc00000,0x000000a3edd00000)]
  0x00000252696c3d60 JavaThread "Unconstrained build operations Thread 5" [_thread_blocked, id=15532, stack(0x000000a3edd00000,0x000000a3ede00000)]
  0x00000252696c4230 JavaThread "Unconstrained build operations Thread 6" [_thread_blocked, id=12508, stack(0x000000a3ede00000,0x000000a3edf00000)]
  0x00000252696c4bd0 JavaThread "Unconstrained build operations Thread 7" [_thread_blocked, id=19196, stack(0x000000a3edf00000,0x000000a3ee000000)]
  0x00000252696c50a0 JavaThread "Unconstrained build operations Thread 8" [_thread_blocked, id=3844, stack(0x000000a3ee000000,0x000000a3ee100000)]
  0x000002526cba9b00 JavaThread "Unconstrained build operations Thread 9" [_thread_blocked, id=17172, stack(0x000000a3ee100000,0x000000a3ee200000)]
  0x000002526cba7e20 JavaThread "Unconstrained build operations Thread 10" [_thread_blocked, id=7556, stack(0x000000a3ee200000,0x000000a3ee300000)]
  0x000002526cba9160 JavaThread "Unconstrained build operations Thread 11" [_thread_blocked, id=17760, stack(0x000000a3ee300000,0x000000a3ee400000)]
  0x000002526cba82f0 JavaThread "Unconstrained build operations Thread 12" [_thread_blocked, id=1680, stack(0x000000a3ee400000,0x000000a3ee500000)]
  0x000002526cba6fb0 JavaThread "Unconstrained build operations Thread 13" [_thread_blocked, id=5896, stack(0x000000a3ee500000,0x000000a3ee600000)]
  0x000002526cba7480 JavaThread "Unconstrained build operations Thread 14" [_thread_blocked, id=19968, stack(0x000000a3ee600000,0x000000a3ee700000)]
  0x000002526cba9630 JavaThread "Unconstrained build operations Thread 15" [_thread_blocked, id=11140, stack(0x000000a3ee700000,0x000000a3ee800000)]
  0x000002526cba87c0 JavaThread "Unconstrained build operations Thread 16" [_thread_blocked, id=14184, stack(0x000000a3ee800000,0x000000a3ee900000)]
  0x000002526cba8c90 JavaThread "Unconstrained build operations Thread 17" [_thread_blocked, id=17788, stack(0x000000a3ee900000,0x000000a3eea00000)]
  0x000002526cba9fd0 JavaThread "Unconstrained build operations Thread 18" [_thread_blocked, id=14104, stack(0x000000a3eea00000,0x000000a3eeb00000)]
  0x000002526cba6ae0 JavaThread "Unconstrained build operations Thread 19" [_thread_blocked, id=14552, stack(0x000000a3eeb00000,0x000000a3eec00000)]
  0x000002526cba6610 JavaThread "Unconstrained build operations Thread 20" [_thread_blocked, id=6268, stack(0x000000a3eec00000,0x000000a3eed00000)]
  0x000002526cbacb20 JavaThread "Unconstrained build operations Thread 21" [_thread_blocked, id=16268, stack(0x000000a3eed00000,0x000000a3eee00000)]
  0x000002526cbaa4a0 JavaThread "Unconstrained build operations Thread 22" [_thread_blocked, id=16936, stack(0x000000a3eee00000,0x000000a3eef00000)]
  0x000002526cbaa970 JavaThread "Unconstrained build operations Thread 23" [_thread_blocked, id=6936, stack(0x000000a3eef00000,0x000000a3ef000000)]
  0x000002526cbaae40 JavaThread "Unconstrained build operations Thread 24" [_thread_blocked, id=12908, stack(0x000000a3ef000000,0x000000a3ef100000)]
  0x000002526cbab310 JavaThread "Unconstrained build operations Thread 25" [_thread_blocked, id=6904, stack(0x000000a3ef100000,0x000000a3ef200000)]
  0x000002526a9f9240 JavaThread "Unconstrained build operations Thread 26" [_thread_blocked, id=368, stack(0x000000a3ef200000,0x000000a3ef300000)]
  0x000002526a9f9710 JavaThread "Unconstrained build operations Thread 27" [_thread_blocked, id=18532, stack(0x000000a3ef300000,0x000000a3ef400000)]
  0x000002526a9f5d50 JavaThread "Unconstrained build operations Thread 28" [_thread_blocked, id=18564, stack(0x000000a3ef400000,0x000000a3ef500000)]
  0x000002526a9f9be0 JavaThread "Unconstrained build operations Thread 29" [_thread_blocked, id=4152, stack(0x000000a3ef500000,0x000000a3ef600000)]
  0x000002526a9f7f00 JavaThread "Unconstrained build operations Thread 30" [_thread_blocked, id=19288, stack(0x000000a3ef600000,0x000000a3ef700000)]
  0x000002526a9f83d0 JavaThread "Unconstrained build operations Thread 31" [_thread_blocked, id=6468, stack(0x000000a3ef700000,0x000000a3ef800000)]
  0x000002526a9f88a0 JavaThread "Unconstrained build operations Thread 32" [_thread_blocked, id=20348, stack(0x000000a3ef800000,0x000000a3ef900000)]
  0x000002526a9f8d70 JavaThread "Unconstrained build operations Thread 33" [_thread_blocked, id=8256, stack(0x000000a3ef900000,0x000000a3efa00000)]
  0x000002526a9fa0b0 JavaThread "Unconstrained build operations Thread 34" [_thread_blocked, id=19512, stack(0x000000a3efa00000,0x000000a3efb00000)]
  0x000002526a9f66f0 JavaThread "Unconstrained build operations Thread 35" [_thread_blocked, id=980, stack(0x000000a3efb00000,0x000000a3efc00000)]
  0x000002526a9fa580 JavaThread "Unconstrained build operations Thread 36" [_thread_blocked, id=16960, stack(0x000000a3efc00000,0x000000a3efd00000)]
  0x000002526a9faa50 JavaThread "Unconstrained build operations Thread 37" [_thread_blocked, id=16848, stack(0x000000a3efd00000,0x000000a3efe00000)]
  0x000002526a9faf20 JavaThread "Unconstrained build operations Thread 38" [_thread_blocked, id=5432, stack(0x000000a3efe00000,0x000000a3eff00000)]
  0x000002526a9fb3f0 JavaThread "Unconstrained build operations Thread 39" [_thread_blocked, id=19144, stack(0x000000a3eff00000,0x000000a3f0000000)]
  0x000002526a9fb8c0 JavaThread "Unconstrained build operations Thread 40" [_thread_blocked, id=4964, stack(0x000000a3f0000000,0x000000a3f0100000)]
  0x00000252685aaa20 JavaThread "Unconstrained build operations Thread 41" [_thread_blocked, id=13488, stack(0x000000a3f0100000,0x000000a3f0200000)]
  0x00000252685a7060 JavaThread "Unconstrained build operations Thread 42" [_thread_blocked, id=9272, stack(0x000000a3f0200000,0x000000a3f0300000)]
  0x00000252685ab890 JavaThread "Unconstrained build operations Thread 43" [_thread_blocked, id=5240, stack(0x000000a3f0300000,0x000000a3f0400000)]
  0x00000252685ac700 JavaThread "Unconstrained build operations Thread 44" [_thread_blocked, id=18672, stack(0x000000a3f0400000,0x000000a3f0500000)]
  0x00000252685abd60 JavaThread "Unconstrained build operations Thread 45" [_thread_blocked, id=2380, stack(0x000000a3f0500000,0x000000a3f0600000)]
  0x00000252685a8d40 JavaThread "Unconstrained build operations Thread 46" [_thread_blocked, id=19324, stack(0x000000a3f0600000,0x000000a3f0700000)]
  0x00000252685acbd0 JavaThread "Unconstrained build operations Thread 47" [_thread_blocked, id=372, stack(0x000000a3f0700000,0x000000a3f0800000)]
  0x00000252685a9210 JavaThread "Unconstrained build operations Thread 48" [_thread_blocked, id=14060, stack(0x000000a3f0800000,0x000000a3f0900000)]
  0x00000252685ad0a0 JavaThread "Unconstrained build operations Thread 49" [_thread_blocked, id=13004, stack(0x000000a3f0900000,0x000000a3f0a00000)]
  0x00000252685ada40 JavaThread "Unconstrained build operations Thread 50" [_thread_blocked, id=7772, stack(0x000000a3f0a00000,0x000000a3f0b00000)]
  0x00000252685adf10 JavaThread "Unconstrained build operations Thread 51" [_thread_blocked, id=13548, stack(0x000000a3f0b00000,0x000000a3f0c00000)]
  0x0000025267a2c750 JavaThread "Unconstrained build operations Thread 52" [_thread_blocked, id=13060, stack(0x000000a3f0c00000,0x000000a3f0d00000)]
  0x0000025267a29260 JavaThread "Unconstrained build operations Thread 53" [_thread_blocked, id=2516, stack(0x000000a3f0d00000,0x000000a3f0e00000)]
  0x0000025267a29730 JavaThread "Unconstrained build operations Thread 54" [_thread_blocked, id=300, stack(0x000000a3f0e00000,0x000000a3f0f00000)]
  0x0000025267a2aa70 JavaThread "Unconstrained build operations Thread 55" [_thread_blocked, id=12736, stack(0x000000a3f0f00000,0x000000a3f1000000)]
  0x0000025267a2b410 JavaThread "Unconstrained build operations Thread 56" [_thread_blocked, id=6100, stack(0x000000a3f1000000,0x000000a3f1100000)]
  0x0000025267a2af40 JavaThread "Unconstrained build operations Thread 57" [_thread_blocked, id=14200, stack(0x000000a3f1100000,0x000000a3f1200000)]
  0x0000025267a2b8e0 JavaThread "Unconstrained build operations Thread 58" [_thread_blocked, id=17992, stack(0x000000a3f1200000,0x000000a3f1300000)]
  0x000002526922cee0 JavaThread "Unconstrained build operations Thread 59" [_thread_blocked, id=5728, stack(0x000000a3f1300000,0x000000a3f1400000)]
  0x000002526922c540 JavaThread "Unconstrained build operations Thread 60" [_thread_blocked, id=13908, stack(0x000000a3f1400000,0x000000a3f1500000)]
  0x000002526922ca10 JavaThread "Unconstrained build operations Thread 61" [_thread_blocked, id=20224, stack(0x000000a3f1500000,0x000000a3f1600000)]
  0x000002526922b200 JavaThread "Unconstrained build operations Thread 62" [_thread_blocked, id=15008, stack(0x000000a3f1600000,0x000000a3f1700000)]
  0x000002526b7a7540 JavaThread "Unconstrained build operations Thread 63" [_thread_blocked, id=14692, stack(0x000000a3f1700000,0x000000a3f1800000)]
  0x0000025272009dd0 JavaThread "Unconstrained build operations Thread 64" [_thread_blocked, id=16120, stack(0x000000a3f1800000,0x000000a3f1900000)]
  0x0000025272008a90 JavaThread "Unconstrained build operations Thread 65" [_thread_blocked, id=5628, stack(0x000000a3f1900000,0x000000a3f1a00000)]
  0x000002527200a770 JavaThread "Unconstrained build operations Thread 66" [_thread_blocked, id=18456, stack(0x000000a3f1a00000,0x000000a3f1b00000)]
  0x000002527200a2a0 JavaThread "Unconstrained build operations Thread 67" [_thread_blocked, id=14008, stack(0x000000a3f1b00000,0x000000a3f1c00000)]
  0x0000025272009900 JavaThread "Unconstrained build operations Thread 68" [_thread_blocked, id=2732, stack(0x000000a3f1c00000,0x000000a3f1d00000)]
  0x0000025272008f60 JavaThread "Unconstrained build operations Thread 69" [_thread_blocked, id=11992, stack(0x000000a3f1d00000,0x000000a3f1e00000)]
  0x0000025272009430 JavaThread "Unconstrained build operations Thread 70" [_thread_blocked, id=17344, stack(0x000000a3f1e00000,0x000000a3f1f00000)]
  0x000002527200ac40 JavaThread "Unconstrained build operations Thread 71" [_thread_blocked, id=20344, stack(0x000000a3f1f00000,0x000000a3f2000000)]
  0x000002527200b110 JavaThread "Unconstrained build operations Thread 72" [_thread_blocked, id=8472, stack(0x000000a3f2000000,0x000000a3f2100000)]
  0x000002527200b5e0 JavaThread "Unconstrained build operations Thread 73" [_thread_blocked, id=684, stack(0x000000a3f2100000,0x000000a3f2200000)]
  0x000002527200bab0 JavaThread "Unconstrained build operations Thread 74" [_thread_blocked, id=16760, stack(0x000000a3f2200000,0x000000a3f2300000)]
  0x00000252720080f0 JavaThread "Unconstrained build operations Thread 75" [_thread_blocked, id=8956, stack(0x000000a3f2300000,0x000000a3f2400000)]
  0x000002527200bf80 JavaThread "Unconstrained build operations Thread 76" [_thread_blocked, id=20328, stack(0x000000a3f2400000,0x000000a3f2500000)]
  0x00000252720085c0 JavaThread "Unconstrained build operations Thread 77" [_thread_blocked, id=3816, stack(0x000000a3f2500000,0x000000a3f2600000)]
  0x000002527200d2c0 JavaThread "Unconstrained build operations Thread 78" [_thread_blocked, id=2348, stack(0x000000a3f2600000,0x000000a3f2700000)]
  0x000002527200d790 JavaThread "Unconstrained build operations Thread 79" [_thread_blocked, id=19608, stack(0x000000a3f2700000,0x000000a3f2800000)]
  0x000002527200f940 JavaThread "Unconstrained build operations Thread 80" [_thread_blocked, id=19852, stack(0x000000a3f2800000,0x000000a3f2900000)]
  0x000002527200c450 JavaThread "build event listener" [_thread_blocked, id=11796, stack(0x000000a3f2900000,0x000000a3f2a00000)]
  0x000002527200e600 JavaThread "ForkJoinPool.commonPool-worker-8" daemon [_thread_blocked, id=19756, stack(0x000000a3f2f00000,0x000000a3f3000000)]
  0x000002527200dc60 JavaThread "pool-6-thread-1" [_thread_blocked, id=7256, stack(0x000000a3f3300000,0x000000a3f3400000)]
  0x000002527200cdf0 JavaThread "build event listener" [_thread_blocked, id=20008, stack(0x000000a3f3900000,0x000000a3f3a00000)]
  0x000002527200f470 JavaThread "included builds" [_thread_blocked, id=12412, stack(0x000000a3f3b00000,0x000000a3f3c00000)]
  0x000002527200e130 JavaThread "Execution worker" [_thread_blocked, id=18868, stack(0x000000a3f3d00000,0x000000a3f3e00000)]
  0x000002527200ead0 JavaThread "Execution worker Thread 2" [_thread_blocked, id=10016, stack(0x000000a3f3e00000,0x000000a3f3f00000)]
  0x0000025269f30110 JavaThread "Execution worker Thread 3" [_thread_blocked, id=15680, stack(0x000000a3f3f00000,0x000000a3f4000000)]
  0x0000025269f2c750 JavaThread "Execution worker Thread 4" [_thread_blocked, id=17736, stack(0x000000a3f4000000,0x000000a3f4100000)]
  0x0000025269f2f2a0 JavaThread "Execution worker Thread 5" [_thread_blocked, id=17304, stack(0x000000a3f4100000,0x000000a3f4200000)]
  0x0000025269f2d5c0 JavaThread "Execution worker Thread 6" [_thread_blocked, id=20052, stack(0x000000a3f4200000,0x000000a3f4300000)]
  0x0000025269f2d0f0 JavaThread "Execution worker Thread 7" [_thread_blocked, id=2184, stack(0x000000a3f4300000,0x000000a3f4400000)]
  0x0000025269f2fc40 JavaThread "Cache worker for execution history cache (D:\xampp\htdocs\CoffeeShop\Client\.gradle\8.0\executionHistory)" [_thread_blocked, id=19700, stack(0x000000a3f4400000,0x000000a3f4500000)]
  0x0000025269f2edd0 JavaThread "WorkerExecutor Queue" [_thread_blocked, id=18976, stack(0x000000a3f4500000,0x000000a3f4600000)]
  0x0000025269f305e0 JavaThread "WorkerExecutor Queue Thread 2" [_thread_blocked, id=18128, stack(0x000000a3ec400000,0x000000a3ec500000)]
  0x0000025269f2f770 JavaThread "RMI TCP Connection(idle)" daemon [_thread_blocked, id=14536, stack(0x000000a3f4700000,0x000000a3f4800000)]
  0x00000252699186c0 JavaThread "C2 CompilerThread1" daemon [_thread_in_native, id=17900, stack(0x000000a3ec300000,0x000000a3ec400000)]
=>0x0000025269918bd0 JavaThread "C2 CompilerThread2" daemon [_thread_in_native, id=1596, stack(0x000000a3f3800000,0x000000a3f3900000)]
  0x0000025269f2cc20 JavaThread "Cache worker for Java compile cache (C:\Users\hp\.gradle\caches\8.0\javaCompile)" [_thread_in_native, id=14520, stack(0x000000a3f3a00000,0x000000a3f3b00000)]
  0x0000025269f30ab0 JavaThread "Build operations" [_thread_blocked, id=16376, stack(0x000000a3f3c00000,0x000000a3f3d00000)]
  0x0000025269f30f80 JavaThread "Build operations Thread 2" [_thread_blocked, id=1424, stack(0x000000a3f4600000,0x000000a3f4700000)]
  0x0000025269f31450 JavaThread "Build operations Thread 3" [_thread_blocked, id=7232, stack(0x000000a3f4800000,0x000000a3f4900000)]
  0x0000025269f2da90 JavaThread "Build operations Thread 4" [_thread_blocked, id=15664, stack(0x000000a3f4900000,0x000000a3f4a00000)]
  0x0000025269f31920 JavaThread "Build operations Thread 5" [_thread_blocked, id=19192, stack(0x000000a3f4a00000,0x000000a3f4b00000)]
  0x0000025269f31df0 JavaThread "Build operations Thread 6" [_thread_blocked, id=12128, stack(0x000000a3f4b00000,0x000000a3f4c00000)]
  0x0000025269f322c0 JavaThread "Build operations Thread 7" [_thread_blocked, id=3368, stack(0x000000a3f4d00000,0x000000a3f4e00000)]
  0x0000025269f33130 JavaThread "Build operations Thread 8" [_thread_blocked, id=1696, stack(0x000000a3f4e00000,0x000000a3f4f00000)]

Other Threads:
  0x000002526302d750 VMThread "VM Thread" [stack: 0x000000a3ea800000,0x000000a3ea900000] [id=1216]
  0x00000252679568f0 WatcherThread "VM Periodic Task Thread" [stack: 0x000000a3eb400000,0x000000a3eb500000] [id=19836]
  0x0000025245418500 WorkerThread "GC Thread#0" [stack: 0x000000a3ea300000,0x000000a3ea400000] [id=4408]
  0x000002526846c870 WorkerThread "GC Thread#1" [stack: 0x000000a3eb600000,0x000000a3eb700000] [id=8224]
  0x000002526843af60 WorkerThread "GC Thread#2" [stack: 0x000000a3eb700000,0x000000a3eb800000] [id=1684]
  0x000002526843b200 WorkerThread "GC Thread#3" [stack: 0x000000a3eb800000,0x000000a3eb900000] [id=19072]
  0x000002526843b4a0 WorkerThread "GC Thread#4" [stack: 0x000000a3eb900000,0x000000a3eba00000] [id=13084]
  0x000002526843bb50 WorkerThread "GC Thread#5" [stack: 0x000000a3eba00000,0x000000a3ebb00000] [id=16592]
  0x000002526846b930 WorkerThread "GC Thread#6" [stack: 0x000000a3ebb00000,0x000000a3ebc00000] [id=20416]
  0x0000025269814c80 WorkerThread "GC Thread#7" [stack: 0x000000a3ecc00000,0x000000a3ecd00000] [id=13528]
  0x0000025245429340 ConcurrentGCThread "G1 Main Marker" [stack: 0x000000a3ea400000,0x000000a3ea500000] [id=15316]
  0x000002524542a910 WorkerThread "G1 Conc#0" [stack: 0x000000a3ea500000,0x000000a3ea600000] [id=13800]
  0x0000025269813a20 WorkerThread "G1 Conc#1" [stack: 0x000000a3ecd00000,0x000000a3ece00000] [id=3836]
  0x000002524546e830 ConcurrentGCThread "G1 Refine#0" [stack: 0x000000a3ea600000,0x000000a3ea700000] [id=12748]
  0x0000025262eb40c0 ConcurrentGCThread "G1 Service" [stack: 0x000000a3ea700000,0x000000a3ea800000] [id=20080]

Threads with active compile tasks:
C2 CompilerThread0   120376 16472       4       org.gradle.api.internal.tasks.compile.incremental.compilerapi.deps.DependentSetSerializer::read (198 bytes)
C2 CompilerThread1   120376 16463       4       org.gradle.api.internal.tasks.compile.incremental.serialization.HierarchicalNameSerializer::readFirstOccurrenceOfName (60 bytes)
C2 CompilerThread2   120376 16445       4       org.gradle.api.internal.tasks.compile.incremental.serialization.HierarchicalNameSerializer::readName (51 bytes)

VM state: not at safepoint (normal execution)

VM Mutex/Monitor currently owned by a thread: None

Heap address: 0x0000000080000000, size: 2048 MB, Compressed Oops mode: 32-bit

CDS archive(s) mapped at: [0x0000000800000000-0x0000000800ba0000-0x0000000800ba0000), size 12189696, SharedBaseAddress: 0x0000000800000000, ArchiveRelocationMode: 0.
Compressed class space mapped at: 0x0000000800c00000-0x0000000840c00000, reserved size: 1073741824
Narrow klass base: 0x0000000800000000, Narrow klass shift: 0, Narrow klass range: 0x100000000

GC Precious Log:
 CardTable entry size: 512
 Card Set container configuration: InlinePtr #cards 5 size 8 Array Of Cards #cards 12 size 40 Howl #buckets 4 coarsen threshold 1843 Howl Bitmap #cards 512 size 80 coarsen threshold 460 Card regions per heap region 1 cards per card region 2048
 CPUs: 8 total, 8 available
 Memory: 20122M
 Large Page Support: Disabled
 NUMA Support: Disabled
 Compressed Oops: Enabled (32-bit)
 Heap Region Size: 1M
 Heap Min Capacity: 8M
 Heap Initial Capacity: 316M
 Heap Max Capacity: 2G
 Pre-touch: Disabled
 Parallel Workers: 8
 Concurrent Workers: 2
 Concurrent Refinement Workers: 8
 Periodic GC: Disabled

Heap:
 garbage-first heap   total 228352K, used 163069K [0x0000000080000000, 0x0000000100000000)
  region size 1024K, 26 young (26624K), 7 survivors (7168K)
 Metaspace       used 101114K, committed 103232K, reserved 1179648K
  class space    used 13470K, committed 14592K, reserved 1048576K

Heap Regions: E=young(eden), S=young(survivor), O=old, HS=humongous(starts), HC=humongous(continues), CS=collection set, F=free, OA=open archive, CA=closed archive, TAMS=top-at-mark-start (previous, next)
|   0|0x0000000080000000, 0x0000000080100000, 0x0000000080100000|100%|HS|  |TAMS 0x0000000080100000, 0x0000000080000000| Complete 
|   1|0x0000000080100000, 0x0000000080200000, 0x0000000080200000|100%|HC|  |TAMS 0x0000000080200000, 0x0000000080100000| Complete 
|   2|0x0000000080200000, 0x0000000080300000, 0x0000000080300000|100%|HC|  |TAMS 0x0000000080300000, 0x0000000080200000| Complete 
|   3|0x0000000080300000, 0x0000000080400000, 0x0000000080400000|100%|HC|  |TAMS 0x0000000080400000, 0x0000000080300000| Complete 
|   4|0x0000000080400000, 0x0000000080500000, 0x0000000080500000|100%| O|  |TAMS 0x0000000080500000, 0x0000000080400000| Untracked 
|   5|0x0000000080500000, 0x0000000080600000, 0x0000000080600000|100%| O|  |TAMS 0x0000000080600000, 0x0000000080500000| Untracked 
|   6|0x0000000080600000, 0x0000000080700000, 0x0000000080700000|100%| O|  |TAMS 0x0000000080700000, 0x0000000080600000| Untracked 
|   7|0x0000000080700000, 0x0000000080800000, 0x0000000080800000|100%| O|  |TAMS 0x0000000080800000, 0x0000000080700000| Untracked 
|   8|0x0000000080800000, 0x0000000080900000, 0x0000000080900000|100%| O|  |TAMS 0x0000000080900000, 0x0000000080800000| Untracked 
|   9|0x0000000080900000, 0x0000000080a00000, 0x0000000080a00000|100%| O|  |TAMS 0x0000000080a00000, 0x0000000080900000| Untracked 
|  10|0x0000000080a00000, 0x0000000080b00000, 0x0000000080b00000|100%| O|  |TAMS 0x0000000080b00000, 0x0000000080a00000| Untracked 
|  11|0x0000000080b00000, 0x0000000080c00000, 0x0000000080c00000|100%| O|  |TAMS 0x0000000080c00000, 0x0000000080b00000| Untracked 
|  12|0x0000000080c00000, 0x0000000080d00000, 0x0000000080d00000|100%| O|  |TAMS 0x0000000080d00000, 0x0000000080c00000| Untracked 
|  13|0x0000000080d00000, 0x0000000080e00000, 0x0000000080e00000|100%| O|  |TAMS 0x0000000080e00000, 0x0000000080d00000| Untracked 
|  14|0x0000000080e00000, 0x0000000080f00000, 0x0000000080f00000|100%| O|  |TAMS 0x0000000080f00000, 0x0000000080e00000| Untracked 
|  15|0x0000000080f00000, 0x0000000081000000, 0x0000000081000000|100%| O|  |TAMS 0x0000000081000000, 0x0000000080f00000| Untracked 
|  16|0x0000000081000000, 0x0000000081100000, 0x0000000081100000|100%| O|  |TAMS 0x0000000081100000, 0x0000000081000000| Untracked 
|  17|0x0000000081100000, 0x0000000081200000, 0x0000000081200000|100%| O|  |TAMS 0x0000000081200000, 0x0000000081100000| Untracked 
|  18|0x0000000081200000, 0x0000000081300000, 0x0000000081300000|100%| O|  |TAMS 0x0000000081300000, 0x0000000081200000| Untracked 
|  19|0x0000000081300000, 0x0000000081400000, 0x0000000081400000|100%| O|  |TAMS 0x0000000081400000, 0x0000000081300000| Untracked 
|  20|0x0000000081400000, 0x0000000081500000, 0x0000000081500000|100%| O|  |TAMS 0x0000000081500000, 0x0000000081400000| Untracked 
|  21|0x0000000081500000, 0x0000000081600000, 0x0000000081600000|100%| O|  |TAMS 0x0000000081600000, 0x0000000081500000| Untracked 
|  22|0x0000000081600000, 0x0000000081700000, 0x0000000081700000|100%| O|  |TAMS 0x0000000081600000, 0x0000000081600000| Untracked 
|  23|0x0000000081700000, 0x0000000081800000, 0x0000000081800000|100%| O|  |TAMS 0x0000000081700000, 0x0000000081700000| Untracked 
|  24|0x0000000081800000, 0x0000000081900000, 0x0000000081900000|100%| O|  |TAMS 0x0000000081900000, 0x0000000081800000| Untracked 
|  25|0x0000000081900000, 0x0000000081a00000, 0x0000000081a00000|100%| O|  |TAMS 0x0000000081a00000, 0x0000000081900000| Untracked 
|  26|0x0000000081a00000, 0x0000000081b00000, 0x0000000081b00000|100%| O|  |TAMS 0x0000000081b00000, 0x0000000081a00000| Untracked 
|  27|0x0000000081b00000, 0x0000000081c00000, 0x0000000081c00000|100%| O|  |TAMS 0x0000000081c00000, 0x0000000081b00000| Untracked 
|  28|0x0000000081c00000, 0x0000000081d00000, 0x0000000081d00000|100%| O|  |TAMS 0x0000000081d00000, 0x0000000081c00000| Untracked 
|  29|0x0000000081d00000, 0x0000000081e00000, 0x0000000081e00000|100%| O|  |TAMS 0x0000000081e00000, 0x0000000081d00000| Untracked 
|  30|0x0000000081e00000, 0x0000000081f00000, 0x0000000081f00000|100%| O|  |TAMS 0x0000000081e00000, 0x0000000081e00000| Untracked 
|  31|0x0000000081f00000, 0x0000000082000000, 0x0000000082000000|100%| O|  |TAMS 0x0000000082000000, 0x0000000081f00000| Untracked 
|  32|0x0000000082000000, 0x0000000082100000, 0x0000000082100000|100%| O|  |TAMS 0x0000000082100000, 0x0000000082000000| Untracked 
|  33|0x0000000082100000, 0x0000000082200000, 0x0000000082200000|100%|HS|  |TAMS 0x0000000082200000, 0x0000000082100000| Complete 
|  34|0x0000000082200000, 0x0000000082300000, 0x0000000082300000|100%|HS|  |TAMS 0x0000000082300000, 0x0000000082200000| Complete 
|  35|0x0000000082300000, 0x0000000082400000, 0x0000000082400000|100%|HS|  |TAMS 0x0000000082400000, 0x0000000082300000| Complete 
|  36|0x0000000082400000, 0x0000000082500000, 0x0000000082500000|100%|HC|  |TAMS 0x0000000082500000, 0x0000000082400000| Complete 
|  37|0x0000000082500000, 0x0000000082600000, 0x0000000082600000|100%|HS|  |TAMS 0x0000000082600000, 0x0000000082500000| Complete 
|  38|0x0000000082600000, 0x0000000082700000, 0x0000000082700000|100%|HS|  |TAMS 0x0000000082700000, 0x0000000082600000| Complete 
|  39|0x0000000082700000, 0x0000000082800000, 0x0000000082800000|100%|HC|  |TAMS 0x0000000082800000, 0x0000000082700000| Complete 
|  40|0x0000000082800000, 0x0000000082900000, 0x0000000082900000|100%|HC|  |TAMS 0x0000000082900000, 0x0000000082800000| Complete 
|  41|0x0000000082900000, 0x0000000082a00000, 0x0000000082a00000|100%|HC|  |TAMS 0x0000000082a00000, 0x0000000082900000| Complete 
|  42|0x0000000082a00000, 0x0000000082b00000, 0x0000000082b00000|100%| O|  |TAMS 0x0000000082b00000, 0x0000000082a00000| Untracked 
|  43|0x0000000082b00000, 0x0000000082c00000, 0x0000000082c00000|100%| O|  |TAMS 0x0000000082c00000, 0x0000000082b00000| Untracked 
|  44|0x0000000082c00000, 0x0000000082d00000, 0x0000000082d00000|100%| O|  |TAMS 0x0000000082d00000, 0x0000000082c00000| Untracked 
|  45|0x0000000082d00000, 0x0000000082e00000, 0x0000000082e00000|100%| O|  |TAMS 0x0000000082e00000, 0x0000000082d00000| Untracked 
|  46|0x0000000082e00000, 0x0000000082f00000, 0x0000000082f00000|100%| O|  |TAMS 0x0000000082f00000, 0x0000000082e00000| Untracked 
|  47|0x0000000082f00000, 0x0000000083000000, 0x0000000083000000|100%| O|  |TAMS 0x0000000083000000, 0x0000000082f00000| Untracked 
|  48|0x0000000083000000, 0x0000000083100000, 0x0000000083100000|100%| O|  |TAMS 0x0000000083100000, 0x0000000083000000| Untracked 
|  49|0x0000000083100000, 0x0000000083200000, 0x0000000083200000|100%| O|  |TAMS 0x0000000083200000, 0x0000000083100000| Untracked 
|  50|0x0000000083200000, 0x0000000083300000, 0x0000000083300000|100%| O|  |TAMS 0x0000000083200000, 0x0000000083200000| Untracked 
|  51|0x0000000083300000, 0x0000000083400000, 0x0000000083400000|100%| O|  |TAMS 0x0000000083400000, 0x0000000083300000| Untracked 
|  52|0x0000000083400000, 0x0000000083500000, 0x0000000083500000|100%| O|  |TAMS 0x0000000083500000, 0x0000000083400000| Untracked 
|  53|0x0000000083500000, 0x0000000083600000, 0x0000000083600000|100%| O|  |TAMS 0x0000000083600000, 0x0000000083500000| Untracked 
|  54|0x0000000083600000, 0x0000000083700000, 0x0000000083700000|100%| O|  |TAMS 0x0000000083700000, 0x0000000083600000| Untracked 
|  55|0x0000000083700000, 0x0000000083800000, 0x0000000083800000|100%| O|  |TAMS 0x0000000083800000, 0x0000000083700000| Untracked 
|  56|0x0000000083800000, 0x0000000083900000, 0x0000000083900000|100%| O|  |TAMS 0x0000000083900000, 0x0000000083800000| Untracked 
|  57|0x0000000083900000, 0x0000000083a00000, 0x0000000083a00000|100%| O|  |TAMS 0x0000000083a00000, 0x0000000083900000| Untracked 
|  58|0x0000000083a00000, 0x0000000083b00000, 0x0000000083b00000|100%| O|  |TAMS 0x0000000083b00000, 0x0000000083a00000| Untracked 
|  59|0x0000000083b00000, 0x0000000083c00000, 0x0000000083c00000|100%| O|  |TAMS 0x0000000083c00000, 0x0000000083b00000| Untracked 
|  60|0x0000000083c00000, 0x0000000083d00000, 0x0000000083d00000|100%| O|  |TAMS 0x0000000083d00000, 0x0000000083c00000| Untracked 
|  61|0x0000000083d00000, 0x0000000083e00000, 0x0000000083e00000|100%| O|  |TAMS 0x0000000083e00000, 0x0000000083d00000| Untracked 
|  62|0x0000000083e00000, 0x0000000083f00000, 0x0000000083f00000|100%| O|  |TAMS 0x0000000083f00000, 0x0000000083e00000| Untracked 
|  63|0x0000000083f00000, 0x0000000084000000, 0x0000000084000000|100%| O|  |TAMS 0x0000000084000000, 0x0000000083f00000| Untracked 
|  64|0x0000000084000000, 0x0000000084100000, 0x0000000084100000|100%| O|  |TAMS 0x0000000084100000, 0x0000000084000000| Untracked 
|  65|0x0000000084100000, 0x0000000084200000, 0x0000000084200000|100%| O|  |TAMS 0x0000000084200000, 0x0000000084100000| Untracked 
|  66|0x0000000084200000, 0x0000000084300000, 0x0000000084300000|100%| O|  |TAMS 0x0000000084300000, 0x0000000084200000| Untracked 
|  67|0x0000000084300000, 0x0000000084400000, 0x0000000084400000|100%| O|  |TAMS 0x0000000084400000, 0x0000000084300000| Untracked 
|  68|0x0000000084400000, 0x0000000084500000, 0x0000000084500000|100%| O|  |TAMS 0x0000000084500000, 0x0000000084400000| Untracked 
|  69|0x0000000084500000, 0x0000000084600000, 0x0000000084600000|100%| O|  |TAMS 0x0000000084600000, 0x0000000084500000| Untracked 
|  70|0x0000000084600000, 0x0000000084700000, 0x0000000084700000|100%| O|  |TAMS 0x0000000084700000, 0x0000000084600000| Untracked 
|  71|0x0000000084700000, 0x0000000084800000, 0x0000000084800000|100%| O|  |TAMS 0x0000000084800000, 0x0000000084700000| Untracked 
|  72|0x0000000084800000, 0x0000000084900000, 0x0000000084900000|100%| O|  |TAMS 0x0000000084900000, 0x0000000084800000| Untracked 
|  73|0x0000000084900000, 0x0000000084a00000, 0x0000000084a00000|100%| O|  |TAMS 0x0000000084a00000, 0x0000000084900000| Untracked 
|  74|0x0000000084a00000, 0x0000000084b00000, 0x0000000084b00000|100%| O|  |TAMS 0x0000000084b00000, 0x0000000084a00000| Untracked 
|  75|0x0000000084b00000, 0x0000000084c00000, 0x0000000084c00000|100%| O|  |TAMS 0x0000000084c00000, 0x0000000084b00000| Untracked 
|  76|0x0000000084c00000, 0x0000000084d00000, 0x0000000084d00000|100%| O|  |TAMS 0x0000000084d00000, 0x0000000084c00000| Untracked 
|  77|0x0000000084d00000, 0x0000000084e00000, 0x0000000084e00000|100%| O|  |TAMS 0x0000000084e00000, 0x0000000084d00000| Untracked 
|  78|0x0000000084e00000, 0x0000000084f00000, 0x0000000084f00000|100%| O|  |TAMS 0x0000000084f00000, 0x0000000084e00000| Untracked 
|  79|0x0000000084f00000, 0x0000000085000000, 0x0000000085000000|100%| O|  |TAMS 0x0000000084f00000, 0x0000000084f00000| Untracked 
|  80|0x0000000085000000, 0x0000000085100000, 0x0000000085100000|100%| O|  |TAMS 0x0000000085000000, 0x0000000085000000| Untracked 
|  81|0x0000000085100000, 0x0000000085200000, 0x0000000085200000|100%| O|  |TAMS 0x0000000085100000, 0x0000000085100000| Untracked 
|  82|0x0000000085200000, 0x0000000085300000, 0x0000000085300000|100%| O|  |TAMS 0x0000000085200000, 0x0000000085200000| Untracked 
|  83|0x0000000085300000, 0x0000000085400000, 0x0000000085400000|100%| O|  |TAMS 0x0000000085300000, 0x0000000085300000| Untracked 
|  84|0x0000000085400000, 0x0000000085500000, 0x0000000085500000|100%| O|  |TAMS 0x0000000085400000, 0x0000000085400000| Untracked 
|  85|0x0000000085500000, 0x0000000085600000, 0x0000000085600000|100%| O|  |TAMS 0x0000000085500000, 0x0000000085500000| Untracked 
|  86|0x0000000085600000, 0x0000000085700000, 0x0000000085700000|100%| O|  |TAMS 0x0000000085600000, 0x0000000085600000| Untracked 
|  87|0x0000000085700000, 0x0000000085800000, 0x0000000085800000|100%| O|  |TAMS 0x0000000085700000, 0x0000000085700000| Untracked 
|  88|0x0000000085800000, 0x0000000085900000, 0x0000000085900000|100%| O|  |TAMS 0x0000000085800000, 0x0000000085800000| Untracked 
|  89|0x0000000085900000, 0x0000000085a00000, 0x0000000085a00000|100%| O|  |TAMS 0x0000000085900000, 0x0000000085900000| Untracked 
|  90|0x0000000085a00000, 0x0000000085b00000, 0x0000000085b00000|100%| O|  |TAMS 0x0000000085a00000, 0x0000000085a00000| Untracked 
|  91|0x0000000085b00000, 0x0000000085c00000, 0x0000000085c00000|100%| O|  |TAMS 0x0000000085b00000, 0x0000000085b00000| Untracked 
|  92|0x0000000085c00000, 0x0000000085d00000, 0x0000000085d00000|100%| O|  |TAMS 0x0000000085c00000, 0x0000000085c00000| Untracked 
|  93|0x0000000085d00000, 0x0000000085e00000, 0x0000000085e00000|100%| O|  |TAMS 0x0000000085d00000, 0x0000000085d00000| Untracked 
|  94|0x0000000085e00000, 0x0000000085f00000, 0x0000000085f00000|100%| O|  |TAMS 0x0000000085e00000, 0x0000000085e00000| Untracked 
|  95|0x0000000085f00000, 0x0000000086000000, 0x0000000086000000|100%| O|  |TAMS 0x0000000085f00000, 0x0000000085f00000| Untracked 
|  96|0x0000000086000000, 0x0000000086100000, 0x0000000086100000|100%| O|  |TAMS 0x0000000086000000, 0x0000000086000000| Untracked 
|  97|0x0000000086100000, 0x0000000086200000, 0x0000000086200000|100%| O|  |TAMS 0x0000000086100000, 0x0000000086100000| Untracked 
|  98|0x0000000086200000, 0x0000000086300000, 0x0000000086300000|100%| O|  |TAMS 0x0000000086200000, 0x0000000086200000| Untracked 
|  99|0x0000000086300000, 0x0000000086400000, 0x0000000086400000|100%| O|  |TAMS 0x0000000086300000, 0x0000000086300000| Untracked 
| 100|0x0000000086400000, 0x0000000086500000, 0x0000000086500000|100%| O|  |TAMS 0x0000000086400000, 0x0000000086400000| Untracked 
| 101|0x0000000086500000, 0x0000000086600000, 0x0000000086600000|100%| O|  |TAMS 0x0000000086500000, 0x0000000086500000| Untracked 
| 102|0x0000000086600000, 0x0000000086700000, 0x0000000086700000|100%| O|  |TAMS 0x0000000086600000, 0x0000000086600000| Untracked 
| 103|0x0000000086700000, 0x0000000086800000, 0x0000000086800000|100%| O|  |TAMS 0x0000000086700000, 0x0000000086700000| Untracked 
| 104|0x0000000086800000, 0x0000000086900000, 0x0000000086900000|100%| O|  |TAMS 0x0000000086800000, 0x0000000086800000| Untracked 
| 105|0x0000000086900000, 0x0000000086a00000, 0x0000000086a00000|100%| O|  |TAMS 0x0000000086900000, 0x0000000086900000| Untracked 
| 106|0x0000000086a00000, 0x0000000086b00000, 0x0000000086b00000|100%| O|  |TAMS 0x0000000086a00000, 0x0000000086a00000| Untracked 
| 107|0x0000000086b00000, 0x0000000086c00000, 0x0000000086c00000|100%| O|  |TAMS 0x0000000086b00000, 0x0000000086b00000| Untracked 
| 108|0x0000000086c00000, 0x0000000086d00000, 0x0000000086d00000|100%| O|  |TAMS 0x0000000086c00000, 0x0000000086c00000| Untracked 
| 109|0x0000000086d00000, 0x0000000086e00000, 0x0000000086e00000|100%| O|  |TAMS 0x0000000086d00000, 0x0000000086d00000| Untracked 
| 110|0x0000000086e00000, 0x0000000086f00000, 0x0000000086f00000|100%| O|  |TAMS 0x0000000086e00000, 0x0000000086e00000| Untracked 
| 111|0x0000000086f00000, 0x0000000087000000, 0x0000000087000000|100%| O|  |TAMS 0x0000000086f00000, 0x0000000086f00000| Untracked 
| 112|0x0000000087000000, 0x0000000087100000, 0x0000000087100000|100%| O|  |TAMS 0x0000000087000000, 0x0000000087000000| Untracked 
| 113|0x0000000087100000, 0x0000000087200000, 0x0000000087200000|100%| O|  |TAMS 0x0000000087100000, 0x0000000087100000| Untracked 
| 114|0x0000000087200000, 0x0000000087300000, 0x0000000087300000|100%| O|  |TAMS 0x0000000087200000, 0x0000000087200000| Untracked 
| 115|0x0000000087300000, 0x0000000087400000, 0x0000000087400000|100%| O|  |TAMS 0x0000000087300000, 0x0000000087300000| Untracked 
| 116|0x0000000087400000, 0x0000000087500000, 0x0000000087500000|100%| O|  |TAMS 0x0000000087400000, 0x0000000087400000| Untracked 
| 117|0x0000000087500000, 0x0000000087600000, 0x0000000087600000|100%| O|  |TAMS 0x0000000087500000, 0x0000000087500000| Untracked 
| 118|0x0000000087600000, 0x0000000087700000, 0x0000000087700000|100%| O|  |TAMS 0x0000000087600000, 0x0000000087600000| Untracked 
| 119|0x0000000087700000, 0x0000000087800000, 0x0000000087800000|100%| O|  |TAMS 0x0000000087700000, 0x0000000087700000| Untracked 
| 120|0x0000000087800000, 0x0000000087900000, 0x0000000087900000|100%| O|  |TAMS 0x0000000087800000, 0x0000000087800000| Untracked 
| 121|0x0000000087900000, 0x0000000087a00000, 0x0000000087a00000|100%| O|  |TAMS 0x0000000087900000, 0x0000000087900000| Untracked 
| 122|0x0000000087a00000, 0x0000000087b00000, 0x0000000087b00000|100%| O|  |TAMS 0x0000000087a00000, 0x0000000087a00000| Untracked 
| 123|0x0000000087b00000, 0x0000000087c00000, 0x0000000087c00000|100%| O|  |TAMS 0x0000000087b00000, 0x0000000087b00000| Untracked 
| 124|0x0000000087c00000, 0x0000000087d00000, 0x0000000087d00000|100%| O|  |TAMS 0x0000000087c00000, 0x0000000087c00000| Untracked 
| 125|0x0000000087d00000, 0x0000000087e00000, 0x0000000087e00000|100%| O|  |TAMS 0x0000000087d00000, 0x0000000087d00000| Untracked 
| 126|0x0000000087e00000, 0x0000000087f00000, 0x0000000087f00000|100%| O|  |TAMS 0x0000000087e00000, 0x0000000087e00000| Untracked 
| 127|0x0000000087f00000, 0x0000000088000000, 0x0000000088000000|100%| O|  |TAMS 0x0000000087f00000, 0x0000000087f00000| Untracked 
| 128|0x0000000088000000, 0x0000000088100000, 0x0000000088100000|100%| O|  |TAMS 0x0000000088000000, 0x0000000088000000| Untracked 
| 129|0x0000000088100000, 0x0000000088200000, 0x0000000088200000|100%| O|  |TAMS 0x0000000088100000, 0x0000000088100000| Untracked 
| 130|0x0000000088200000, 0x0000000088300000, 0x0000000088300000|100%| O|  |TAMS 0x0000000088200000, 0x0000000088200000| Untracked 
| 131|0x0000000088300000, 0x0000000088400000, 0x0000000088400000|100%| O|  |TAMS 0x0000000088300000, 0x0000000088300000| Untracked 
| 132|0x0000000088400000, 0x000000008843f600, 0x0000000088500000| 24%| O|  |TAMS 0x0000000088400000, 0x0000000088400000| Untracked 
| 133|0x0000000088500000, 0x0000000088500000, 0x0000000088600000|  0%| F|  |TAMS 0x0000000088500000, 0x0000000088500000| Untracked 
| 134|0x0000000088600000, 0x0000000088600000, 0x0000000088700000|  0%| F|  |TAMS 0x0000000088600000, 0x0000000088600000| Untracked 
| 135|0x0000000088700000, 0x0000000088700000, 0x0000000088800000|  0%| F|  |TAMS 0x0000000088700000, 0x0000000088700000| Untracked 
| 136|0x0000000088800000, 0x0000000088800000, 0x0000000088900000|  0%| F|  |TAMS 0x0000000088800000, 0x0000000088800000| Untracked 
| 137|0x0000000088900000, 0x0000000088900000, 0x0000000088a00000|  0%| F|  |TAMS 0x0000000088900000, 0x0000000088900000| Untracked 
| 138|0x0000000088a00000, 0x0000000088a00000, 0x0000000088b00000|  0%| F|  |TAMS 0x0000000088a00000, 0x0000000088a00000| Untracked 
| 139|0x0000000088b00000, 0x0000000088b00000, 0x0000000088c00000|  0%| F|  |TAMS 0x0000000088b00000, 0x0000000088b00000| Untracked 
| 140|0x0000000088c00000, 0x0000000088c00000, 0x0000000088d00000|  0%| F|  |TAMS 0x0000000088c00000, 0x0000000088c00000| Untracked 
| 141|0x0000000088d00000, 0x0000000088d00000, 0x0000000088e00000|  0%| F|  |TAMS 0x0000000088d00000, 0x0000000088d00000| Untracked 
| 142|0x0000000088e00000, 0x0000000088e00000, 0x0000000088f00000|  0%| F|  |TAMS 0x0000000088e00000, 0x0000000088e00000| Untracked 
| 143|0x0000000088f00000, 0x0000000088f00000, 0x0000000089000000|  0%| F|  |TAMS 0x0000000088f00000, 0x0000000088f00000| Untracked 
| 144|0x0000000089000000, 0x0000000089000000, 0x0000000089100000|  0%| F|  |TAMS 0x0000000089000000, 0x0000000089000000| Untracked 
| 145|0x0000000089100000, 0x0000000089100000, 0x0000000089200000|  0%| F|  |TAMS 0x0000000089100000, 0x0000000089100000| Untracked 
| 146|0x0000000089200000, 0x0000000089200000, 0x0000000089300000|  0%| F|  |TAMS 0x0000000089200000, 0x0000000089200000| Untracked 
| 147|0x0000000089300000, 0x0000000089300000, 0x0000000089400000|  0%| F|  |TAMS 0x0000000089300000, 0x0000000089300000| Untracked 
| 148|0x0000000089400000, 0x0000000089400000, 0x0000000089500000|  0%| F|  |TAMS 0x0000000089400000, 0x0000000089400000| Untracked 
| 149|0x0000000089500000, 0x0000000089500000, 0x0000000089600000|  0%| F|  |TAMS 0x0000000089500000, 0x0000000089500000| Untracked 
| 150|0x0000000089600000, 0x0000000089600000, 0x0000000089700000|  0%| F|  |TAMS 0x0000000089600000, 0x0000000089600000| Untracked 
| 151|0x0000000089700000, 0x0000000089700000, 0x0000000089800000|  0%| F|  |TAMS 0x0000000089700000, 0x0000000089700000| Untracked 
| 152|0x0000000089800000, 0x0000000089800000, 0x0000000089900000|  0%| F|  |TAMS 0x0000000089800000, 0x0000000089800000| Untracked 
| 153|0x0000000089900000, 0x0000000089900000, 0x0000000089a00000|  0%| F|  |TAMS 0x0000000089900000, 0x0000000089900000| Untracked 
| 154|0x0000000089a00000, 0x0000000089a00000, 0x0000000089b00000|  0%| F|  |TAMS 0x0000000089a00000, 0x0000000089a00000| Untracked 
| 155|0x0000000089b00000, 0x0000000089b00000, 0x0000000089c00000|  0%| F|  |TAMS 0x0000000089b00000, 0x0000000089b00000| Untracked 
| 156|0x0000000089c00000, 0x0000000089c00000, 0x0000000089d00000|  0%| F|  |TAMS 0x0000000089c00000, 0x0000000089c00000| Untracked 
| 157|0x0000000089d00000, 0x0000000089d00000, 0x0000000089e00000|  0%| F|  |TAMS 0x0000000089d00000, 0x0000000089d00000| Untracked 
| 158|0x0000000089e00000, 0x0000000089f00000, 0x0000000089f00000|100%| S|CS|TAMS 0x0000000089e00000, 0x0000000089e00000| Complete 
| 159|0x0000000089f00000, 0x000000008a000000, 0x000000008a000000|100%| S|CS|TAMS 0x0000000089f00000, 0x0000000089f00000| Complete 
| 160|0x000000008a000000, 0x000000008a100000, 0x000000008a100000|100%| S|CS|TAMS 0x000000008a000000, 0x000000008a000000| Complete 
| 161|0x000000008a100000, 0x000000008a200000, 0x000000008a200000|100%| S|CS|TAMS 0x000000008a100000, 0x000000008a100000| Complete 
| 162|0x000000008a200000, 0x000000008a300000, 0x000000008a300000|100%| S|CS|TAMS 0x000000008a200000, 0x000000008a200000| Complete 
| 163|0x000000008a300000, 0x000000008a400000, 0x000000008a400000|100%| S|CS|TAMS 0x000000008a300000, 0x000000008a300000| Complete 
| 164|0x000000008a400000, 0x000000008a400000, 0x000000008a500000|  0%| F|  |TAMS 0x000000008a400000, 0x000000008a400000| Untracked 
| 165|0x000000008a500000, 0x000000008a500000, 0x000000008a600000|  0%| F|  |TAMS 0x000000008a500000, 0x000000008a500000| Untracked 
| 166|0x000000008a600000, 0x000000008a700000, 0x000000008a700000|100%| S|CS|TAMS 0x000000008a600000, 0x000000008a600000| Complete 
| 167|0x000000008a700000, 0x000000008a700000, 0x000000008a800000|  0%| F|  |TAMS 0x000000008a700000, 0x000000008a700000| Untracked 
| 168|0x000000008a800000, 0x000000008a800000, 0x000000008a900000|  0%| F|  |TAMS 0x000000008a800000, 0x000000008a800000| Untracked 
| 169|0x000000008a900000, 0x000000008a900000, 0x000000008aa00000|  0%| F|  |TAMS 0x000000008a900000, 0x000000008a900000| Untracked 
| 170|0x000000008aa00000, 0x000000008aa00000, 0x000000008ab00000|  0%| F|  |TAMS 0x000000008aa00000, 0x000000008aa00000| Untracked 
| 171|0x000000008ab00000, 0x000000008ab00000, 0x000000008ac00000|  0%| F|  |TAMS 0x000000008ab00000, 0x000000008ab00000| Untracked 
| 172|0x000000008ac00000, 0x000000008ac00000, 0x000000008ad00000|  0%| F|  |TAMS 0x000000008ac00000, 0x000000008ac00000| Untracked 
| 173|0x000000008ad00000, 0x000000008ad00000, 0x000000008ae00000|  0%| F|  |TAMS 0x000000008ad00000, 0x000000008ad00000| Untracked 
| 174|0x000000008ae00000, 0x000000008ae00000, 0x000000008af00000|  0%| F|  |TAMS 0x000000008ae00000, 0x000000008ae00000| Untracked 
| 175|0x000000008af00000, 0x000000008af00000, 0x000000008b000000|  0%| F|  |TAMS 0x000000008af00000, 0x000000008af00000| Untracked 
| 176|0x000000008b000000, 0x000000008b000000, 0x000000008b100000|  0%| F|  |TAMS 0x000000008b000000, 0x000000008b000000| Untracked 
| 177|0x000000008b100000, 0x000000008b100000, 0x000000008b200000|  0%| F|  |TAMS 0x000000008b100000, 0x000000008b100000| Untracked 
| 178|0x000000008b200000, 0x000000008b200000, 0x000000008b300000|  0%| F|  |TAMS 0x000000008b200000, 0x000000008b200000| Untracked 
| 179|0x000000008b300000, 0x000000008b300000, 0x000000008b400000|  0%| F|  |TAMS 0x000000008b300000, 0x000000008b300000| Untracked 
| 180|0x000000008b400000, 0x000000008b400000, 0x000000008b500000|  0%| F|  |TAMS 0x000000008b400000, 0x000000008b400000| Untracked 
| 181|0x000000008b500000, 0x000000008b500000, 0x000000008b600000|  0%| F|  |TAMS 0x000000008b500000, 0x000000008b500000| Untracked 
| 182|0x000000008b600000, 0x000000008b600000, 0x000000008b700000|  0%| F|  |TAMS 0x000000008b600000, 0x000000008b600000| Untracked 
| 183|0x000000008b700000, 0x000000008b700000, 0x000000008b800000|  0%| F|  |TAMS 0x000000008b700000, 0x000000008b700000| Untracked 
| 184|0x000000008b800000, 0x000000008b800000, 0x000000008b900000|  0%| F|  |TAMS 0x000000008b800000, 0x000000008b800000| Untracked 
| 185|0x000000008b900000, 0x000000008b900000, 0x000000008ba00000|  0%| F|  |TAMS 0x000000008b900000, 0x000000008b900000| Untracked 
| 186|0x000000008ba00000, 0x000000008ba00000, 0x000000008bb00000|  0%| F|  |TAMS 0x000000008ba00000, 0x000000008ba00000| Untracked 
| 187|0x000000008bb00000, 0x000000008bb00000, 0x000000008bc00000|  0%| F|  |TAMS 0x000000008bb00000, 0x000000008bb00000| Untracked 
| 188|0x000000008bc00000, 0x000000008bc00000, 0x000000008bd00000|  0%| F|  |TAMS 0x000000008bc00000, 0x000000008bc00000| Untracked 
| 189|0x000000008bd00000, 0x000000008bd00000, 0x000000008be00000|  0%| F|  |TAMS 0x000000008bd00000, 0x000000008bd00000| Untracked 
| 190|0x000000008be00000, 0x000000008be00000, 0x000000008bf00000|  0%| F|  |TAMS 0x000000008be00000, 0x000000008be00000| Untracked 
| 191|0x000000008bf00000, 0x000000008bf00000, 0x000000008c000000|  0%| F|  |TAMS 0x000000008bf00000, 0x000000008bf00000| Untracked 
| 192|0x000000008c000000, 0x000000008c000000, 0x000000008c100000|  0%| F|  |TAMS 0x000000008c000000, 0x000000008c000000| Untracked 
| 193|0x000000008c100000, 0x000000008c100000, 0x000000008c200000|  0%| F|  |TAMS 0x000000008c100000, 0x000000008c100000| Untracked 
| 194|0x000000008c200000, 0x000000008c200000, 0x000000008c300000|  0%| F|  |TAMS 0x000000008c200000, 0x000000008c200000| Untracked 
| 195|0x000000008c300000, 0x000000008c300000, 0x000000008c400000|  0%| F|  |TAMS 0x000000008c300000, 0x000000008c300000| Untracked 
| 196|0x000000008c400000, 0x000000008c400000, 0x000000008c500000|  0%| F|  |TAMS 0x000000008c400000, 0x000000008c400000| Untracked 
| 197|0x000000008c500000, 0x000000008c500000, 0x000000008c600000|  0%| F|  |TAMS 0x000000008c500000, 0x000000008c500000| Untracked 
| 198|0x000000008c600000, 0x000000008c600000, 0x000000008c700000|  0%| F|  |TAMS 0x000000008c600000, 0x000000008c600000| Untracked 
| 199|0x000000008c700000, 0x000000008c700000, 0x000000008c800000|  0%| F|  |TAMS 0x000000008c700000, 0x000000008c700000| Untracked 
| 200|0x000000008c800000, 0x000000008c8afd70, 0x000000008c900000| 68%| E|  |TAMS 0x000000008c800000, 0x000000008c800000| Complete 
| 201|0x000000008c900000, 0x000000008ca00000, 0x000000008ca00000|100%| E|CS|TAMS 0x000000008c900000, 0x000000008c900000| Complete 
| 202|0x000000008ca00000, 0x000000008cb00000, 0x000000008cb00000|100%| E|CS|TAMS 0x000000008ca00000, 0x000000008ca00000| Complete 
| 203|0x000000008cb00000, 0x000000008cc00000, 0x000000008cc00000|100%| E|CS|TAMS 0x000000008cb00000, 0x000000008cb00000| Complete 
| 204|0x000000008cc00000, 0x000000008cd00000, 0x000000008cd00000|100%| E|  |TAMS 0x000000008cc00000, 0x000000008cc00000| Complete 
| 205|0x000000008cd00000, 0x000000008ce00000, 0x000000008ce00000|100%| E|CS|TAMS 0x000000008cd00000, 0x000000008cd00000| Complete 
| 206|0x000000008ce00000, 0x000000008cf00000, 0x000000008cf00000|100%| E|CS|TAMS 0x000000008ce00000, 0x000000008ce00000| Complete 
| 209|0x000000008d100000, 0x000000008d200000, 0x000000008d200000|100%| E|CS|TAMS 0x000000008d100000, 0x000000008d100000| Complete 
| 210|0x000000008d200000, 0x000000008d300000, 0x000000008d300000|100%| E|CS|TAMS 0x000000008d200000, 0x000000008d200000| Complete 
| 211|0x000000008d300000, 0x000000008d400000, 0x000000008d400000|100%| E|CS|TAMS 0x000000008d300000, 0x000000008d300000| Complete 
| 212|0x000000008d400000, 0x000000008d500000, 0x000000008d500000|100%| E|CS|TAMS 0x000000008d400000, 0x000000008d400000| Complete 
| 213|0x000000008d500000, 0x000000008d600000, 0x000000008d600000|100%| E|CS|TAMS 0x000000008d500000, 0x000000008d500000| Complete 
| 214|0x000000008d600000, 0x000000008d700000, 0x000000008d700000|100%| E|CS|TAMS 0x000000008d600000, 0x000000008d600000| Complete 
| 215|0x000000008d700000, 0x000000008d800000, 0x000000008d800000|100%| E|CS|TAMS 0x000000008d700000, 0x000000008d700000| Complete 
| 216|0x000000008d800000, 0x000000008d900000, 0x000000008d900000|100%| E|CS|TAMS 0x000000008d800000, 0x000000008d800000| Complete 
| 217|0x000000008d900000, 0x000000008da00000, 0x000000008da00000|100%| E|CS|TAMS 0x000000008d900000, 0x000000008d900000| Complete 
| 218|0x000000008da00000, 0x000000008db00000, 0x000000008db00000|100%| E|CS|TAMS 0x000000008da00000, 0x000000008da00000| Complete 
| 219|0x000000008db00000, 0x000000008dc00000, 0x000000008dc00000|100%| E|CS|TAMS 0x000000008db00000, 0x000000008db00000| Complete 
| 220|0x000000008dc00000, 0x000000008dd00000, 0x000000008dd00000|100%| E|CS|TAMS 0x000000008dc00000, 0x000000008dc00000| Complete 
| 315|0x0000000093b00000, 0x0000000093c00000, 0x0000000093c00000|100%| E|CS|TAMS 0x0000000093b00000, 0x0000000093b00000| Complete 
|2045|0x00000000ffd00000, 0x00000000ffe00000, 0x00000000ffe00000|100%| O|  |TAMS 0x00000000ffe00000, 0x00000000ffd00000| Untracked 
|2046|0x00000000ffe00000, 0x00000000fff00000, 0x00000000fff00000|100%| O|  |TAMS 0x00000000fff00000, 0x00000000ffe00000| Untracked 
|2047|0x00000000fff00000, 0x0000000100000000, 0x0000000100000000|100%| O|  |TAMS 0x0000000100000000, 0x00000000fff00000| Untracked 

Card table byte_map: [0x000002525c410000,0x000002525c810000] _byte_map_base: 0x000002525c010000

Marking Bits (Prev, Next): (CMBitMap*) 0x0000025245418a10, (CMBitMap*) 0x0000025245418a50
 Prev Bits: [0x000002525cc10000, 0x000002525ec10000)
 Next Bits: [0x000002525ec10000, 0x0000025260c10000)

Polling page: 0x0000025243390000

Metaspace:

Usage:
  Non-class:     85.59 MB used.
      Class:     13.16 MB used.
       Both:     98.74 MB used.

Virtual space:
  Non-class space:      128.00 MB reserved,      86.56 MB ( 68%) committed,  2 nodes.
      Class space:        1.00 GB reserved,      14.25 MB (  1%) committed,  1 nodes.
             Both:        1.12 GB reserved,     100.81 MB (  9%) committed. 

Chunk freelists:
   Non-Class:  960.00 KB
       Class:  1.69 MB
        Both:  2.62 MB

MaxMetaspaceSize: unlimited
CompressedClassSpaceSize: 1.00 GB
Initial GC threshold: 21.00 MB
Current GC threshold: 143.25 MB
CDS: on
MetaspaceReclaimPolicy: balanced
 - commit_granule_bytes: 65536.
 - commit_granule_words: 8192.
 - virtual_space_node_default_size: 8388608.
 - enlarge_chunks_in_place: 1.
 - new_chunks_are_fully_committed: 0.
 - uncommit_free_chunks: 1.
 - use_allocation_guard: 0.


Internal statistics:

num_allocs_failed_limit: 6.
num_arena_births: 4060.
num_arena_deaths: 0.
num_vsnodes_births: 3.
num_vsnodes_deaths: 0.
num_space_committed: 1611.
num_space_uncommitted: 0.
num_chunks_returned_to_freelist: 6.
num_chunks_taken_from_freelist: 8757.
num_chunk_merges: 6.
num_chunk_splits: 5669.
num_chunks_enlarged: 3511.
num_inconsistent_stats: 0.

CodeHeap 'non-profiled nmethods': size=120000Kb used=8793Kb max_used=9308Kb free=111206Kb
 bounds [0x00000252547b0000, 0x00000252550d0000, 0x000002525bce0000]
CodeHeap 'profiled nmethods': size=120000Kb used=26725Kb max_used=27668Kb free=93274Kb
 bounds [0x000002524d280000, 0x000002524ed90000, 0x00000252547b0000]
CodeHeap 'non-nmethods': size=5760Kb used=1758Kb max_used=1813Kb free=4001Kb
 bounds [0x000002524cce0000, 0x000002524cf50000, 0x000002524d280000]
 total_blobs=14586 nmethods=13750 adapters=748
 compilation: enabled
              stopped_count=0, restarted_count=0
 full_count=0

Compilation events (20 events):
Event: 120.150 Thread 0x000002526780f8d0 16570       1       org.apache.commons.compress.archivers.zip.ZipFile$NameAndComment::access$100 (5 bytes)
Event: 120.150 Thread 0x000002526780f8d0 nmethod 16570 0x00000252550c6c10 code [0x00000252550c6da0, 0x00000252550c6e58]
Event: 120.150 Thread 0x000002526780f8d0 16571       1       org.apache.commons.compress.archivers.zip.ZipFile$NameAndComment::access$200 (5 bytes)
Event: 120.150 Thread 0x000002526780f8d0 nmethod 16571 0x00000252550c6f10 code [0x00000252550c70a0, 0x00000252550c7158]
Event: 120.150 Thread 0x000002526780f8d0 16572       3       sun.nio.ch.FileChannelImpl::position (6 bytes)
Event: 120.150 Thread 0x000002526780f8d0 nmethod 16572 0x000002524ed7dc10 code [0x000002524ed7dda0, 0x000002524ed7dee8]
Event: 120.150 Thread 0x000002526780f8d0 16573   !   3       sun.nio.ch.FileChannelImpl::position (258 bytes)
Event: 120.152 Thread 0x000002526780f8d0 nmethod 16573 0x000002524ed7df90 code [0x000002524ed7e260, 0x000002524ed7f228]
Event: 120.152 Thread 0x000002526780f8d0 16576       3       java.util.zip.ZipEntry::setExtra0 (493 bytes)
Event: 120.154 Thread 0x000002526780f8d0 nmethod 16576 0x000002524ed7fa10 code [0x000002524ed7fdc0, 0x000002524ed81a78]
Event: 120.154 Thread 0x000002526780f8d0 16574       3       java.nio.HeapByteBuffer::get (64 bytes)
Event: 120.158 Thread 0x000002526780f8d0 nmethod 16574 0x000002524ed82410 code [0x000002524ed82620, 0x000002524ed82ca8]
Event: 120.158 Thread 0x000002526780f8d0 16575       3       org.apache.commons.compress.archivers.zip.ZipShort::getValue (6 bytes)
Event: 120.159 Thread 0x000002526780f8d0 nmethod 16575 0x000002524ed82f90 code [0x000002524ed83140, 0x000002524ed832c8]
Event: 120.159 Thread 0x000002526780f8d0 16577       3       java.nio.ByteBuffer::get (9 bytes)
Event: 120.159 Thread 0x000002526780f8d0 nmethod 16577 0x000002524ed83390 code [0x000002524ed83540, 0x000002524ed83728]
Event: 120.159 Thread 0x000002526780f8d0 16578       3       org.apache.commons.compress.archivers.zip.ZipArchiveEntry::getExtraField (55 bytes)
Event: 120.159 Thread 0x000002526780f8d0 nmethod 16578 0x000002524ed83810 code [0x000002524ed839e0, 0x000002524ed83f68]
Event: 120.159 Thread 0x000002526780f8d0 16579       3       org.apache.commons.compress.archivers.zip.ExtraFieldUtils::mergeLocalFileDataData (232 bytes)
Event: 120.160 Thread 0x000002526780f8d0 nmethod 16579 0x000002524ed84110 code [0x000002524ed843a0, 0x000002524ed85188]

GC Heap History (20 events):
Event: 9.868 GC heap before
{Heap before GC invocations=32 (full 0):
 garbage-first heap   total 228352K, used 180969K [0x0000000080000000, 0x0000000100000000)
  region size 1024K, 83 young (84992K), 8 survivors (8192K)
 Metaspace       used 87966K, committed 89984K, reserved 1179648K
  class space    used 12027K, committed 13120K, reserved 1048576K
}
Event: 9.874 GC heap after
{Heap after GC invocations=33 (full 0):
 garbage-first heap   total 228352K, used 111118K [0x0000000080000000, 0x0000000100000000)
  region size 1024K, 8 young (8192K), 8 survivors (8192K)
 Metaspace       used 87966K, committed 89984K, reserved 1179648K
  class space    used 12027K, committed 13120K, reserved 1048576K
}
Event: 10.493 GC heap before
{Heap before GC invocations=33 (full 0):
 garbage-first heap   total 228352K, used 184846K [0x0000000080000000, 0x0000000100000000)
  region size 1024K, 79 young (80896K), 8 survivors (8192K)
 Metaspace       used 88695K, committed 90752K, reserved 1179648K
  class space    used 12099K, committed 13184K, reserved 1048576K
}
Event: 10.502 GC heap after
{Heap after GC invocations=34 (full 0):
 garbage-first heap   total 228352K, used 119227K [0x0000000080000000, 0x0000000100000000)
  region size 1024K, 10 young (10240K), 10 survivors (10240K)
 Metaspace       used 88695K, committed 90752K, reserved 1179648K
  class space    used 12099K, committed 13184K, reserved 1048576K
}
Event: 16.043 GC heap before
{Heap before GC invocations=34 (full 0):
 garbage-first heap   total 228352K, used 181691K [0x0000000080000000, 0x0000000100000000)
  region size 1024K, 72 young (73728K), 10 survivors (10240K)
 Metaspace       used 89739K, committed 91776K, reserved 1179648K
  class space    used 12258K, committed 13312K, reserved 1048576K
}
Event: 16.047 GC heap after
{Heap after GC invocations=35 (full 0):
 garbage-first heap   total 228352K, used 117525K [0x0000000080000000, 0x0000000100000000)
  region size 1024K, 3 young (3072K), 3 survivors (3072K)
 Metaspace       used 89739K, committed 91776K, reserved 1179648K
  class space    used 12258K, committed 13312K, reserved 1048576K
}
Event: 16.732 GC heap before
{Heap before GC invocations=35 (full 0):
 garbage-first heap   total 228352K, used 184085K [0x0000000080000000, 0x0000000100000000)
  region size 1024K, 69 young (70656K), 3 survivors (3072K)
 Metaspace       used 92200K, committed 94272K, reserved 1179648K
  class space    used 12536K, committed 13632K, reserved 1048576K
}
Event: 16.737 GC heap after
{Heap after GC invocations=36 (full 0):
 garbage-first heap   total 228352K, used 121453K [0x0000000080000000, 0x0000000100000000)
  region size 1024K, 7 young (7168K), 7 survivors (7168K)
 Metaspace       used 92200K, committed 94272K, reserved 1179648K
  class space    used 12536K, committed 13632K, reserved 1048576K
}
Event: 54.295 GC heap before
{Heap before GC invocations=36 (full 0):
 garbage-first heap   total 228352K, used 185965K [0x0000000080000000, 0x0000000100000000)
  region size 1024K, 71 young (72704K), 7 survivors (7168K)
 Metaspace       used 96283K, committed 98432K, reserved 1179648K
  class space    used 13061K, committed 14208K, reserved 1048576K
}
Event: 54.300 GC heap after
{Heap after GC invocations=37 (full 0):
 garbage-first heap   total 228352K, used 122829K [0x0000000080000000, 0x0000000100000000)
  region size 1024K, 2 young (2048K), 2 survivors (2048K)
 Metaspace       used 96283K, committed 98432K, reserved 1179648K
  class space    used 13061K, committed 14208K, reserved 1048576K
}
Event: 86.176 GC heap before
{Heap before GC invocations=37 (full 0):
 garbage-first heap   total 228352K, used 188365K [0x0000000080000000, 0x0000000100000000)
  region size 1024K, 67 young (68608K), 2 survivors (2048K)
 Metaspace       used 99080K, committed 101248K, reserved 1179648K
  class space    used 13256K, committed 14400K, reserved 1048576K
}
Event: 86.181 GC heap after
{Heap after GC invocations=38 (full 0):
 garbage-first heap   total 228352K, used 128981K [0x0000000080000000, 0x0000000100000000)
  region size 1024K, 8 young (8192K), 8 survivors (8192K)
 Metaspace       used 99080K, committed 101248K, reserved 1179648K
  class space    used 13256K, committed 14400K, reserved 1048576K
}
Event: 86.573 GC heap before
{Heap before GC invocations=38 (full 0):
 garbage-first heap   total 228352K, used 188373K [0x0000000080000000, 0x0000000100000000)
  region size 1024K, 67 young (68608K), 8 survivors (8192K)
 Metaspace       used 99279K, committed 101440K, reserved 1179648K
  class space    used 13257K, committed 14400K, reserved 1048576K
}
Event: 86.586 GC heap after
{Heap after GC invocations=39 (full 0):
 garbage-first heap   total 228352K, used 136551K [0x0000000080000000, 0x0000000100000000)
  region size 1024K, 8 young (8192K), 8 survivors (8192K)
 Metaspace       used 99279K, committed 101440K, reserved 1179648K
  class space    used 13257K, committed 14400K, reserved 1048576K
}
Event: 90.775 GC heap before
{Heap before GC invocations=39 (full 0):
 garbage-first heap   total 228352K, used 187751K [0x0000000080000000, 0x0000000100000000)
  region size 1024K, 59 young (60416K), 8 survivors (8192K)
 Metaspace       used 99573K, committed 101824K, reserved 1179648K
  class space    used 13299K, committed 14464K, reserved 1048576K
}
Event: 90.780 GC heap after
{Heap after GC invocations=40 (full 0):
 garbage-first heap   total 228352K, used 139079K [0x0000000080000000, 0x0000000100000000)
  region size 1024K, 3 young (3072K), 3 survivors (3072K)
 Metaspace       used 99573K, committed 101824K, reserved 1179648K
  class space    used 13299K, committed 14464K, reserved 1048576K
}
Event: 119.746 GC heap before
{Heap before GC invocations=40 (full 0):
 garbage-first heap   total 228352K, used 189255K [0x0000000080000000, 0x0000000100000000)
  region size 1024K, 53 young (54272K), 3 survivors (3072K)
 Metaspace       used 99742K, committed 101952K, reserved 1179648K
  class space    used 13303K, committed 14464K, reserved 1048576K
}
Event: 119.748 GC heap after
{Heap after GC invocations=41 (full 0):
 garbage-first heap   total 228352K, used 138964K [0x0000000080000000, 0x0000000100000000)
  region size 1024K, 3 young (3072K), 3 survivors (3072K)
 Metaspace       used 99742K, committed 101952K, reserved 1179648K
  class space    used 13303K, committed 14464K, reserved 1048576K
}
Event: 120.100 GC heap before
{Heap before GC invocations=41 (full 0):
 garbage-first heap   total 228352K, used 191188K [0x0000000080000000, 0x0000000100000000)
  region size 1024K, 55 young (56320K), 3 survivors (3072K)
 Metaspace       used 100817K, committed 103040K, reserved 1179648K
  class space    used 13440K, committed 14592K, reserved 1048576K
}
Event: 120.107 GC heap after
{Heap after GC invocations=42 (full 0):
 garbage-first heap   total 228352K, used 145661K [0x0000000080000000, 0x0000000100000000)
  region size 1024K, 7 young (7168K), 7 survivors (7168K)
 Metaspace       used 100817K, committed 103040K, reserved 1179648K
  class space    used 13440K, committed 14592K, reserved 1048576K
}

Deoptimization events (20 events):
Event: 120.054 Thread 0x0000025269f2cc20 Uncommon trap: trap_request=0xffffff45 fr.pc=0x00000252550be684 relative=0x0000000000000c64
Event: 120.054 Thread 0x0000025269f2cc20 Uncommon trap: reason=unstable_if action=reinterpret pc=0x00000252550be684 method=com.google.common.collect.HashBiMap.insert(Lcom/google/common/collect/HashBiMap$BiEntry;Lcom/google/common/collect/HashBiMap$BiEntry;)V @ 78 c2
Event: 120.054 Thread 0x0000025269f2cc20 DEOPT PACKING pc=0x00000252550be684 sp=0x000000a3f3afdf50
Event: 120.054 Thread 0x0000025269f2cc20 DEOPT UNPACKING pc=0x000002524cd35c23 sp=0x000000a3f3afdf08 mode 2
Event: 120.081 Thread 0x0000025269f2cc20 Uncommon trap: trap_request=0xffffff45 fr.pc=0x0000025254d19f54 relative=0x0000000000000754
Event: 120.081 Thread 0x0000025269f2cc20 Uncommon trap: reason=unstable_if action=reinterpret pc=0x0000025254d19f54 method=org.gradle.internal.io.StreamByteBuffer$StreamByteBufferInputStream.readImpl([BII)I @ 49 c2
Event: 120.081 Thread 0x0000025269f2cc20 DEOPT PACKING pc=0x0000025254d19f54 sp=0x000000a3f3afe6b0
Event: 120.081 Thread 0x0000025269f2cc20 DEOPT UNPACKING pc=0x000002524cd35c23 sp=0x000000a3f3afe560 mode 2
Event: 120.082 Thread 0x0000025269f2cc20 Uncommon trap: trap_request=0xffffff45 fr.pc=0x0000025254bb316c relative=0x000000000000070c
Event: 120.082 Thread 0x0000025269f2cc20 Uncommon trap: reason=unstable_if action=reinterpret pc=0x0000025254bb316c method=org.gradle.internal.io.StreamByteBuffer$StreamByteBufferInputStream.readImpl([BII)I @ 49 c2
Event: 120.082 Thread 0x0000025269f2cc20 DEOPT PACKING pc=0x0000025254bb316c sp=0x000000a3f3afe600
Event: 120.082 Thread 0x0000025269f2cc20 DEOPT UNPACKING pc=0x000002524cd35c23 sp=0x000000a3f3afe550 mode 2
Event: 120.087 Thread 0x0000025269f31450 Uncommon trap: trap_request=0xffffff45 fr.pc=0x0000025254a9abf8 relative=0x0000000000000138
Event: 120.087 Thread 0x0000025269f31450 Uncommon trap: reason=unstable_if action=reinterpret pc=0x0000025254a9abf8 method=java.lang.invoke.MethodHandles$Lookup.checkAccess(BLjava/lang/Class;Ljava/lang/invoke/MemberName;)V @ 64 c2
Event: 120.087 Thread 0x0000025269f31450 DEOPT PACKING pc=0x0000025254a9abf8 sp=0x000000a3f48fce20
Event: 120.087 Thread 0x0000025269f31450 DEOPT UNPACKING pc=0x000002524cd35c23 sp=0x000000a3f48fcda8 mode 2
Event: 120.093 Thread 0x0000025269f31450 Uncommon trap: trap_request=0xffffff45 fr.pc=0x0000025254c68010 relative=0x00000000000001f0
Event: 120.093 Thread 0x0000025269f31450 Uncommon trap: reason=unstable_if action=reinterpret pc=0x0000025254c68010 method=jdk.internal.util.ArraysSupport.mismatch([B[BI)I @ 60 c2
Event: 120.093 Thread 0x0000025269f31450 DEOPT PACKING pc=0x0000025254c68010 sp=0x000000a3f48fe020
Event: 120.093 Thread 0x0000025269f31450 DEOPT UNPACKING pc=0x000002524cd35c23 sp=0x000000a3f48fdf68 mode 2

Classes loaded (20 events):
Event: 85.810 Loading class jdk/internal/math/FormattedFloatingDecimal$2
Event: 85.810 Loading class jdk/internal/math/FormattedFloatingDecimal$2 done
Event: 87.050 Loading class java/lang/ProcessBuilder$NullInputStream
Event: 87.050 Loading class java/lang/ProcessBuilder$NullInputStream done
Event: 87.050 Loading class java/util/concurrent/Semaphore$NonfairSync
Event: 87.050 Loading class java/util/concurrent/Semaphore$Sync
Event: 87.050 Loading class java/util/concurrent/Semaphore$Sync done
Event: 87.050 Loading class java/util/concurrent/Semaphore$NonfairSync done
Event: 91.798 Loading class java/rmi/server/Unreferenced
Event: 91.798 Loading class java/rmi/server/Unreferenced done
Event: 119.816 Loading class java/util/zip/ZipFile$ZipEntryIterator
Event: 119.816 Loading class java/util/zip/ZipFile$ZipEntryIterator done
Event: 120.008 Loading class java/util/AbstractMap$2
Event: 120.008 Loading class java/util/AbstractMap$2 done
Event: 120.057 Loading class java/util/PrimitiveIterator$OfInt
Event: 120.057 Loading class java/util/PrimitiveIterator
Event: 120.057 Loading class java/util/PrimitiveIterator done
Event: 120.057 Loading class java/util/PrimitiveIterator$OfInt done
Event: 120.072 Loading class java/io/SequenceInputStream
Event: 120.072 Loading class java/io/SequenceInputStream done

Classes unloaded (0 events):
No events

Classes redefined (0 events):
No events

Internal exceptions (20 events):
Event: 86.193 Thread 0x00000252695434e0 Exception <a 'sun/nio/fs/WindowsException'{0x000000008dc21cd8}> (0x000000008dc21cd8) 
thrown [s\open\src\hotspot\share\prims\jni.cpp, line 516]
Event: 86.193 Thread 0x00000252695434e0 Exception <a 'sun/nio/fs/WindowsException'{0x000000008dc23340}> (0x000000008dc23340) 
thrown [s\open\src\hotspot\share\prims\jni.cpp, line 516]
Event: 86.228 Thread 0x00000252695434e0 Exception <a 'sun/nio/fs/WindowsException'{0x000000008d915c80}> (0x000000008d915c80) 
thrown [s\open\src\hotspot\share\prims\jni.cpp, line 516]
Event: 86.629 Thread 0x00000252696c03a0 Implicit null exception at 0x0000025254d3b300 to 0x0000025254d3c424
Event: 87.019 Thread 0x0000025269f2edd0 Exception <a 'java/net/ConnectException'{0x000000008b9d6688}: Connection refused: connect> (0x000000008b9d6688) 
thrown [s\open\src\hotspot\share\prims\jni.cpp, line 535]
Event: 87.019 Thread 0x0000025269f2edd0 Exception <a 'java/net/SocketException'{0x000000008b9dba78}: Socket is not connected: shutdown> (0x000000008b9dba78) 
thrown [s\open\src\hotspot\share\prims\jni.cpp, line 535]
Event: 87.030 Thread 0x0000025269f2edd0 Exception <a 'java/net/ConnectException'{0x000000008b9dc7f8}: Connection refused: connect> (0x000000008b9dc7f8) 
thrown [s\open\src\hotspot\share\prims\jni.cpp, line 535]
Event: 87.030 Thread 0x0000025269f2edd0 Exception <a 'java/net/SocketException'{0x000000008b9dd080}: Socket is not connected: shutdown> (0x000000008b9dd080) 
thrown [s\open\src\hotspot\share\prims\jni.cpp, line 535]
Event: 87.040 Thread 0x0000025269f2edd0 Exception <a 'java/net/ConnectException'{0x000000008b9dde00}: Connection refused: connect> (0x000000008b9dde00) 
thrown [s\open\src\hotspot\share\prims\jni.cpp, line 535]
Event: 87.040 Thread 0x0000025269f2edd0 Exception <a 'java/net/SocketException'{0x000000008b74ccf8}: Socket is not connected: shutdown> (0x000000008b74ccf8) 
thrown [s\open\src\hotspot\share\prims\jni.cpp, line 535]
Event: 87.433 Thread 0x0000025269f2f770 Exception <a 'java/lang/InterruptedException'{0x000000008b7ed020}> (0x000000008b7ed020) 
thrown [s\open\src\hotspot\share\runtime\objectMonitor.cpp, line 1661]
Event: 90.512 Thread 0x00000252696be1f0 Exception <a 'java/lang/NoSuchMethodError'{0x000000008b5b5028}: 'void java.lang.invoke.DirectMethodHandle$Holder.invokeInterface(java.lang.Object, java.lang.Object, int, java.lang.Object)'> (0x000000008b5b5028) 
thrown [s\open\src\hotspot\share\interpreter\linkResolver.cpp, line 759]
Event: 90.512 Thread 0x00000252696be1f0 Exception <a 'java/lang/NoSuchMethodError'{0x000000008b5b8e68}: 'void java.lang.invoke.DelegatingMethodHandle$Holder.reinvoke_L(java.lang.Object, java.lang.Object, int, java.lang.Object)'> (0x000000008b5b8e68) 
thrown [s\open\src\hotspot\share\interpreter\linkResolver.cpp, line 759]
Event: 90.518 Thread 0x00000252696be1f0 Exception <a 'java/lang/NoSuchMethodError'{0x000000008b5d4d68}: 'void java.lang.invoke.DelegatingMethodHandle$Holder.reinvoke_L(java.lang.Object, java.lang.Object, int, int, java.lang.Object, java.lang.Object)'> (0x000000008b5d4d68) 
thrown [s\open\src\hotspot\share\interpreter\linkResolver.cpp, line 759]
Event: 90.966 Thread 0x0000025269f2da90 Exception <a 'java/lang/InterruptedException'{0x000000008be7cde8}> (0x000000008be7cde8) 
thrown [s\open\src\hotspot\share\runtime\objectMonitor.cpp, line 1661]
Event: 119.810 Thread 0x000002527200ead0 Exception <a 'java/lang/NoSuchMethodError'{0x000000008d3716f0}: static Ljava/lang/Object;.<clinit>()V> (0x000000008d3716f0) 
thrown [s\open\src\hotspot\share\prims\jni.cpp, line 1104]
Event: 119.824 Thread 0x000002527200ead0 Implicit null exception at 0x00000252549b675c to 0x00000252549b67e5
Event: 119.824 Thread 0x000002527200ead0 Implicit null exception at 0x00000252548d2915 to 0x00000252548d3150
Event: 119.938 Thread 0x000002527200ead0 Implicit null exception at 0x0000025254aecafc to 0x0000025254aecd84
Event: 119.949 Thread 0x000002527200ead0 Implicit null exception at 0x0000025254e7c9d0 to 0x0000025254e7ca19

VM Operations (20 events):
Event: 120.063 Executing VM operation: HandshakeAllThreads
Event: 120.063 Executing VM operation: HandshakeAllThreads done
Event: 120.065 Executing VM operation: HandshakeAllThreads
Event: 120.065 Executing VM operation: HandshakeAllThreads done
Event: 120.076 Executing VM operation: HandshakeAllThreads
Event: 120.076 Executing VM operation: HandshakeAllThreads done
Event: 120.086 Executing VM operation: HandshakeAllThreads
Event: 120.086 Executing VM operation: HandshakeAllThreads done
Event: 120.087 Executing VM operation: HandshakeAllThreads
Event: 120.088 Executing VM operation: HandshakeAllThreads done
Event: 120.090 Executing VM operation: HandshakeAllThreads
Event: 120.090 Executing VM operation: HandshakeAllThreads done
Event: 120.100 Executing VM operation: G1CollectForAllocation
Event: 120.107 Executing VM operation: G1CollectForAllocation done
Event: 120.155 Executing VM operation: HandshakeAllThreads
Event: 120.156 Executing VM operation: HandshakeAllThreads done
Event: 120.157 Executing VM operation: HandshakeAllThreads
Event: 120.158 Executing VM operation: HandshakeAllThreads done
Event: 120.158 Executing VM operation: HandshakeAllThreads
Event: 120.158 Executing VM operation: HandshakeAllThreads done

Events (20 events):
Event: 120.163 Thread 0x000002526781c600 flushing nmethod 0x000002524d31b490
Event: 120.163 Thread 0x000002526781c600 flushing nmethod 0x000002524d31bc10
Event: 120.163 Thread 0x000002526781c600 flushing nmethod 0x000002524d334990
Event: 120.164 Thread 0x000002526781c600 flushing nmethod 0x000002524d354b90
Event: 120.164 Thread 0x000002526781c600 flushing nmethod 0x000002524d375510
Event: 120.164 Thread 0x000002526781c600 flushing nmethod 0x000002524d38c390
Event: 120.164 Thread 0x000002526781c600 flushing nmethod 0x000002524d38fc10
Event: 120.164 Thread 0x000002526781c600 flushing nmethod 0x000002524d397990
Event: 120.164 Thread 0x000002526781c600 flushing nmethod 0x000002524d39db10
Event: 120.164 Thread 0x000002526781c600 flushing nmethod 0x000002524d3a0610
Event: 120.164 Thread 0x000002526781c600 flushing nmethod 0x000002524d3fd590
Event: 120.164 Thread 0x000002526781c600 flushing nmethod 0x000002524d3fee10
Event: 120.164 Thread 0x000002526781c600 flushing nmethod 0x000002524d419190
Event: 120.164 Thread 0x000002526781c600 flushing nmethod 0x000002524d430890
Event: 120.164 Thread 0x000002526781c600 flushing nmethod 0x000002524d467310
Event: 120.164 Thread 0x000002526781c600 flushing nmethod 0x000002524d46e210
Event: 120.164 Thread 0x000002526781c600 flushing nmethod 0x000002524d49af10
Event: 120.164 Thread 0x000002526781c600 flushing nmethod 0x000002524d4bdb10
Event: 120.164 Thread 0x000002526781c600 flushing nmethod 0x000002524d4e5a90
Event: 120.164 Thread 0x000002526781c600 flushing nmethod 0x000002524d4ea390


Dynamic libraries:
0x00007ff797c70000 - 0x00007ff797c80000 	C:\Program Files\Java\jdk-18.0.2\bin\java.exe
0x00007ff97f8e0000 - 0x00007ff97fb46000 	C:\WINDOWS\SYSTEM32\ntdll.dll
0x00007ff97e120000 - 0x00007ff97e1e9000 	C:\WINDOWS\System32\KERNEL32.DLL
0x00007ff97cf80000 - 0x00007ff97d34c000 	C:\WINDOWS\System32\KERNELBASE.dll
0x00007ff97d550000 - 0x00007ff97d69b000 	C:\WINDOWS\System32\ucrtbase.dll
0x00007ff95f870000 - 0x00007ff95f888000 	C:\Program Files\Java\jdk-18.0.2\bin\jli.dll
0x00007ff95ce60000 - 0x00007ff95ce7a000 	C:\Program Files\Java\jdk-18.0.2\bin\VCRUNTIME140.dll
0x00007ff97f7b0000 - 0x00007ff97f862000 	C:\WINDOWS\System32\ADVAPI32.dll
0x00007ff97df30000 - 0x00007ff97dfd9000 	C:\WINDOWS\System32\msvcrt.dll
0x00007ff97e070000 - 0x00007ff97e116000 	C:\WINDOWS\System32\sechost.dll
0x00007ff97dc60000 - 0x00007ff97dd76000 	C:\WINDOWS\System32\RPCRT4.dll
0x00007ff97edb0000 - 0x00007ff97ef7a000 	C:\WINDOWS\System32\USER32.dll
0x00007ff97d520000 - 0x00007ff97d547000 	C:\WINDOWS\System32\win32u.dll
0x00007ff95f110000 - 0x00007ff95f3aa000 	C:\WINDOWS\WinSxS\amd64_microsoft.windows.common-controls_6595b64144ccf1df_6.0.26100.3912_none_3e07963ce335137e\COMCTL32.dll
0x00007ff97f870000 - 0x00007ff97f89b000 	C:\WINDOWS\System32\GDI32.dll
0x00007ff97d350000 - 0x00007ff97d482000 	C:\WINDOWS\System32\gdi32full.dll
0x00007ff97ce10000 - 0x00007ff97ceb3000 	C:\WINDOWS\System32\msvcp_win.dll
0x00007ff96c170000 - 0x00007ff96c17b000 	C:\WINDOWS\SYSTEM32\VERSION.dll
0x00007ff97de30000 - 0x00007ff97de60000 	C:\WINDOWS\System32\IMM32.DLL
0x00007ff978810000 - 0x00007ff97881c000 	C:\Program Files\Java\jdk-18.0.2\bin\vcruntime140_1.dll
0x00007ff93b670000 - 0x00007ff93b6fd000 	C:\Program Files\Java\jdk-18.0.2\bin\msvcp140.dll
0x00007ff8e48b0000 - 0x00007ff8e54c1000 	C:\Program Files\Java\jdk-18.0.2\bin\server\jvm.dll
0x00007ff97dc50000 - 0x00007ff97dc58000 	C:\WINDOWS\System32\PSAPI.DLL
0x00007ff970cf0000 - 0x00007ff970d26000 	C:\WINDOWS\SYSTEM32\WINMM.dll
0x00007ff95dad0000 - 0x00007ff95dada000 	C:\WINDOWS\SYSTEM32\WSOCK32.dll
0x00007ff97ddb0000 - 0x00007ff97de24000 	C:\WINDOWS\System32\WS2_32.dll
0x00007ff97b830000 - 0x00007ff97b84a000 	C:\WINDOWS\SYSTEM32\kernel.appcore.dll
0x00007ff95ccb0000 - 0x00007ff95ccba000 	C:\Program Files\Java\jdk-18.0.2\bin\jimage.dll
0x00007ff979d60000 - 0x00007ff979fa1000 	C:\WINDOWS\SYSTEM32\DBGHELP.DLL
0x00007ff97f420000 - 0x00007ff97f7a4000 	C:\WINDOWS\System32\combase.dll
0x00007ff97e9b0000 - 0x00007ff97ea90000 	C:\WINDOWS\System32\OLEAUT32.dll
0x00007ff959430000 - 0x00007ff959469000 	C:\WINDOWS\SYSTEM32\dbgcore.DLL
0x00007ff97cd70000 - 0x00007ff97ce09000 	C:\WINDOWS\System32\bcryptPrimitives.dll
0x00007ff945310000 - 0x00007ff945335000 	C:\Program Files\Java\jdk-18.0.2\bin\java.dll
0x00007ff93b590000 - 0x00007ff93b666000 	C:\Program Files\Java\jdk-18.0.2\bin\jsvml.dll
0x00007ff97e1f0000 - 0x00007ff97e91d000 	C:\WINDOWS\System32\SHELL32.dll
0x00007ff97cbf0000 - 0x00007ff97cd64000 	C:\WINDOWS\System32\wintypes.dll
0x00007ff97a700000 - 0x00007ff97af56000 	C:\WINDOWS\SYSTEM32\windows.storage.dll
0x00007ff97db50000 - 0x00007ff97dc3f000 	C:\WINDOWS\System32\SHCORE.dll
0x00007ff97de70000 - 0x00007ff97ded9000 	C:\WINDOWS\System32\shlwapi.dll
0x00007ff97c980000 - 0x00007ff97c9af000 	C:\WINDOWS\SYSTEM32\profapi.dll
0x00007ff949310000 - 0x00007ff949323000 	C:\Program Files\Java\jdk-18.0.2\bin\net.dll
0x00007ff974410000 - 0x00007ff97452e000 	C:\WINDOWS\SYSTEM32\WINHTTP.dll
0x00007ff97bda0000 - 0x00007ff97be0a000 	C:\WINDOWS\system32\mswsock.dll
0x00007ff945400000 - 0x00007ff945416000 	C:\Program Files\Java\jdk-18.0.2\bin\nio.dll
0x00007ff93f050000 - 0x00007ff93f068000 	C:\Program Files\Java\jdk-18.0.2\bin\zip.dll
0x00007ff948200000 - 0x00007ff948210000 	C:\Program Files\Java\jdk-18.0.2\bin\verify.dll
0x00007ff959de0000 - 0x00007ff959e07000 	C:\Users\hp\.gradle\native\68d5fa5c4cc2d200863cafc0d521ce42e7d3e7ee720ec0a83991735586a16f82\windows-amd64\native-platform.dll
0x00007ff93afa0000 - 0x00007ff93b0e4000 	C:\Users\hp\.gradle\native\e376f236ea51e6404a007f0833ffe2c6e607c4080706a723a18a27aeea778392\windows-amd64\native-platform-file-events.dll
0x00007ff947eb0000 - 0x00007ff947eb9000 	C:\Program Files\Java\jdk-18.0.2\bin\management.dll
0x00007ff947b10000 - 0x00007ff947b1b000 	C:\Program Files\Java\jdk-18.0.2\bin\management_ext.dll
0x00007ff97c050000 - 0x00007ff97c06c000 	C:\WINDOWS\SYSTEM32\CRYPTSP.dll
0x00007ff97b790000 - 0x00007ff97b7ca000 	C:\WINDOWS\system32\rsaenh.dll
0x00007ff97be40000 - 0x00007ff97be6b000 	C:\WINDOWS\SYSTEM32\USERENV.dll
0x00007ff97c950000 - 0x00007ff97c976000 	C:\WINDOWS\SYSTEM32\bcrypt.dll
0x00007ff97c040000 - 0x00007ff97c04c000 	C:\WINDOWS\SYSTEM32\CRYPTBASE.dll
0x00007ff97b2c0000 - 0x00007ff97b2f3000 	C:\WINDOWS\SYSTEM32\IPHLPAPI.DLL
0x00007ff97f410000 - 0x00007ff97f41a000 	C:\WINDOWS\System32\NSI.dll
0x00007ff9745b0000 - 0x00007ff9745cf000 	C:\WINDOWS\SYSTEM32\dhcpcsvc6.DLL
0x00007ff974570000 - 0x00007ff974595000 	C:\WINDOWS\SYSTEM32\dhcpcsvc.DLL
0x00007ff97b360000 - 0x00007ff97b487000 	C:\WINDOWS\SYSTEM32\DNSAPI.dll
0x00007ff95f680000 - 0x00007ff95f698000 	C:\WINDOWS\system32\napinsp.dll
0x00007ff95b800000 - 0x00007ff95b812000 	C:\WINDOWS\System32\winrnr.dll
0x00007ff9494f0000 - 0x00007ff949520000 	C:\WINDOWS\system32\nlansp_c.dll
0x00007ff96c180000 - 0x00007ff96c196000 	C:\WINDOWS\system32\wshbth.dll
0x00007ff96c0e0000 - 0x00007ff96c0eb000 	C:\Windows\System32\rasadhlp.dll
0x00007ff974810000 - 0x00007ff974896000 	C:\WINDOWS\System32\fwpuclnt.dll
0x00007ff93fb00000 - 0x00007ff93fb07000 	C:\Program Files\Java\jdk-18.0.2\bin\rmi.dll
0x00007ff93bc30000 - 0x00007ff93bc4e000 	C:\Users\hp\AppData\Local\Temp\native-platform6380526195883143250dir\native-platform.dll

dbghelp: loaded successfully - version: 4.0.5 - missing functions: none
symbol engine: initialized successfully - sym options: 0x614 - pdb path: .;C:\Program Files\Java\jdk-18.0.2\bin;C:\WINDOWS\SYSTEM32;C:\WINDOWS\WinSxS\amd64_microsoft.windows.common-controls_6595b64144ccf1df_6.0.26100.3912_none_3e07963ce335137e;C:\Program Files\Java\jdk-18.0.2\bin\server;C:\Users\hp\.gradle\native\68d5fa5c4cc2d200863cafc0d521ce42e7d3e7ee720ec0a83991735586a16f82\windows-amd64;C:\Users\hp\.gradle\native\e376f236ea51e6404a007f0833ffe2c6e607c4080706a723a18a27aeea778392\windows-amd64;C:\Users\hp\AppData\Local\Temp\native-platform6380526195883143250dir

VM Arguments:
jvm_args: --add-opens=java.base/java.util=ALL-UNNAMED --add-opens=java.base/java.lang=ALL-UNNAMED --add-opens=java.base/java.lang.invoke=ALL-UNNAMED --add-opens=java.prefs/java.util.prefs=ALL-UNNAMED --add-opens=java.base/java.nio.charset=ALL-UNNAMED --add-opens=java.base/java.net=ALL-UNNAMED --add-opens=java.base/java.util.concurrent.atomic=ALL-UNNAMED -Xmx2048m -Dfile.encoding=UTF-8 -Duser.country=US -Duser.language=en -Duser.variant 
java_command: org.gradle.launcher.daemon.bootstrap.GradleDaemon 8.0
java_class_path (initial): C:\Users\hp\.gradle\wrapper\dists\gradle-8.0-bin\ca5e32bp14vu59qr306oxotwh\gradle-8.0\lib\gradle-launcher-8.0.jar
Launcher Type: SUN_STANDARD

[Global flags]
     intx CICompilerCount                          = 4                                         {product} {ergonomic}
     uint ConcGCThreads                            = 2                                         {product} {ergonomic}
     uint G1ConcRefinementThreads                  = 8                                         {product} {ergonomic}
   size_t G1HeapRegionSize                         = 1048576                                   {product} {ergonomic}
    uintx GCDrainStackTargetSize                   = 64                                        {product} {ergonomic}
   size_t InitialHeapSize                          = 331350016                                 {product} {ergonomic}
   size_t MarkStackSize                            = 4194304                                   {product} {ergonomic}
   size_t MaxHeapSize                              = 2147483648                                {product} {command line}
   size_t MaxNewSize                               = 1287651328                                {product} {ergonomic}
   size_t MinHeapDeltaBytes                        = 1048576                                   {product} {ergonomic}
   size_t MinHeapSize                              = 8388608                                   {product} {ergonomic}
    uintx NonNMethodCodeHeapSize                   = 5839372                                {pd product} {ergonomic}
    uintx NonProfiledCodeHeapSize                  = 122909434                              {pd product} {ergonomic}
    uintx ProfiledCodeHeapSize                     = 122909434                              {pd product} {ergonomic}
    uintx ReservedCodeCacheSize                    = 251658240                              {pd product} {ergonomic}
     bool SegmentedCodeCache                       = true                                      {product} {ergonomic}
   size_t SoftMaxHeapSize                          = 2147483648                             {manageable} {ergonomic}
     bool UseCompressedClassPointers               = true                           {product lp64_product} {ergonomic}
     bool UseCompressedOops                        = true                           {product lp64_product} {ergonomic}
     bool UseG1GC                                  = true                                      {product} {ergonomic}
     bool UseLargePagesIndividualAllocation        = false                                  {pd product} {ergonomic}

Logging:
Log output configuration:
 #0: stdout all=warning uptime,level,tags foldmultilines=false
 #1: stderr all=off uptime,level,tags foldmultilines=false

Environment Variables:
JAVA_HOME=C:\Program Files\Java\jdk-18.0.2
PATH=C:\Program Files (x86)\VMware\VMware Workstation\bin\;C:\Program Files\Microsoft MPI\Bin\;C:\Program Files\Common Files\Oracle\Java\javapath;"C:\Program Files\Java\jdk-18.0.2\bin;C:\Program Files\Common Files\Oracle\Java\javapath";C:\Program Files (x86)\mingw-w64\i686-8.1.0-posix-dwarf-rt_v6-rev0\mingw32\i686-w64-mingw32\bin;C:\WINDOWS\system32;C:\WINDOWS;C:\WINDOWS\System32\Wbem;C:\WINDOWS\System32\WindowsPowerShell\v1.0\;C:\WINDOWS\System32\OpenSSH\;C:\Program Files (x86)\mingw-w64\i686-8.1.0-posix-dwarf-rt_v6-rev0\mingw32\bin;C:\Program Files\Microsoft SQL Server\Client SDK\ODBC\170\Tools\Binn\;C:\Program Files (x86)\Microsoft SQL Server\150\Tools\Binn\;C:\Program Files\Microsoft SQL Server\150\Tools\Binn\;C:\Program Files\Microsoft SQL Server\150\DTS\Binn\;C:\Program Files (x86)\Rational\common;C:\Program Files\Microsoft SQL Server\130\Tools\Binn\;C:\Program Files\PHP;C:\Program Files\nodejs\;C:\Program Files\dotnet\;C:\Program Files\Microsoft VS Code\bin;C:\Program Files (x86)\Microsoft SQL Server\160\DTS\Binn\;C:\Program Files\Git\cmd;C:\Program Files\Java\jdk-18.0.2\bin;;C:\WINDOWS\system32;C:\WINDOWS;C:\WINDOWS\System32\Wbem;C:\WINDOWS\System32\WindowsPowerShell\v1.0\;C:\WINDOWS\System32\OpenSSH\;C:\Users\hp\AppData\Local\Programs\Python\Python312\Scripts\;C:\Users\hp\AppData\Local\Programs\Python\Python312\;C:\Users\hp\AppData\Local\Programs\Python\Launcher\;C:\Users\hp\scoop\shims;C:\Program Files\Java\jdk-18.0.2\bin;C:\Program Files\JetBrains\IntelliJ IDEA 2021.2.3\bin;;C:\Program Files (x86)\SSH Communications Security\SSH Secure Shell;C:\Users\hp\AppData\Local\Microsoft\WindowsApps;C:\Users\hp\AppData\Roaming\npm;C:\Program Files\heroku\bin;C:\Users\hp\.dotnet\tools;C:\src\flutter\bin;C:\Users\hp\AppData\Local\Programs\oh-my-posh\bin;
USERNAME=HoangLinhSama
OS=Windows_NT
PROCESSOR_IDENTIFIER=Intel64 Family 6 Model 140 Stepping 1, GenuineIntel



---------------  S Y S T E M  ---------------

OS:
 Windows 11 , 64 bit Build 26100 (10.0.26100.3912)
OS uptime: 8 days 0:13 hours

CPU: total 8 (initial active 8) (4 cores per cpu, 2 threads per core) family 6 model 140 stepping 1 microcode 0xb4, cx8, cmov, fxsr, ht, mmx, 3dnowpref, sse, sse2, sse3, ssse3, sse4.1, sse4.2, popcnt, lzcnt, tsc, tscinvbit, avx, avx2, aes, erms, clmul, bmi1, bmi2, adx, avx512f, avx512dq, avx512cd, avx512bw, avx512vl, sha, fma, vzeroupper, avx512_vpopcntdq, avx512_vpclmulqdq, avx512_vaes, avx512_vnni, clflush, clflushopt, clwb, avx512_vbmi2, avx512_vbmi

Memory: 4k page, system-wide physical 20122M (4144M free)
TotalPageFile size 21997M (AvailPageFile size 9M)
current process WorkingSet (physical memory assigned to process): 522M, peak: 522M
current process commit charge ("private bytes"): 567M, peak: 567M

vm_info: Java HotSpot(TM) 64-Bit Server VM (18.0.2+9-61) for windows-amd64 JRE (18.0.2+9-61), built on Jun  7 2022 13:09:01 by "mach5one" with MS VC++ 16.8 / 16.9 (VS2019)

END.
